2025-06-03 22:25:35.358 | CRITICAL | src.core.orchestrator          | initialize_subsystems | Subsystem initialization failed: 'ConnectionPoolManager' object has no attribute 'pre_warm'
Traceback (most recent call last):
  File "/Users/macbookpro_ronald/Documents/Personal/Projects/bruce_springsteen_monitor/src/core/orchestrator.py", line 249, in initialize_subsystems
    await self.connection_pool.pre_warm(count=min(5, profile_count))
          ^^^^^^^^^^^^^^^^^^^^^^^^^^^^^
AttributeError: 'ConnectionPoolManager' object has no attribute 'pre_warm'
2025-06-03 22:25:35.359 | CRITICAL | src.core.orchestrator          | run                  | Cannot run - initialization failed
2025-06-03 22:25:35.418 | CRITICAL | __main__                       | main_cli             | Fatal error: 'UnifiedOrchestrator' object has no attribute 'graceful_shutdown'
Traceback (most recent call last):
  File "/Users/macbookpro_ronald/Documents/Personal/Projects/bruce_springsteen_monitor/src/main.py", line 522, in main_cli
    asyncio.run(async_main_logic(config, _stop_event_asyncio))
    ~~~~~~~~~~~^^^^^^^^^^^^^^^^^^^^^^^^^^^^^^^^^^^^^^^^^^^^^^^
  File "/Library/Frameworks/Python.framework/Versions/3.13/lib/python3.13/asyncio/runners.py", line 195, in run
    return runner.run(main)
           ~~~~~~~~~~^^^^^^
  File "/Library/Frameworks/Python.framework/Versions/3.13/lib/python3.13/asyncio/runners.py", line 118, in run
    return self._loop.run_until_complete(task)
           ~~~~~~~~~~~~~~~~~~~~~~~~~~~~~^^^^^^
  File "/Library/Frameworks/Python.framework/Versions/3.13/lib/python3.13/asyncio/base_events.py", line 725, in run_until_complete
    return future.result()
           ~~~~~~~~~~~~~^^
  File "/Users/macbookpro_ronald/Documents/Personal/Projects/bruce_springsteen_monitor/src/main.py", line 269, in async_main_logic
    await _orchestrator_instance.graceful_shutdown()
          ^^^^^^^^^^^^^^^^^^^^^^^^^^^^^^^^^^^^^^^^
AttributeError: 'UnifiedOrchestrator' object has no attribute 'graceful_shutdown'
2025-06-03 22:25:40.436 | CRITICAL | src.core.orchestrator          | initialize_subsystems | Subsystem initialization failed: 'ConnectionPoolManager' object has no attribute 'pre_warm'
Traceback (most recent call last):
  File "/Users/macbookpro_ronald/Documents/Personal/Projects/bruce_springsteen_monitor/src/core/orchestrator.py", line 249, in initialize_subsystems
    await self.connection_pool.pre_warm(count=min(5, profile_count))
          ^^^^^^^^^^^^^^^^^^^^^^^^^^^^^
AttributeError: 'ConnectionPoolManager' object has no attribute 'pre_warm'
2025-06-03 22:25:40.437 | CRITICAL | src.core.orchestrator          | run                  | Cannot run - initialization failed
2025-06-03 22:25:40.453 | CRITICAL | __main__                       | main_cli             | Fatal error: 'UnifiedOrchestrator' object has no attribute 'graceful_shutdown'
Traceback (most recent call last):
  File "/Users/macbookpro_ronald/Documents/Personal/Projects/bruce_springsteen_monitor/src/main.py", line 522, in main_cli
    asyncio.run(async_main_logic(config, _stop_event_asyncio))
    ~~~~~~~~~~~^^^^^^^^^^^^^^^^^^^^^^^^^^^^^^^^^^^^^^^^^^^^^^^
  File "/Library/Frameworks/Python.framework/Versions/3.13/lib/python3.13/asyncio/runners.py", line 195, in run
    return runner.run(main)
           ~~~~~~~~~~^^^^^^
  File "/Library/Frameworks/Python.framework/Versions/3.13/lib/python3.13/asyncio/runners.py", line 118, in run
    return self._loop.run_until_complete(task)
           ~~~~~~~~~~~~~~~~~~~~~~~~~~~~~^^^^^^
  File "/Library/Frameworks/Python.framework/Versions/3.13/lib/python3.13/asyncio/base_events.py", line 725, in run_until_complete
    return future.result()
           ~~~~~~~~~~~~~^^
  File "/Users/macbookpro_ronald/Documents/Personal/Projects/bruce_springsteen_monitor/src/main.py", line 269, in async_main_logic
    await _orchestrator_instance.graceful_shutdown()
          ^^^^^^^^^^^^^^^^^^^^^^^^^^^^^^^^^^^^^^^^
AttributeError: 'UnifiedOrchestrator' object has no attribute 'graceful_shutdown'
2025-06-03 22:30:30.530 | CRITICAL | src.core.orchestrator          | initialize_subsystems | Subsystem initialization failed: 'ProfileAwareLightweightMonitor' object has no attribute 'monitor_config'
Traceback (most recent call last):
  File "/Users/macbookpro_ronald/Documents/Personal/Projects/bruce_springsteen_monitor/src/core/orchestrator.py", line 264, in initialize_subsystems
    self.monitor = ProfileAwareLightweightMonitor(
                   ~~~~~~~~~~~~~~~~~~~~~~~~~~~~~~^
        self.config, self.profile_manager, self.connection_pool,
        ^^^^^^^^^^^^^^^^^^^^^^^^^^^^^^^^^^^^^^^^^^^^^^^^^^^^^^^^
        self.response_cache, self.data_tracker
        ^^^^^^^^^^^^^^^^^^^^^^^^^^^^^^^^^^^^^^
    )
    ^
  File "/Users/macbookpro_ronald/Documents/Personal/Projects/bruce_springsteen_monitor/src/core/components.py", line 174, in __init__
    self.detection_patterns = self._compile_detection_patterns()
                              ~~~~~~~~~~~~~~~~~~~~~~~~~~~~~~~~^^
  File "/Users/macbookpro_ronald/Documents/Personal/Projects/bruce_springsteen_monitor/src/core/components.py", line 223, in _compile_detection_patterns
    patterns_from_config = self.monitor_config.get('detection_patterns', {})
                           ^^^^^^^^^^^^^^^^^^^
AttributeError: 'ProfileAwareLightweightMonitor' object has no attribute 'monitor_config'
2025-06-03 22:30:30.531 | CRITICAL | src.core.orchestrator          | run                  | Cannot run - initialization failed
2025-06-03 22:30:43.740 | CRITICAL | src.core.orchestrator          | initialize_subsystems | Subsystem initialization failed: 'ProfileAwareLightweightMonitor' object has no attribute 'monitor_config'
Traceback (most recent call last):
  File "/Users/macbookpro_ronald/Documents/Personal/Projects/bruce_springsteen_monitor/src/core/orchestrator.py", line 264, in initialize_subsystems
    self.monitor = ProfileAwareLightweightMonitor(
                   ~~~~~~~~~~~~~~~~~~~~~~~~~~~~~~^
        self.config, self.profile_manager, self.connection_pool,
        ^^^^^^^^^^^^^^^^^^^^^^^^^^^^^^^^^^^^^^^^^^^^^^^^^^^^^^^^
        self.response_cache, self.data_tracker
        ^^^^^^^^^^^^^^^^^^^^^^^^^^^^^^^^^^^^^^
    )
    ^
  File "/Users/macbookpro_ronald/Documents/Personal/Projects/bruce_springsteen_monitor/src/core/components.py", line 174, in __init__
    self.detection_patterns = self._compile_detection_patterns()
                              ~~~~~~~~~~~~~~~~~~~~~~~~~~~~~~~~^^
  File "/Users/macbookpro_ronald/Documents/Personal/Projects/bruce_springsteen_monitor/src/core/components.py", line 223, in _compile_detection_patterns
    patterns_from_config = self.monitor_config.get('detection_patterns', {})
                           ^^^^^^^^^^^^^^^^^^^
AttributeError: 'ProfileAwareLightweightMonitor' object has no attribute 'monitor_config'
2025-06-03 22:30:43.741 | CRITICAL | src.core.orchestrator          | run                  | Cannot run - initialization failed
2025-06-03 22:33:54.568 | CRITICAL | src.core.orchestrator          | initialize_subsystems | Subsystem initialization failed: 'UnifiedOrchestrator' object has no attribute '_log_system_state'
Traceback (most recent call last):
  File "/Users/macbookpro_ronald/Documents/Personal/Projects/bruce_springsteen_monitor/src/core/orchestrator.py", line 280, in initialize_subsystems
    await self._log_system_state()
          ^^^^^^^^^^^^^^^^^^^^^^
AttributeError: 'UnifiedOrchestrator' object has no attribute '_log_system_state'
2025-06-03 22:33:54.569 | CRITICAL | src.core.orchestrator          | run                  | Cannot run - initialization failed
2025-06-03 22:36:01.922 | ERROR    | src.core.orchestrator          | _cache_maintenance_loop | Cache maintenance error: 'ResponseCache' object has no attribute 'clear_old_entries'
Traceback (most recent call last):
  File "/Users/macbookpro_ronald/Documents/Personal/Projects/bruce_springsteen_monitor/src/core/orchestrator.py", line 850, in _cache_maintenance_loop
    cleared = await self.response_cache.clear_old_entries(max_age_seconds=300)
                    ^^^^^^^^^^^^^^^^^^^^^^^^^^^^^^^^^^^^^
AttributeError: 'ResponseCache' object has no attribute 'clear_old_entries'
2025-06-03 22:36:01.924 | ERROR    | src.core.orchestrator          | _monitor_single_target_loop | Error monitoring Bruce Springsteen Milano 2025 (FS): 'ProfileAwareLightweightMonitor' object has no attribute 'request_timestamps'
Traceback (most recent call last):
  File "/Users/macbookpro_ronald/Documents/Personal/Projects/bruce_springsteen_monitor/src/core/orchestrator.py", line 516, in _monitor_single_target_loop
    opportunities = await self.monitor.check_ultra_efficient(
                    ^^^^^^^^^^^^^^^^^^^^^^^^^^^^^^^^^^^^^^^^^
        platform, url, event_name, priority
        ^^^^^^^^^^^^^^^^^^^^^^^^^^^^^^^^^^^
    )
    ^
  File "/Users/macbookpro_ronald/Documents/Personal/Projects/bruce_springsteen_monitor/src/core/components.py", line 533, in check_ultra_efficient
    await self._enforce_rate_limiting()
  File "/Users/macbookpro_ronald/Documents/Personal/Projects/bruce_springsteen_monitor/src/core/components.py", line 653, in _enforce_rate_limiting
    self.request_timestamps.append(now)
    ^^^^^^^^^^^^^^^^^^^^^^^
AttributeError: 'ProfileAwareLightweightMonitor' object has no attribute 'request_timestamps'
2025-06-03 22:36:01.924 | ERROR    | src.core.orchestrator          | _monitor_single_target_loop | Error monitoring Bruce Springsteen San Siro 2025 (TM): 'ProfileAwareLightweightMonitor' object has no attribute 'request_timestamps'
Traceback (most recent call last):
  File "/Users/macbookpro_ronald/Documents/Personal/Projects/bruce_springsteen_monitor/src/core/orchestrator.py", line 516, in _monitor_single_target_loop
    opportunities = await self.monitor.check_ultra_efficient(
                    ^^^^^^^^^^^^^^^^^^^^^^^^^^^^^^^^^^^^^^^^^
        platform, url, event_name, priority
        ^^^^^^^^^^^^^^^^^^^^^^^^^^^^^^^^^^^
    )
    ^
  File "/Users/macbookpro_ronald/Documents/Personal/Projects/bruce_springsteen_monitor/src/core/components.py", line 533, in check_ultra_efficient
    await self._enforce_rate_limiting()
  File "/Users/macbookpro_ronald/Documents/Personal/Projects/bruce_springsteen_monitor/src/core/components.py", line 653, in _enforce_rate_limiting
    self.request_timestamps.append(now)
    ^^^^^^^^^^^^^^^^^^^^^^^
AttributeError: 'ProfileAwareLightweightMonitor' object has no attribute 'request_timestamps'
2025-06-03 22:36:01.925 | ERROR    | src.core.orchestrator          | _monitor_single_target_loop | Error monitoring Bruce Springsteen Resale (VT): 'ProfileAwareLightweightMonitor' object has no attribute 'request_timestamps'
Traceback (most recent call last):
  File "/Users/macbookpro_ronald/Documents/Personal/Projects/bruce_springsteen_monitor/src/core/orchestrator.py", line 516, in _monitor_single_target_loop
    opportunities = await self.monitor.check_ultra_efficient(
                    ^^^^^^^^^^^^^^^^^^^^^^^^^^^^^^^^^^^^^^^^^
        platform, url, event_name, priority
        ^^^^^^^^^^^^^^^^^^^^^^^^^^^^^^^^^^^
    )
    ^
  File "/Users/macbookpro_ronald/Documents/Personal/Projects/bruce_springsteen_monitor/src/core/components.py", line 533, in check_ultra_efficient
    await self._enforce_rate_limiting()
  File "/Users/macbookpro_ronald/Documents/Personal/Projects/bruce_springsteen_monitor/src/core/components.py", line 653, in _enforce_rate_limiting
    self.request_timestamps.append(now)
    ^^^^^^^^^^^^^^^^^^^^^^^
AttributeError: 'ProfileAwareLightweightMonitor' object has no attribute 'request_timestamps'
2025-06-03 22:37:01.820 | ERROR    | src.core.orchestrator          | _metrics_reporter_loop | Metrics reporter error: 'ResponseCache' object has no attribute 'current_size_mb'
Traceback (most recent call last):
  File "/Users/macbookpro_ronald/Documents/Personal/Projects/bruce_springsteen_monitor/src/core/orchestrator.py", line 898, in _metrics_reporter_loop
    report = self._generate_metrics_report()
  File "/Users/macbookpro_ronald/Documents/Personal/Projects/bruce_springsteen_monitor/src/core/orchestrator.py", line 958, in _generate_metrics_report
    f"Size={self.response_cache.current_size_mb if self.response_cache else 0:.1f}MB",
            ^^^^^^^^^^^^^^^^^^^^^^^^^^^^^^^^^^^
AttributeError: 'ResponseCache' object has no attribute 'current_size_mb'. Did you mean: 'current_size_bytes'?
2025-06-03 22:37:10.655 | ERROR    | src.core.orchestrator          | _monitor_single_target_loop | Error monitoring Bruce Springsteen Milano 2025 (FS): 'ProfileAwareLightweightMonitor' object has no attribute 'request_timestamps'
Traceback (most recent call last):
  File "/Users/macbookpro_ronald/Documents/Personal/Projects/bruce_springsteen_monitor/src/core/orchestrator.py", line 516, in _monitor_single_target_loop
    opportunities = await self.monitor.check_ultra_efficient(
                    ^^^^^^^^^^^^^^^^^^^^^^^^^^^^^^^^^^^^^^^^^
        platform, url, event_name, priority
        ^^^^^^^^^^^^^^^^^^^^^^^^^^^^^^^^^^^
    )
    ^
  File "/Users/macbookpro_ronald/Documents/Personal/Projects/bruce_springsteen_monitor/src/core/components.py", line 533, in check_ultra_efficient
    await self._enforce_rate_limiting()
  File "/Users/macbookpro_ronald/Documents/Personal/Projects/bruce_springsteen_monitor/src/core/components.py", line 653, in _enforce_rate_limiting
    self.request_timestamps.append(now)
    ^^^^^^^^^^^^^^^^^^^^^^^
AttributeError: 'ProfileAwareLightweightMonitor' object has no attribute 'request_timestamps'
2025-06-03 22:37:44.173 | ERROR    | src.core.orchestrator          | _monitor_single_target_loop | Error monitoring Bruce Springsteen San Siro 2025 (TM): 'ProfileAwareLightweightMonitor' object has no attribute 'request_timestamps'
Traceback (most recent call last):
  File "/Users/macbookpro_ronald/Documents/Personal/Projects/bruce_springsteen_monitor/src/core/orchestrator.py", line 516, in _monitor_single_target_loop
    opportunities = await self.monitor.check_ultra_efficient(
                    ^^^^^^^^^^^^^^^^^^^^^^^^^^^^^^^^^^^^^^^^^
        platform, url, event_name, priority
        ^^^^^^^^^^^^^^^^^^^^^^^^^^^^^^^^^^^
    )
    ^
  File "/Users/macbookpro_ronald/Documents/Personal/Projects/bruce_springsteen_monitor/src/core/components.py", line 533, in check_ultra_efficient
    await self._enforce_rate_limiting()
  File "/Users/macbookpro_ronald/Documents/Personal/Projects/bruce_springsteen_monitor/src/core/components.py", line 653, in _enforce_rate_limiting
    self.request_timestamps.append(now)
    ^^^^^^^^^^^^^^^^^^^^^^^
AttributeError: 'ProfileAwareLightweightMonitor' object has no attribute 'request_timestamps'
2025-06-03 22:38:01.825 | ERROR    | src.core.orchestrator          | _metrics_reporter_loop | Metrics reporter error: 'ResponseCache' object has no attribute 'current_size_mb'
Traceback (most recent call last):
  File "/Users/macbookpro_ronald/Documents/Personal/Projects/bruce_springsteen_monitor/src/core/orchestrator.py", line 898, in _metrics_reporter_loop
    report = self._generate_metrics_report()
  File "/Users/macbookpro_ronald/Documents/Personal/Projects/bruce_springsteen_monitor/src/core/orchestrator.py", line 958, in _generate_metrics_report
    f"Size={self.response_cache.current_size_mb if self.response_cache else 0:.1f}MB",
            ^^^^^^^^^^^^^^^^^^^^^^^^^^^^^^^^^^^
AttributeError: 'ResponseCache' object has no attribute 'current_size_mb'. Did you mean: 'current_size_bytes'?
2025-06-03 22:38:01.926 | ERROR    | src.core.orchestrator          | _cache_maintenance_loop | Cache maintenance error: 'ResponseCache' object has no attribute 'clear_old_entries'
Traceback (most recent call last):
  File "/Users/macbookpro_ronald/Documents/Personal/Projects/bruce_springsteen_monitor/src/core/orchestrator.py", line 850, in _cache_maintenance_loop
    cleared = await self.response_cache.clear_old_entries(max_age_seconds=300)
                    ^^^^^^^^^^^^^^^^^^^^^^^^^^^^^^^^^^^^^
AttributeError: 'ResponseCache' object has no attribute 'clear_old_entries'
2025-06-03 22:38:17.797 | ERROR    | src.core.orchestrator          | _monitor_single_target_loop | Error monitoring Bruce Springsteen Milano 2025 (FS): 'ProfileAwareLightweightMonitor' object has no attribute 'request_timestamps'
Traceback (most recent call last):
  File "/Users/macbookpro_ronald/Documents/Personal/Projects/bruce_springsteen_monitor/src/core/orchestrator.py", line 516, in _monitor_single_target_loop
    opportunities = await self.monitor.check_ultra_efficient(
                    ^^^^^^^^^^^^^^^^^^^^^^^^^^^^^^^^^^^^^^^^^
        platform, url, event_name, priority
        ^^^^^^^^^^^^^^^^^^^^^^^^^^^^^^^^^^^
    )
    ^
  File "/Users/macbookpro_ronald/Documents/Personal/Projects/bruce_springsteen_monitor/src/core/components.py", line 533, in check_ultra_efficient
    await self._enforce_rate_limiting()
  File "/Users/macbookpro_ronald/Documents/Personal/Projects/bruce_springsteen_monitor/src/core/components.py", line 653, in _enforce_rate_limiting
    self.request_timestamps.append(now)
    ^^^^^^^^^^^^^^^^^^^^^^^
AttributeError: 'ProfileAwareLightweightMonitor' object has no attribute 'request_timestamps'
2025-06-03 22:38:59.691 | ERROR    | src.core.orchestrator          | _monitor_single_target_loop | Error monitoring Bruce Springsteen Resale (VT): 'ProfileAwareLightweightMonitor' object has no attribute 'request_timestamps'
Traceback (most recent call last):
  File "/Users/macbookpro_ronald/Documents/Personal/Projects/bruce_springsteen_monitor/src/core/orchestrator.py", line 516, in _monitor_single_target_loop
    opportunities = await self.monitor.check_ultra_efficient(
                    ^^^^^^^^^^^^^^^^^^^^^^^^^^^^^^^^^^^^^^^^^
        platform, url, event_name, priority
        ^^^^^^^^^^^^^^^^^^^^^^^^^^^^^^^^^^^
    )
    ^
  File "/Users/macbookpro_ronald/Documents/Personal/Projects/bruce_springsteen_monitor/src/core/components.py", line 533, in check_ultra_efficient
    await self._enforce_rate_limiting()
  File "/Users/macbookpro_ronald/Documents/Personal/Projects/bruce_springsteen_monitor/src/core/components.py", line 653, in _enforce_rate_limiting
    self.request_timestamps.append(now)
    ^^^^^^^^^^^^^^^^^^^^^^^
AttributeError: 'ProfileAwareLightweightMonitor' object has no attribute 'request_timestamps'
2025-06-03 22:39:01.828 | ERROR    | src.core.orchestrator          | _metrics_reporter_loop | Metrics reporter error: 'ResponseCache' object has no attribute 'current_size_mb'
Traceback (most recent call last):
  File "/Users/macbookpro_ronald/Documents/Personal/Projects/bruce_springsteen_monitor/src/core/orchestrator.py", line 898, in _metrics_reporter_loop
    report = self._generate_metrics_report()
  File "/Users/macbookpro_ronald/Documents/Personal/Projects/bruce_springsteen_monitor/src/core/orchestrator.py", line 958, in _generate_metrics_report
    f"Size={self.response_cache.current_size_mb if self.response_cache else 0:.1f}MB",
            ^^^^^^^^^^^^^^^^^^^^^^^^^^^^^^^^^^^
AttributeError: 'ResponseCache' object has no attribute 'current_size_mb'. Did you mean: 'current_size_bytes'?
2025-06-03 22:39:12.130 | ERROR    | src.core.orchestrator          | _monitor_single_target_loop | Error monitoring Bruce Springsteen San Siro 2025 (TM): 'ProfileAwareLightweightMonitor' object has no attribute 'request_timestamps'
Traceback (most recent call last):
  File "/Users/macbookpro_ronald/Documents/Personal/Projects/bruce_springsteen_monitor/src/core/orchestrator.py", line 516, in _monitor_single_target_loop
    opportunities = await self.monitor.check_ultra_efficient(
                    ^^^^^^^^^^^^^^^^^^^^^^^^^^^^^^^^^^^^^^^^^
        platform, url, event_name, priority
        ^^^^^^^^^^^^^^^^^^^^^^^^^^^^^^^^^^^
    )
    ^
  File "/Users/macbookpro_ronald/Documents/Personal/Projects/bruce_springsteen_monitor/src/core/components.py", line 533, in check_ultra_efficient
    await self._enforce_rate_limiting()
  File "/Users/macbookpro_ronald/Documents/Personal/Projects/bruce_springsteen_monitor/src/core/components.py", line 653, in _enforce_rate_limiting
    self.request_timestamps.append(now)
    ^^^^^^^^^^^^^^^^^^^^^^^
AttributeError: 'ProfileAwareLightweightMonitor' object has no attribute 'request_timestamps'
2025-06-03 22:39:20.867 | ERROR    | src.core.orchestrator          | _monitor_single_target_loop | Error monitoring Bruce Springsteen Milano 2025 (FS): 'ProfileAwareLightweightMonitor' object has no attribute 'request_timestamps'
Traceback (most recent call last):
  File "/Users/macbookpro_ronald/Documents/Personal/Projects/bruce_springsteen_monitor/src/core/orchestrator.py", line 516, in _monitor_single_target_loop
    opportunities = await self.monitor.check_ultra_efficient(
                    ^^^^^^^^^^^^^^^^^^^^^^^^^^^^^^^^^^^^^^^^^
        platform, url, event_name, priority
        ^^^^^^^^^^^^^^^^^^^^^^^^^^^^^^^^^^^
    )
    ^
  File "/Users/macbookpro_ronald/Documents/Personal/Projects/bruce_springsteen_monitor/src/core/components.py", line 533, in check_ultra_efficient
    await self._enforce_rate_limiting()
  File "/Users/macbookpro_ronald/Documents/Personal/Projects/bruce_springsteen_monitor/src/core/components.py", line 653, in _enforce_rate_limiting
    self.request_timestamps.append(now)
    ^^^^^^^^^^^^^^^^^^^^^^^
AttributeError: 'ProfileAwareLightweightMonitor' object has no attribute 'request_timestamps'
2025-06-03 22:40:01.831 | ERROR    | src.core.orchestrator          | _metrics_reporter_loop | Metrics reporter error: 'ResponseCache' object has no attribute 'current_size_mb'
Traceback (most recent call last):
  File "/Users/macbookpro_ronald/Documents/Personal/Projects/bruce_springsteen_monitor/src/core/orchestrator.py", line 898, in _metrics_reporter_loop
    report = self._generate_metrics_report()
  File "/Users/macbookpro_ronald/Documents/Personal/Projects/bruce_springsteen_monitor/src/core/orchestrator.py", line 958, in _generate_metrics_report
    f"Size={self.response_cache.current_size_mb if self.response_cache else 0:.1f}MB",
            ^^^^^^^^^^^^^^^^^^^^^^^^^^^^^^^^^^^
AttributeError: 'ResponseCache' object has no attribute 'current_size_mb'. Did you mean: 'current_size_bytes'?
2025-06-03 22:40:01.930 | ERROR    | src.core.orchestrator          | _cache_maintenance_loop | Cache maintenance error: 'ResponseCache' object has no attribute 'clear_old_entries'
Traceback (most recent call last):
  File "/Users/macbookpro_ronald/Documents/Personal/Projects/bruce_springsteen_monitor/src/core/orchestrator.py", line 850, in _cache_maintenance_loop
    cleared = await self.response_cache.clear_old_entries(max_age_seconds=300)
                    ^^^^^^^^^^^^^^^^^^^^^^^^^^^^^^^^^^^^^
AttributeError: 'ResponseCache' object has no attribute 'clear_old_entries'
2025-06-03 22:40:29.373 | ERROR    | src.core.orchestrator          | _monitor_single_target_loop | Error monitoring Bruce Springsteen Milano 2025 (FS): 'ProfileAwareLightweightMonitor' object has no attribute 'request_timestamps'
Traceback (most recent call last):
  File "/Users/macbookpro_ronald/Documents/Personal/Projects/bruce_springsteen_monitor/src/core/orchestrator.py", line 516, in _monitor_single_target_loop
    opportunities = await self.monitor.check_ultra_efficient(
                    ^^^^^^^^^^^^^^^^^^^^^^^^^^^^^^^^^^^^^^^^^
        platform, url, event_name, priority
        ^^^^^^^^^^^^^^^^^^^^^^^^^^^^^^^^^^^
    )
    ^
  File "/Users/macbookpro_ronald/Documents/Personal/Projects/bruce_springsteen_monitor/src/core/components.py", line 533, in check_ultra_efficient
    await self._enforce_rate_limiting()
  File "/Users/macbookpro_ronald/Documents/Personal/Projects/bruce_springsteen_monitor/src/core/components.py", line 653, in _enforce_rate_limiting
    self.request_timestamps.append(now)
    ^^^^^^^^^^^^^^^^^^^^^^^
AttributeError: 'ProfileAwareLightweightMonitor' object has no attribute 'request_timestamps'
2025-06-03 22:40:53.329 | ERROR    | src.core.orchestrator          | _monitor_single_target_loop | Error monitoring Bruce Springsteen San Siro 2025 (TM): 'ProfileAwareLightweightMonitor' object has no attribute 'request_timestamps'
Traceback (most recent call last):
  File "/Users/macbookpro_ronald/Documents/Personal/Projects/bruce_springsteen_monitor/src/core/orchestrator.py", line 516, in _monitor_single_target_loop
    opportunities = await self.monitor.check_ultra_efficient(
                    ^^^^^^^^^^^^^^^^^^^^^^^^^^^^^^^^^^^^^^^^^
        platform, url, event_name, priority
        ^^^^^^^^^^^^^^^^^^^^^^^^^^^^^^^^^^^
    )
    ^
  File "/Users/macbookpro_ronald/Documents/Personal/Projects/bruce_springsteen_monitor/src/core/components.py", line 533, in check_ultra_efficient
    await self._enforce_rate_limiting()
  File "/Users/macbookpro_ronald/Documents/Personal/Projects/bruce_springsteen_monitor/src/core/components.py", line 653, in _enforce_rate_limiting
    self.request_timestamps.append(now)
    ^^^^^^^^^^^^^^^^^^^^^^^
AttributeError: 'ProfileAwareLightweightMonitor' object has no attribute 'request_timestamps'
2025-06-03 22:41:01.835 | ERROR    | src.core.orchestrator          | _metrics_reporter_loop | Metrics reporter error: 'ResponseCache' object has no attribute 'current_size_mb'
Traceback (most recent call last):
  File "/Users/macbookpro_ronald/Documents/Personal/Projects/bruce_springsteen_monitor/src/core/orchestrator.py", line 898, in _metrics_reporter_loop
    report = self._generate_metrics_report()
  File "/Users/macbookpro_ronald/Documents/Personal/Projects/bruce_springsteen_monitor/src/core/orchestrator.py", line 958, in _generate_metrics_report
    f"Size={self.response_cache.current_size_mb if self.response_cache else 0:.1f}MB",
            ^^^^^^^^^^^^^^^^^^^^^^^^^^^^^^^^^^^
AttributeError: 'ResponseCache' object has no attribute 'current_size_mb'. Did you mean: 'current_size_bytes'?
2025-06-03 22:41:35.512 | ERROR    | src.core.orchestrator          | _monitor_single_target_loop | Error monitoring Bruce Springsteen Milano 2025 (FS): 'ProfileAwareLightweightMonitor' object has no attribute 'request_timestamps'
Traceback (most recent call last):
  File "/Users/macbookpro_ronald/Documents/Personal/Projects/bruce_springsteen_monitor/src/core/orchestrator.py", line 516, in _monitor_single_target_loop
    opportunities = await self.monitor.check_ultra_efficient(
                    ^^^^^^^^^^^^^^^^^^^^^^^^^^^^^^^^^^^^^^^^^
        platform, url, event_name, priority
        ^^^^^^^^^^^^^^^^^^^^^^^^^^^^^^^^^^^
    )
    ^
  File "/Users/macbookpro_ronald/Documents/Personal/Projects/bruce_springsteen_monitor/src/core/components.py", line 533, in check_ultra_efficient
    await self._enforce_rate_limiting()
  File "/Users/macbookpro_ronald/Documents/Personal/Projects/bruce_springsteen_monitor/src/core/components.py", line 653, in _enforce_rate_limiting
    self.request_timestamps.append(now)
    ^^^^^^^^^^^^^^^^^^^^^^^
AttributeError: 'ProfileAwareLightweightMonitor' object has no attribute 'request_timestamps'
2025-06-03 22:56:29.377 | ERROR    | src.core.orchestrator          | _cache_maintenance_loop | Cache maintenance error: 'ResponseCache' object has no attribute 'clear_old_entries'
Traceback (most recent call last):
  File "/Users/macbookpro_ronald/Documents/Personal/Projects/bruce_springsteen_monitor/src/core/orchestrator.py", line 850, in _cache_maintenance_loop
    cleared = await self.response_cache.clear_old_entries(max_age_seconds=300)
                    ^^^^^^^^^^^^^^^^^^^^^^^^^^^^^^^^^^^^^
AttributeError: 'ResponseCache' object has no attribute 'clear_old_entries'
2025-06-03 22:56:29.380 | ERROR    | src.core.orchestrator          | _monitor_single_target_loop | Error monitoring Bruce Springsteen Milano 2025 (FS): 'ProfileAwareLightweightMonitor' object has no attribute 'request_timestamps'
Traceback (most recent call last):
  File "/Users/macbookpro_ronald/Documents/Personal/Projects/bruce_springsteen_monitor/src/core/orchestrator.py", line 516, in _monitor_single_target_loop
    opportunities = await self.monitor.check_ultra_efficient(
                    ^^^^^^^^^^^^^^^^^^^^^^^^^^^^^^^^^^^^^^^^^
        platform, url, event_name, priority
        ^^^^^^^^^^^^^^^^^^^^^^^^^^^^^^^^^^^
    )
    ^
  File "/Users/macbookpro_ronald/Documents/Personal/Projects/bruce_springsteen_monitor/src/core/components.py", line 533, in check_ultra_efficient
    await self._enforce_rate_limiting()
  File "/Users/macbookpro_ronald/Documents/Personal/Projects/bruce_springsteen_monitor/src/core/components.py", line 653, in _enforce_rate_limiting
    self.request_timestamps.append(now)
    ^^^^^^^^^^^^^^^^^^^^^^^
AttributeError: 'ProfileAwareLightweightMonitor' object has no attribute 'request_timestamps'
2025-06-03 22:56:29.381 | ERROR    | src.core.orchestrator          | _monitor_single_target_loop | Error monitoring Bruce Springsteen San Siro 2025 (TM): 'ProfileAwareLightweightMonitor' object has no attribute 'request_timestamps'
Traceback (most recent call last):
  File "/Users/macbookpro_ronald/Documents/Personal/Projects/bruce_springsteen_monitor/src/core/orchestrator.py", line 516, in _monitor_single_target_loop
    opportunities = await self.monitor.check_ultra_efficient(
                    ^^^^^^^^^^^^^^^^^^^^^^^^^^^^^^^^^^^^^^^^^
        platform, url, event_name, priority
        ^^^^^^^^^^^^^^^^^^^^^^^^^^^^^^^^^^^
    )
    ^
  File "/Users/macbookpro_ronald/Documents/Personal/Projects/bruce_springsteen_monitor/src/core/components.py", line 533, in check_ultra_efficient
    await self._enforce_rate_limiting()
  File "/Users/macbookpro_ronald/Documents/Personal/Projects/bruce_springsteen_monitor/src/core/components.py", line 653, in _enforce_rate_limiting
    self.request_timestamps.append(now)
    ^^^^^^^^^^^^^^^^^^^^^^^
AttributeError: 'ProfileAwareLightweightMonitor' object has no attribute 'request_timestamps'
2025-06-03 22:56:29.381 | ERROR    | src.core.orchestrator          | _monitor_single_target_loop | Error monitoring Bruce Springsteen Resale (VT): 'ProfileAwareLightweightMonitor' object has no attribute 'request_timestamps'
Traceback (most recent call last):
  File "/Users/macbookpro_ronald/Documents/Personal/Projects/bruce_springsteen_monitor/src/core/orchestrator.py", line 516, in _monitor_single_target_loop
    opportunities = await self.monitor.check_ultra_efficient(
                    ^^^^^^^^^^^^^^^^^^^^^^^^^^^^^^^^^^^^^^^^^
        platform, url, event_name, priority
        ^^^^^^^^^^^^^^^^^^^^^^^^^^^^^^^^^^^
    )
    ^
  File "/Users/macbookpro_ronald/Documents/Personal/Projects/bruce_springsteen_monitor/src/core/components.py", line 533, in check_ultra_efficient
    await self._enforce_rate_limiting()
  File "/Users/macbookpro_ronald/Documents/Personal/Projects/bruce_springsteen_monitor/src/core/components.py", line 653, in _enforce_rate_limiting
    self.request_timestamps.append(now)
    ^^^^^^^^^^^^^^^^^^^^^^^
AttributeError: 'ProfileAwareLightweightMonitor' object has no attribute 'request_timestamps'
2025-06-03 22:57:28.865 | ERROR    | src.core.orchestrator          | _monitor_single_target_loop | Error monitoring Bruce Springsteen Milano 2025 (FS): 'ProfileAwareLightweightMonitor' object has no attribute 'request_timestamps'
Traceback (most recent call last):
  File "/Users/macbookpro_ronald/Documents/Personal/Projects/bruce_springsteen_monitor/src/core/orchestrator.py", line 516, in _monitor_single_target_loop
    opportunities = await self.monitor.check_ultra_efficient(
                    ^^^^^^^^^^^^^^^^^^^^^^^^^^^^^^^^^^^^^^^^^
        platform, url, event_name, priority
        ^^^^^^^^^^^^^^^^^^^^^^^^^^^^^^^^^^^
    )
    ^
  File "/Users/macbookpro_ronald/Documents/Personal/Projects/bruce_springsteen_monitor/src/core/components.py", line 533, in check_ultra_efficient
    await self._enforce_rate_limiting()
  File "/Users/macbookpro_ronald/Documents/Personal/Projects/bruce_springsteen_monitor/src/core/components.py", line 653, in _enforce_rate_limiting
    self.request_timestamps.append(now)
    ^^^^^^^^^^^^^^^^^^^^^^^
AttributeError: 'ProfileAwareLightweightMonitor' object has no attribute 'request_timestamps'
2025-06-03 22:57:29.277 | ERROR    | src.core.orchestrator          | _metrics_reporter_loop | Metrics reporter error: 'ResponseCache' object has no attribute 'current_size_mb'
Traceback (most recent call last):
  File "/Users/macbookpro_ronald/Documents/Personal/Projects/bruce_springsteen_monitor/src/core/orchestrator.py", line 898, in _metrics_reporter_loop
    report = self._generate_metrics_report()
  File "/Users/macbookpro_ronald/Documents/Personal/Projects/bruce_springsteen_monitor/src/core/orchestrator.py", line 958, in _generate_metrics_report
    f"Size={self.response_cache.current_size_mb if self.response_cache else 0:.1f}MB",
            ^^^^^^^^^^^^^^^^^^^^^^^^^^^^^^^^^^^
AttributeError: 'ResponseCache' object has no attribute 'current_size_mb'. Did you mean: 'current_size_bytes'?
2025-06-03 22:58:01.719 | ERROR    | src.core.orchestrator          | _monitor_single_target_loop | Error monitoring Bruce Springsteen San Siro 2025 (TM): 'ProfileAwareLightweightMonitor' object has no attribute 'request_timestamps'
Traceback (most recent call last):
  File "/Users/macbookpro_ronald/Documents/Personal/Projects/bruce_springsteen_monitor/src/core/orchestrator.py", line 516, in _monitor_single_target_loop
    opportunities = await self.monitor.check_ultra_efficient(
                    ^^^^^^^^^^^^^^^^^^^^^^^^^^^^^^^^^^^^^^^^^
        platform, url, event_name, priority
        ^^^^^^^^^^^^^^^^^^^^^^^^^^^^^^^^^^^
    )
    ^
  File "/Users/macbookpro_ronald/Documents/Personal/Projects/bruce_springsteen_monitor/src/core/components.py", line 533, in check_ultra_efficient
    await self._enforce_rate_limiting()
  File "/Users/macbookpro_ronald/Documents/Personal/Projects/bruce_springsteen_monitor/src/core/components.py", line 653, in _enforce_rate_limiting
    self.request_timestamps.append(now)
    ^^^^^^^^^^^^^^^^^^^^^^^
AttributeError: 'ProfileAwareLightweightMonitor' object has no attribute 'request_timestamps'
2025-06-03 22:58:29.281 | ERROR    | src.core.orchestrator          | _metrics_reporter_loop | Metrics reporter error: 'ResponseCache' object has no attribute 'current_size_mb'
Traceback (most recent call last):
  File "/Users/macbookpro_ronald/Documents/Personal/Projects/bruce_springsteen_monitor/src/core/orchestrator.py", line 898, in _metrics_reporter_loop
    report = self._generate_metrics_report()
  File "/Users/macbookpro_ronald/Documents/Personal/Projects/bruce_springsteen_monitor/src/core/orchestrator.py", line 958, in _generate_metrics_report
    f"Size={self.response_cache.current_size_mb if self.response_cache else 0:.1f}MB",
            ^^^^^^^^^^^^^^^^^^^^^^^^^^^^^^^^^^^
AttributeError: 'ResponseCache' object has no attribute 'current_size_mb'. Did you mean: 'current_size_bytes'?
2025-06-03 22:58:29.383 | ERROR    | src.core.orchestrator          | _cache_maintenance_loop | Cache maintenance error: 'ResponseCache' object has no attribute 'clear_old_entries'
Traceback (most recent call last):
  File "/Users/macbookpro_ronald/Documents/Personal/Projects/bruce_springsteen_monitor/src/core/orchestrator.py", line 850, in _cache_maintenance_loop
    cleared = await self.response_cache.clear_old_entries(max_age_seconds=300)
                    ^^^^^^^^^^^^^^^^^^^^^^^^^^^^^^^^^^^^^
AttributeError: 'ResponseCache' object has no attribute 'clear_old_entries'
2025-06-03 22:58:33.855 | ERROR    | src.core.orchestrator          | _monitor_single_target_loop | Error monitoring Bruce Springsteen Milano 2025 (FS): 'ProfileAwareLightweightMonitor' object has no attribute 'request_timestamps'
Traceback (most recent call last):
  File "/Users/macbookpro_ronald/Documents/Personal/Projects/bruce_springsteen_monitor/src/core/orchestrator.py", line 516, in _monitor_single_target_loop
    opportunities = await self.monitor.check_ultra_efficient(
                    ^^^^^^^^^^^^^^^^^^^^^^^^^^^^^^^^^^^^^^^^^
        platform, url, event_name, priority
        ^^^^^^^^^^^^^^^^^^^^^^^^^^^^^^^^^^^
    )
    ^
  File "/Users/macbookpro_ronald/Documents/Personal/Projects/bruce_springsteen_monitor/src/core/components.py", line 533, in check_ultra_efficient
    await self._enforce_rate_limiting()
  File "/Users/macbookpro_ronald/Documents/Personal/Projects/bruce_springsteen_monitor/src/core/components.py", line 653, in _enforce_rate_limiting
    self.request_timestamps.append(now)
    ^^^^^^^^^^^^^^^^^^^^^^^
AttributeError: 'ProfileAwareLightweightMonitor' object has no attribute 'request_timestamps'
2025-06-03 22:59:28.929 | ERROR    | src.core.orchestrator          | _monitor_single_target_loop | Error monitoring Bruce Springsteen Resale (VT): 'ProfileAwareLightweightMonitor' object has no attribute 'request_timestamps'
Traceback (most recent call last):
  File "/Users/macbookpro_ronald/Documents/Personal/Projects/bruce_springsteen_monitor/src/core/orchestrator.py", line 516, in _monitor_single_target_loop
    opportunities = await self.monitor.check_ultra_efficient(
                    ^^^^^^^^^^^^^^^^^^^^^^^^^^^^^^^^^^^^^^^^^
        platform, url, event_name, priority
        ^^^^^^^^^^^^^^^^^^^^^^^^^^^^^^^^^^^
    )
    ^
  File "/Users/macbookpro_ronald/Documents/Personal/Projects/bruce_springsteen_monitor/src/core/components.py", line 533, in check_ultra_efficient
    await self._enforce_rate_limiting()
  File "/Users/macbookpro_ronald/Documents/Personal/Projects/bruce_springsteen_monitor/src/core/components.py", line 653, in _enforce_rate_limiting
    self.request_timestamps.append(now)
    ^^^^^^^^^^^^^^^^^^^^^^^
AttributeError: 'ProfileAwareLightweightMonitor' object has no attribute 'request_timestamps'
2025-06-03 22:59:29.286 | ERROR    | src.core.orchestrator          | _metrics_reporter_loop | Metrics reporter error: 'ResponseCache' object has no attribute 'current_size_mb'
Traceback (most recent call last):
  File "/Users/macbookpro_ronald/Documents/Personal/Projects/bruce_springsteen_monitor/src/core/orchestrator.py", line 898, in _metrics_reporter_loop
    report = self._generate_metrics_report()
  File "/Users/macbookpro_ronald/Documents/Personal/Projects/bruce_springsteen_monitor/src/core/orchestrator.py", line 958, in _generate_metrics_report
    f"Size={self.response_cache.current_size_mb if self.response_cache else 0:.1f}MB",
            ^^^^^^^^^^^^^^^^^^^^^^^^^^^^^^^^^^^
AttributeError: 'ResponseCache' object has no attribute 'current_size_mb'. Did you mean: 'current_size_bytes'?
2025-06-03 22:59:31.583 | ERROR    | src.core.orchestrator          | _monitor_single_target_loop | Error monitoring Bruce Springsteen San Siro 2025 (TM): 'ProfileAwareLightweightMonitor' object has no attribute 'request_timestamps'
Traceback (most recent call last):
  File "/Users/macbookpro_ronald/Documents/Personal/Projects/bruce_springsteen_monitor/src/core/orchestrator.py", line 516, in _monitor_single_target_loop
    opportunities = await self.monitor.check_ultra_efficient(
                    ^^^^^^^^^^^^^^^^^^^^^^^^^^^^^^^^^^^^^^^^^
        platform, url, event_name, priority
        ^^^^^^^^^^^^^^^^^^^^^^^^^^^^^^^^^^^
    )
    ^
  File "/Users/macbookpro_ronald/Documents/Personal/Projects/bruce_springsteen_monitor/src/core/components.py", line 533, in check_ultra_efficient
    await self._enforce_rate_limiting()
  File "/Users/macbookpro_ronald/Documents/Personal/Projects/bruce_springsteen_monitor/src/core/components.py", line 653, in _enforce_rate_limiting
    self.request_timestamps.append(now)
    ^^^^^^^^^^^^^^^^^^^^^^^
AttributeError: 'ProfileAwareLightweightMonitor' object has no attribute 'request_timestamps'
2025-06-03 22:59:42.691 | ERROR    | src.core.orchestrator          | _monitor_single_target_loop | Error monitoring Bruce Springsteen Milano 2025 (FS): 'ProfileAwareLightweightMonitor' object has no attribute 'request_timestamps'
Traceback (most recent call last):
  File "/Users/macbookpro_ronald/Documents/Personal/Projects/bruce_springsteen_monitor/src/core/orchestrator.py", line 516, in _monitor_single_target_loop
    opportunities = await self.monitor.check_ultra_efficient(
                    ^^^^^^^^^^^^^^^^^^^^^^^^^^^^^^^^^^^^^^^^^
        platform, url, event_name, priority
        ^^^^^^^^^^^^^^^^^^^^^^^^^^^^^^^^^^^
    )
    ^
  File "/Users/macbookpro_ronald/Documents/Personal/Projects/bruce_springsteen_monitor/src/core/components.py", line 533, in check_ultra_efficient
    await self._enforce_rate_limiting()
  File "/Users/macbookpro_ronald/Documents/Personal/Projects/bruce_springsteen_monitor/src/core/components.py", line 653, in _enforce_rate_limiting
    self.request_timestamps.append(now)
    ^^^^^^^^^^^^^^^^^^^^^^^
AttributeError: 'ProfileAwareLightweightMonitor' object has no attribute 'request_timestamps'
2025-06-03 23:00:29.289 | ERROR    | src.core.orchestrator          | _metrics_reporter_loop | Metrics reporter error: 'ResponseCache' object has no attribute 'current_size_mb'
Traceback (most recent call last):
  File "/Users/macbookpro_ronald/Documents/Personal/Projects/bruce_springsteen_monitor/src/core/orchestrator.py", line 898, in _metrics_reporter_loop
    report = self._generate_metrics_report()
  File "/Users/macbookpro_ronald/Documents/Personal/Projects/bruce_springsteen_monitor/src/core/orchestrator.py", line 958, in _generate_metrics_report
    f"Size={self.response_cache.current_size_mb if self.response_cache else 0:.1f}MB",
            ^^^^^^^^^^^^^^^^^^^^^^^^^^^^^^^^^^^
AttributeError: 'ResponseCache' object has no attribute 'current_size_mb'. Did you mean: 'current_size_bytes'?
2025-06-03 23:00:29.386 | ERROR    | src.core.orchestrator          | _cache_maintenance_loop | Cache maintenance error: 'ResponseCache' object has no attribute 'clear_old_entries'
Traceback (most recent call last):
  File "/Users/macbookpro_ronald/Documents/Personal/Projects/bruce_springsteen_monitor/src/core/orchestrator.py", line 850, in _cache_maintenance_loop
    cleared = await self.response_cache.clear_old_entries(max_age_seconds=300)
                    ^^^^^^^^^^^^^^^^^^^^^^^^^^^^^^^^^^^^^
AttributeError: 'ResponseCache' object has no attribute 'clear_old_entries'
2025-06-03 23:00:49.017 | ERROR    | src.core.orchestrator          | _monitor_single_target_loop | Error monitoring Bruce Springsteen Milano 2025 (FS): 'ProfileAwareLightweightMonitor' object has no attribute 'request_timestamps'
Traceback (most recent call last):
  File "/Users/macbookpro_ronald/Documents/Personal/Projects/bruce_springsteen_monitor/src/core/orchestrator.py", line 516, in _monitor_single_target_loop
    opportunities = await self.monitor.check_ultra_efficient(
                    ^^^^^^^^^^^^^^^^^^^^^^^^^^^^^^^^^^^^^^^^^
        platform, url, event_name, priority
        ^^^^^^^^^^^^^^^^^^^^^^^^^^^^^^^^^^^
    )
    ^
  File "/Users/macbookpro_ronald/Documents/Personal/Projects/bruce_springsteen_monitor/src/core/components.py", line 533, in check_ultra_efficient
    await self._enforce_rate_limiting()
  File "/Users/macbookpro_ronald/Documents/Personal/Projects/bruce_springsteen_monitor/src/core/components.py", line 653, in _enforce_rate_limiting
    self.request_timestamps.append(now)
    ^^^^^^^^^^^^^^^^^^^^^^^
AttributeError: 'ProfileAwareLightweightMonitor' object has no attribute 'request_timestamps'
2025-06-03 23:01:06.719 | ERROR    | src.core.orchestrator          | _monitor_single_target_loop | Error monitoring Bruce Springsteen San Siro 2025 (TM): 'ProfileAwareLightweightMonitor' object has no attribute 'request_timestamps'
Traceback (most recent call last):
  File "/Users/macbookpro_ronald/Documents/Personal/Projects/bruce_springsteen_monitor/src/core/orchestrator.py", line 516, in _monitor_single_target_loop
    opportunities = await self.monitor.check_ultra_efficient(
                    ^^^^^^^^^^^^^^^^^^^^^^^^^^^^^^^^^^^^^^^^^
        platform, url, event_name, priority
        ^^^^^^^^^^^^^^^^^^^^^^^^^^^^^^^^^^^
    )
    ^
  File "/Users/macbookpro_ronald/Documents/Personal/Projects/bruce_springsteen_monitor/src/core/components.py", line 533, in check_ultra_efficient
  File "/Users/macbookpro_ronald/Documents/Personal/Projects/bruce_springsteen_monitor/src/core/components.py", line 653, in _enforce_rate_limiting
AttributeError: 'ProfileAwareLightweightMonitor' object has no attribute 'request_timestamps'
2025-06-03 23:01:29.293 | ERROR    | src.core.orchestrator          | _metrics_reporter_loop | Metrics reporter error: 'ResponseCache' object has no attribute 'current_size_mb'
Traceback (most recent call last):
  File "/Users/macbookpro_ronald/Documents/Personal/Projects/bruce_springsteen_monitor/src/core/orchestrator.py", line 898, in _metrics_reporter_loop
    report = self._generate_metrics_report()
  File "/Users/macbookpro_ronald/Documents/Personal/Projects/bruce_springsteen_monitor/src/core/orchestrator.py", line 958, in _generate_metrics_report
    f"Size={self.response_cache.current_size_mb if self.response_cache else 0:.1f}MB",
            ^^^^^^^^^^^^^^^^^^^^^^^^^^^^^^^^^^^
AttributeError: 'ResponseCache' object has no attribute 'current_size_mb'. Did you mean: 'current_size_bytes'?
2025-06-03 23:01:55.588 | ERROR    | src.core.orchestrator          | _monitor_single_target_loop | Error monitoring Bruce Springsteen Milano 2025 (FS): 'ProfileAwareLightweightMonitor' object has no attribute 'request_timestamps'
Traceback (most recent call last):
  File "/Users/macbookpro_ronald/Documents/Personal/Projects/bruce_springsteen_monitor/src/core/orchestrator.py", line 516, in _monitor_single_target_loop
    opportunities = await self.monitor.check_ultra_efficient(
                    ^^^^^^^^^^^^^^^^^^^^^^^^^^^^^^^^^^^^^^^^^
        platform, url, event_name, priority
        ^^^^^^^^^^^^^^^^^^^^^^^^^^^^^^^^^^^
    )
    ^
  File "/Users/macbookpro_ronald/Documents/Personal/Projects/bruce_springsteen_monitor/src/core/components.py", line 533, in check_ultra_efficient
  File "/Users/macbookpro_ronald/Documents/Personal/Projects/bruce_springsteen_monitor/src/core/components.py", line 653, in _enforce_rate_limiting
AttributeError: 'ProfileAwareLightweightMonitor' object has no attribute 'request_timestamps'
2025-06-03 23:02:28.153 | ERROR    | src.core.orchestrator          | _monitor_single_target_loop | Error monitoring Bruce Springsteen Resale (VT): 'ProfileAwareLightweightMonitor' object has no attribute 'request_timestamps'
Traceback (most recent call last):
  File "/Users/macbookpro_ronald/Documents/Personal/Projects/bruce_springsteen_monitor/src/core/orchestrator.py", line 516, in _monitor_single_target_loop
    opportunities = await self.monitor.check_ultra_efficient(
                    ^^^^^^^^^^^^^^^^^^^^^^^^^^^^^^^^^^^^^^^^^
        platform, url, event_name, priority
        ^^^^^^^^^^^^^^^^^^^^^^^^^^^^^^^^^^^
    )
    ^
  File "/Users/macbookpro_ronald/Documents/Personal/Projects/bruce_springsteen_monitor/src/core/components.py", line 533, in check_ultra_efficient
  File "/Users/macbookpro_ronald/Documents/Personal/Projects/bruce_springsteen_monitor/src/core/components.py", line 653, in _enforce_rate_limiting
AttributeError: 'ProfileAwareLightweightMonitor' object has no attribute 'request_timestamps'
2025-06-03 23:02:29.296 | ERROR    | src.core.orchestrator          | _metrics_reporter_loop | Metrics reporter error: 'ResponseCache' object has no attribute 'current_size_mb'
Traceback (most recent call last):
  File "/Users/macbookpro_ronald/Documents/Personal/Projects/bruce_springsteen_monitor/src/core/orchestrator.py", line 898, in _metrics_reporter_loop
    report = self._generate_metrics_report()
  File "/Users/macbookpro_ronald/Documents/Personal/Projects/bruce_springsteen_monitor/src/core/orchestrator.py", line 958, in _generate_metrics_report
    f"Size={self.response_cache.current_size_mb if self.response_cache else 0:.1f}MB",
            ^^^^^^^^^^^^^^^^^^^^^^^^^^^^^^^^^^^
AttributeError: 'ResponseCache' object has no attribute 'current_size_mb'. Did you mean: 'current_size_bytes'?
2025-06-03 23:02:29.390 | ERROR    | src.core.orchestrator          | _cache_maintenance_loop | Cache maintenance error: 'ResponseCache' object has no attribute 'clear_old_entries'
Traceback (most recent call last):
  File "/Users/macbookpro_ronald/Documents/Personal/Projects/bruce_springsteen_monitor/src/core/orchestrator.py", line 850, in _cache_maintenance_loop
    cleared = await self.response_cache.clear_old_entries(max_age_seconds=300)
                    ^^^^^^^^^^^^^^^^^^^^^^^^^^^^^^^^^^^^^
AttributeError: 'ResponseCache' object has no attribute 'clear_old_entries'
2025-06-03 23:02:46.272 | ERROR    | src.core.orchestrator          | _monitor_single_target_loop | Error monitoring Bruce Springsteen San Siro 2025 (TM): 'ProfileAwareLightweightMonitor' object has no attribute 'request_timestamps'
Traceback (most recent call last):
  File "/Users/macbookpro_ronald/Documents/Personal/Projects/bruce_springsteen_monitor/src/core/orchestrator.py", line 516, in _monitor_single_target_loop
    opportunities = await self.monitor.check_ultra_efficient(
                    ^^^^^^^^^^^^^^^^^^^^^^^^^^^^^^^^^^^^^^^^^
        platform, url, event_name, priority
        ^^^^^^^^^^^^^^^^^^^^^^^^^^^^^^^^^^^
    )
    ^
  File "/Users/macbookpro_ronald/Documents/Personal/Projects/bruce_springsteen_monitor/src/core/components.py", line 533, in check_ultra_efficient
  File "/Users/macbookpro_ronald/Documents/Personal/Projects/bruce_springsteen_monitor/src/core/components.py", line 653, in _enforce_rate_limiting
AttributeError: 'ProfileAwareLightweightMonitor' object has no attribute 'request_timestamps'
2025-06-03 23:03:05.319 | ERROR    | src.core.orchestrator          | _monitor_single_target_loop | Error monitoring Bruce Springsteen Milano 2025 (FS): 'ProfileAwareLightweightMonitor' object has no attribute 'request_timestamps'
Traceback (most recent call last):
  File "/Users/macbookpro_ronald/Documents/Personal/Projects/bruce_springsteen_monitor/src/core/orchestrator.py", line 516, in _monitor_single_target_loop
    opportunities = await self.monitor.check_ultra_efficient(
                    ^^^^^^^^^^^^^^^^^^^^^^^^^^^^^^^^^^^^^^^^^
        platform, url, event_name, priority
        ^^^^^^^^^^^^^^^^^^^^^^^^^^^^^^^^^^^
    )
    ^
  File "/Users/macbookpro_ronald/Documents/Personal/Projects/bruce_springsteen_monitor/src/core/components.py", line 533, in check_ultra_efficient
  File "/Users/macbookpro_ronald/Documents/Personal/Projects/bruce_springsteen_monitor/src/core/components.py", line 653, in _enforce_rate_limiting
AttributeError: 'ProfileAwareLightweightMonitor' object has no attribute 'request_timestamps'
2025-06-03 23:03:29.298 | ERROR    | src.core.orchestrator          | _metrics_reporter_loop | Metrics reporter error: 'ResponseCache' object has no attribute 'current_size_mb'
Traceback (most recent call last):
  File "/Users/macbookpro_ronald/Documents/Personal/Projects/bruce_springsteen_monitor/src/core/orchestrator.py", line 898, in _metrics_reporter_loop
    report = self._generate_metrics_report()
  File "/Users/macbookpro_ronald/Documents/Personal/Projects/bruce_springsteen_monitor/src/core/orchestrator.py", line 958, in _generate_metrics_report
    f"Size={self.response_cache.current_size_bytes / (1024*1024) if self.response_cache else 0:.1f}MB",
            ^^^^^^^^^^^^^^^^^^^^^^^^^^^^^^^^^^^
AttributeError: 'ResponseCache' object has no attribute 'current_size_mb'. Did you mean: 'current_size_bytes'?
2025-06-03 23:04:09.235 | ERROR    | src.core.orchestrator          | _monitor_single_target_loop | Error monitoring Bruce Springsteen Milano 2025 (FS): 'ProfileAwareLightweightMonitor' object has no attribute 'request_timestamps'
Traceback (most recent call last):
  File "/Users/macbookpro_ronald/Documents/Personal/Projects/bruce_springsteen_monitor/src/core/orchestrator.py", line 516, in _monitor_single_target_loop
    opportunities = await self.monitor.check_ultra_efficient(
                    ^^^^^^^^^^^^^^^^^^^^^^^^^^^^^^^^^^^^^^^^^
        platform, url, event_name, priority
        ^^^^^^^^^^^^^^^^^^^^^^^^^^^^^^^^^^^
    )
    ^
  File "/Users/macbookpro_ronald/Documents/Personal/Projects/bruce_springsteen_monitor/src/core/components.py", line 533, in check_ultra_efficient
  File "/Users/macbookpro_ronald/Documents/Personal/Projects/bruce_springsteen_monitor/src/core/components.py", line 653, in _enforce_rate_limiting
AttributeError: 'ProfileAwareLightweightMonitor' object has no attribute 'request_timestamps'
2025-06-03 23:04:12.603 | ERROR    | src.core.orchestrator          | _monitor_single_target_loop | Error monitoring Bruce Springsteen San Siro 2025 (TM): 'ProfileAwareLightweightMonitor' object has no attribute 'request_timestamps'
Traceback (most recent call last):
  File "/Users/macbookpro_ronald/Documents/Personal/Projects/bruce_springsteen_monitor/src/core/orchestrator.py", line 516, in _monitor_single_target_loop
    opportunities = await self.monitor.check_ultra_efficient(
                    ^^^^^^^^^^^^^^^^^^^^^^^^^^^^^^^^^^^^^^^^^
        platform, url, event_name, priority
        ^^^^^^^^^^^^^^^^^^^^^^^^^^^^^^^^^^^
    )
    ^
  File "/Users/macbookpro_ronald/Documents/Personal/Projects/bruce_springsteen_monitor/src/core/components.py", line 533, in check_ultra_efficient
  File "/Users/macbookpro_ronald/Documents/Personal/Projects/bruce_springsteen_monitor/src/core/components.py", line 653, in _enforce_rate_limiting
AttributeError: 'ProfileAwareLightweightMonitor' object has no attribute 'request_timestamps'
2025-06-03 23:04:29.302 | ERROR    | src.core.orchestrator          | _metrics_reporter_loop | Metrics reporter error: 'ResponseCache' object has no attribute 'current_size_mb'
Traceback (most recent call last):
  File "/Users/macbookpro_ronald/Documents/Personal/Projects/bruce_springsteen_monitor/src/core/orchestrator.py", line 898, in _metrics_reporter_loop
    report = self._generate_metrics_report()
  File "/Users/macbookpro_ronald/Documents/Personal/Projects/bruce_springsteen_monitor/src/core/orchestrator.py", line 958, in _generate_metrics_report
    f"Size={self.response_cache.current_size_bytes / (1024*1024) if self.response_cache else 0:.1f}MB",
            ^^^^^^^^^^^^^^^^^^^^^^^^^^^^^^^^^^^
AttributeError: 'ResponseCache' object has no attribute 'current_size_mb'. Did you mean: 'current_size_bytes'?
2025-06-03 23:04:29.393 | ERROR    | src.core.orchestrator          | _cache_maintenance_loop | Cache maintenance error: 'ResponseCache' object has no attribute 'clear_old_entries'
Traceback (most recent call last):
  File "/Users/macbookpro_ronald/Documents/Personal/Projects/bruce_springsteen_monitor/src/core/orchestrator.py", line 850, in _cache_maintenance_loop
    cleared = await self.response_cache.clear_old_entries(max_age_seconds=300)
                    ^^^^^^^^^^^^^^^^^^^^^^^^^^^^^^^^^^^^^
AttributeError: 'ResponseCache' object has no attribute 'clear_old_entries'
2025-06-03 23:05:18.161 | ERROR    | src.core.orchestrator          | _monitor_single_target_loop | Error monitoring Bruce Springsteen Milano 2025 (FS): 'ProfileAwareLightweightMonitor' object has no attribute 'request_timestamps'
Traceback (most recent call last):
  File "/Users/macbookpro_ronald/Documents/Personal/Projects/bruce_springsteen_monitor/src/core/orchestrator.py", line 516, in _monitor_single_target_loop
    opportunities = await self.monitor.check_ultra_efficient(
                    ^^^^^^^^^^^^^^^^^^^^^^^^^^^^^^^^^^^^^^^^^
        platform, url, event_name, priority
        ^^^^^^^^^^^^^^^^^^^^^^^^^^^^^^^^^^^
    )
    ^
  File "/Users/macbookpro_ronald/Documents/Personal/Projects/bruce_springsteen_monitor/src/core/components.py", line 533, in check_ultra_efficient
  File "/Users/macbookpro_ronald/Documents/Personal/Projects/bruce_springsteen_monitor/src/core/components.py", line 653, in _enforce_rate_limiting
AttributeError: 'ProfileAwareLightweightMonitor' object has no attribute 'request_timestamps'
2025-06-03 23:05:29.305 | ERROR    | src.core.orchestrator          | _metrics_reporter_loop | Metrics reporter error: 'ResponseCache' object has no attribute 'current_size_mb'
Traceback (most recent call last):
  File "/Users/macbookpro_ronald/Documents/Personal/Projects/bruce_springsteen_monitor/src/core/orchestrator.py", line 898, in _metrics_reporter_loop
    report = self._generate_metrics_report()
  File "/Users/macbookpro_ronald/Documents/Personal/Projects/bruce_springsteen_monitor/src/core/orchestrator.py", line 958, in _generate_metrics_report
    f"Size={self.response_cache.current_size_bytes / (1024*1024) if self.response_cache else 0:.1f}MB",
            ^^^^^^^^^^^^^^^^^^^^^^^^^^^^^^^^^^^
AttributeError: 'ResponseCache' object has no attribute 'current_size_mb'. Did you mean: 'current_size_bytes'?
2025-06-03 23:05:30.431 | ERROR    | src.core.orchestrator          | _monitor_single_target_loop | Error monitoring Bruce Springsteen Resale (VT): 'ProfileAwareLightweightMonitor' object has no attribute 'request_timestamps'
Traceback (most recent call last):
  File "/Users/macbookpro_ronald/Documents/Personal/Projects/bruce_springsteen_monitor/src/core/orchestrator.py", line 516, in _monitor_single_target_loop
    opportunities = await self.monitor.check_ultra_efficient(
                    ^^^^^^^^^^^^^^^^^^^^^^^^^^^^^^^^^^^^^^^^^
        platform, url, event_name, priority
        ^^^^^^^^^^^^^^^^^^^^^^^^^^^^^^^^^^^
    )
    ^
  File "/Users/macbookpro_ronald/Documents/Personal/Projects/bruce_springsteen_monitor/src/core/components.py", line 533, in check_ultra_efficient
  File "/Users/macbookpro_ronald/Documents/Personal/Projects/bruce_springsteen_monitor/src/core/components.py", line 653, in _enforce_rate_limiting
AttributeError: 'ProfileAwareLightweightMonitor' object has no attribute 'request_timestamps'
2025-06-03 23:05:44.862 | ERROR    | src.core.orchestrator          | _monitor_single_target_loop | Error monitoring Bruce Springsteen San Siro 2025 (TM): 'ProfileAwareLightweightMonitor' object has no attribute 'request_timestamps'
Traceback (most recent call last):
  File "/Users/macbookpro_ronald/Documents/Personal/Projects/bruce_springsteen_monitor/src/core/orchestrator.py", line 516, in _monitor_single_target_loop
    opportunities = await self.monitor.check_ultra_efficient(
                    ^^^^^^^^^^^^^^^^^^^^^^^^^^^^^^^^^^^^^^^^^
        platform, url, event_name, priority
        ^^^^^^^^^^^^^^^^^^^^^^^^^^^^^^^^^^^
    )
    ^
  File "/Users/macbookpro_ronald/Documents/Personal/Projects/bruce_springsteen_monitor/src/core/components.py", line 533, in check_ultra_efficient
  File "/Users/macbookpro_ronald/Documents/Personal/Projects/bruce_springsteen_monitor/src/core/components.py", line 653, in _enforce_rate_limiting
AttributeError: 'ProfileAwareLightweightMonitor' object has no attribute 'request_timestamps'
2025-06-03 23:06:17.626 | ERROR    | src.core.orchestrator          | _monitor_single_target_loop | Error monitoring Bruce Springsteen Milano 2025 (FS): 'ProfileAwareLightweightMonitor' object has no attribute 'request_timestamps'
Traceback (most recent call last):
  File "/Users/macbookpro_ronald/Documents/Personal/Projects/bruce_springsteen_monitor/src/core/orchestrator.py", line 516, in _monitor_single_target_loop
    opportunities = await self.monitor.check_ultra_efficient(
                    ^^^^^^^^^^^^^^^^^^^^^^^^^^^^^^^^^^^^^^^^^
        platform, url, event_name, priority
        ^^^^^^^^^^^^^^^^^^^^^^^^^^^^^^^^^^^
    )
    ^
  File "/Users/macbookpro_ronald/Documents/Personal/Projects/bruce_springsteen_monitor/src/core/components.py", line 533, in check_ultra_efficient
  File "/Users/macbookpro_ronald/Documents/Personal/Projects/bruce_springsteen_monitor/src/core/components.py", line 653, in _enforce_rate_limiting
AttributeError: 'ProfileAwareLightweightMonitor' object has no attribute 'request_timestamps'
2025-06-03 23:06:29.307 | ERROR    | src.core.orchestrator          | _metrics_reporter_loop | Metrics reporter error: 'ResponseCache' object has no attribute 'current_size_mb'
Traceback (most recent call last):
  File "/Users/macbookpro_ronald/Documents/Personal/Projects/bruce_springsteen_monitor/src/core/orchestrator.py", line 898, in _metrics_reporter_loop
    report = self._generate_metrics_report()
  File "/Users/macbookpro_ronald/Documents/Personal/Projects/bruce_springsteen_monitor/src/core/orchestrator.py", line 958, in _generate_metrics_report
    f"Size={self.response_cache.current_size_bytes / (1024*1024) if self.response_cache else 0:.1f}MB",
            ^^^^^^^^^^^^^^^^^^^^^^^^^^^^^^^^^^^
AttributeError: 'ResponseCache' object has no attribute 'current_size_mb'. Did you mean: 'current_size_bytes'?
2025-06-03 23:06:29.396 | ERROR    | src.core.orchestrator          | _cache_maintenance_loop | Cache maintenance error: 'ResponseCache' object has no attribute 'clear_old_entries'
Traceback (most recent call last):
  File "/Users/macbookpro_ronald/Documents/Personal/Projects/bruce_springsteen_monitor/src/core/orchestrator.py", line 850, in _cache_maintenance_loop
    cleared = await self.response_cache.clear_old_entries(max_age_seconds=300)
                    ^^^^^^^^^^^^^^^^^^^^^^^^^^^^^^^^^^^^^
AttributeError: 'ResponseCache' object has no attribute 'clear_old_entries'
2025-06-04 00:29:09.144 | CRITICAL | __main__                       | async_main_logic     | Fatal error in async_main_logic: 'ProfileAwareLightweightMonitor' object has no attribute 'default_check_interval'
Traceback (most recent call last):
  File "/Users/macbookpro_ronald/Documents/Personal/Projects/bruce_springsteen_monitor/src/main.py", line 256, in async_main_logic
    await _orchestrator_instance.run(stop_event)
  File "/Users/macbookpro_ronald/Documents/Personal/Projects/bruce_springsteen_monitor/src/core/orchestrator.py", line 336, in run
    await self._apply_mode_specific_settings()
  File "/Users/macbookpro_ronald/Documents/Personal/Projects/bruce_springsteen_monitor/src/core/orchestrator.py", line 410, in _apply_mode_specific_settings
    self.monitor.default_check_interval *= settings['min_interval_multiplier']
    ^^^^^^^^^^^^^^^^^^^^^^^^^^^^^^^^^^^
AttributeError: 'ProfileAwareLightweightMonitor' object has no attribute 'default_check_interval'
2025-06-04 00:31:55.039 | ERROR    | src.core.orchestrator          | _monitor_single_target_loop | Error monitoring Bruce Springsteen Milano 2025 (FS): 'ProfileAwareLightweightMonitor' object has no attribute 'cache_max_age_s'
Traceback (most recent call last):
  File "/Users/macbookpro_ronald/Documents/Personal/Projects/bruce_springsteen_monitor/src/core/orchestrator.py", line 516, in _monitor_single_target_loop
    opportunities = await self.monitor.check_ultra_efficient(
                    ^^^^^^^^^^^^^^^^^^^^^^^^^^^^^^^^^^^^^^^^^
        platform, url, event_name, priority
        ^^^^^^^^^^^^^^^^^^^^^^^^^^^^^^^^^^^
    )
    ^
  File "/Users/macbookpro_ronald/Documents/Personal/Projects/bruce_springsteen_monitor/src/core/components.py", line 545, in check_ultra_efficient
    cached_content = await self.response_cache.get(url, max_age_seconds=self.cache_max_age_s)
                                                                        ^^^^^^^^^^^^^^^^^^^^
AttributeError: 'ProfileAwareLightweightMonitor' object has no attribute 'cache_max_age_s'
2025-06-04 00:31:55.042 | ERROR    | src.core.orchestrator          | _monitor_single_target_loop | Error monitoring Bruce Springsteen San Siro 2025 (TM): 'ProfileAwareLightweightMonitor' object has no attribute 'cache_max_age_s'
Traceback (most recent call last):
  File "/Users/macbookpro_ronald/Documents/Personal/Projects/bruce_springsteen_monitor/src/core/orchestrator.py", line 516, in _monitor_single_target_loop
    opportunities = await self.monitor.check_ultra_efficient(
                    ^^^^^^^^^^^^^^^^^^^^^^^^^^^^^^^^^^^^^^^^^
        platform, url, event_name, priority
        ^^^^^^^^^^^^^^^^^^^^^^^^^^^^^^^^^^^
    )
    ^
  File "/Users/macbookpro_ronald/Documents/Personal/Projects/bruce_springsteen_monitor/src/core/components.py", line 545, in check_ultra_efficient
    cached_content = await self.response_cache.get(url, max_age_seconds=self.cache_max_age_s)
                                                                        ^^^^^^^^^^^^^^^^^^^^
AttributeError: 'ProfileAwareLightweightMonitor' object has no attribute 'cache_max_age_s'
2025-06-04 00:31:55.042 | ERROR    | src.core.orchestrator          | _monitor_single_target_loop | Error monitoring Bruce Springsteen Resale (VT): 'ProfileAwareLightweightMonitor' object has no attribute 'cache_max_age_s'
Traceback (most recent call last):
  File "/Users/macbookpro_ronald/Documents/Personal/Projects/bruce_springsteen_monitor/src/core/orchestrator.py", line 516, in _monitor_single_target_loop
    opportunities = await self.monitor.check_ultra_efficient(
                    ^^^^^^^^^^^^^^^^^^^^^^^^^^^^^^^^^^^^^^^^^
        platform, url, event_name, priority
        ^^^^^^^^^^^^^^^^^^^^^^^^^^^^^^^^^^^
    )
    ^
  File "/Users/macbookpro_ronald/Documents/Personal/Projects/bruce_springsteen_monitor/src/core/components.py", line 545, in check_ultra_efficient
    cached_content = await self.response_cache.get(url, max_age_seconds=self.cache_max_age_s)
                                                                        ^^^^^^^^^^^^^^^^^^^^
AttributeError: 'ProfileAwareLightweightMonitor' object has no attribute 'cache_max_age_s'
2025-06-04 00:31:55.045 | CRITICAL | __main__                       | async_main_logic     | Fatal error in async_main_logic: 'UnifiedOrchestrator' object has no attribute '_cache_maintenance_loop'
Traceback (most recent call last):
  File "/Users/macbookpro_ronald/Documents/Personal/Projects/bruce_springsteen_monitor/src/main.py", line 256, in async_main_logic
    await _orchestrator_instance.run(stop_event)
  File "/Users/macbookpro_ronald/Documents/Personal/Projects/bruce_springsteen_monitor/src/core/orchestrator.py", line 345, in run
    asyncio.create_task(self._cache_maintenance_loop(stop_event), name="cache_maintenance"),
                        ^^^^^^^^^^^^^^^^^^^^^^^^^^^^
AttributeError: 'UnifiedOrchestrator' object has no attribute '_cache_maintenance_loop'
2025-06-04 00:32:55.558 | ERROR    | src.core.orchestrator          | _monitor_single_target_loop | Error monitoring Bruce Springsteen Milano 2025 (FS): 'ProfileAwareLightweightMonitor' object has no attribute 'cache_max_age_s'
Traceback (most recent call last):
  File "/Users/macbookpro_ronald/Documents/Personal/Projects/bruce_springsteen_monitor/src/core/orchestrator.py", line 516, in _monitor_single_target_loop
    opportunities = await self.monitor.check_ultra_efficient(
                    ^^^^^^^^^^^^^^^^^^^^^^^^^^^^^^^^^^^^^^^^^
        platform, url, event_name, priority
        ^^^^^^^^^^^^^^^^^^^^^^^^^^^^^^^^^^^
    )
    ^
  File "/Users/macbookpro_ronald/Documents/Personal/Projects/bruce_springsteen_monitor/src/core/components.py", line 545, in check_ultra_efficient
    cached_content = await self.response_cache.get(url, max_age_seconds=self.cache_max_age_s)
                                                                        ^^^^^^^^^^^^^^^^^^^^
AttributeError: 'ProfileAwareLightweightMonitor' object has no attribute 'cache_max_age_s'
2025-06-04 00:33:23.898 | ERROR    | src.core.orchestrator          | _monitor_single_target_loop | Error monitoring Bruce Springsteen San Siro 2025 (TM): 'ProfileAwareLightweightMonitor' object has no attribute 'cache_max_age_s'
Traceback (most recent call last):
  File "/Users/macbookpro_ronald/Documents/Personal/Projects/bruce_springsteen_monitor/src/core/orchestrator.py", line 516, in _monitor_single_target_loop
    opportunities = await self.monitor.check_ultra_efficient(
                    ^^^^^^^^^^^^^^^^^^^^^^^^^^^^^^^^^^^^^^^^^
        platform, url, event_name, priority
        ^^^^^^^^^^^^^^^^^^^^^^^^^^^^^^^^^^^
    )
    ^
  File "/Users/macbookpro_ronald/Documents/Personal/Projects/bruce_springsteen_monitor/src/core/components.py", line 545, in check_ultra_efficient
    cached_content = await self.response_cache.get(url, max_age_seconds=self.cache_max_age_s)
                                                                        ^^^^^^^^^^^^^^^^^^^^
AttributeError: 'ProfileAwareLightweightMonitor' object has no attribute 'cache_max_age_s'
2025-06-04 00:34:04.291 | ERROR    | src.core.orchestrator          | _monitor_single_target_loop | Error monitoring Bruce Springsteen Milano 2025 (FS): 'ProfileAwareLightweightMonitor' object has no attribute 'cache_max_age_s'
Traceback (most recent call last):
  File "/Users/macbookpro_ronald/Documents/Personal/Projects/bruce_springsteen_monitor/src/core/orchestrator.py", line 516, in _monitor_single_target_loop
    opportunities = await self.monitor.check_ultra_efficient(
                    ^^^^^^^^^^^^^^^^^^^^^^^^^^^^^^^^^^^^^^^^^
        platform, url, event_name, priority
        ^^^^^^^^^^^^^^^^^^^^^^^^^^^^^^^^^^^
    )
    ^
  File "/Users/macbookpro_ronald/Documents/Personal/Projects/bruce_springsteen_monitor/src/core/components.py", line 545, in check_ultra_efficient
    cached_content = await self.response_cache.get(url, max_age_seconds=self.cache_max_age_s)
                                                                        ^^^^^^^^^^^^^^^^^^^^
AttributeError: 'ProfileAwareLightweightMonitor' object has no attribute 'cache_max_age_s'
2025-06-04 00:34:54.386 | ERROR    | src.core.orchestrator          | _monitor_single_target_loop | Error monitoring Bruce Springsteen San Siro 2025 (TM): 'ProfileAwareLightweightMonitor' object has no attribute 'cache_max_age_s'
Traceback (most recent call last):
  File "/Users/macbookpro_ronald/Documents/Personal/Projects/bruce_springsteen_monitor/src/core/orchestrator.py", line 516, in _monitor_single_target_loop
    opportunities = await self.monitor.check_ultra_efficient(
                    ^^^^^^^^^^^^^^^^^^^^^^^^^^^^^^^^^^^^^^^^^
        platform, url, event_name, priority
        ^^^^^^^^^^^^^^^^^^^^^^^^^^^^^^^^^^^
    )
    ^
  File "/Users/macbookpro_ronald/Documents/Personal/Projects/bruce_springsteen_monitor/src/core/components.py", line 545, in check_ultra_efficient
    cached_content = await self.response_cache.get(url, max_age_seconds=self.cache_max_age_s)
                                                                        ^^^^^^^^^^^^^^^^^^^^
AttributeError: 'ProfileAwareLightweightMonitor' object has no attribute 'cache_max_age_s'
2025-06-04 00:35:00.147 | ERROR    | src.core.orchestrator          | _monitor_single_target_loop | Error monitoring Bruce Springsteen Resale (VT): 'ProfileAwareLightweightMonitor' object has no attribute 'cache_max_age_s'
Traceback (most recent call last):
  File "/Users/macbookpro_ronald/Documents/Personal/Projects/bruce_springsteen_monitor/src/core/orchestrator.py", line 516, in _monitor_single_target_loop
    opportunities = await self.monitor.check_ultra_efficient(
                    ^^^^^^^^^^^^^^^^^^^^^^^^^^^^^^^^^^^^^^^^^
        platform, url, event_name, priority
        ^^^^^^^^^^^^^^^^^^^^^^^^^^^^^^^^^^^
    )
    ^
  File "/Users/macbookpro_ronald/Documents/Personal/Projects/bruce_springsteen_monitor/src/core/components.py", line 545, in check_ultra_efficient
    cached_content = await self.response_cache.get(url, max_age_seconds=self.cache_max_age_s)
                                                                        ^^^^^^^^^^^^^^^^^^^^
AttributeError: 'ProfileAwareLightweightMonitor' object has no attribute 'cache_max_age_s'
2025-06-04 00:35:13.013 | ERROR    | src.core.orchestrator          | _monitor_single_target_loop | Error monitoring Bruce Springsteen Milano 2025 (FS): 'ProfileAwareLightweightMonitor' object has no attribute 'cache_max_age_s'
Traceback (most recent call last):
  File "/Users/macbookpro_ronald/Documents/Personal/Projects/bruce_springsteen_monitor/src/core/orchestrator.py", line 516, in _monitor_single_target_loop
    opportunities = await self.monitor.check_ultra_efficient(
                    ^^^^^^^^^^^^^^^^^^^^^^^^^^^^^^^^^^^^^^^^^
        platform, url, event_name, priority
        ^^^^^^^^^^^^^^^^^^^^^^^^^^^^^^^^^^^
    )
    ^
  File "/Users/macbookpro_ronald/Documents/Personal/Projects/bruce_springsteen_monitor/src/core/components.py", line 545, in check_ultra_efficient
    cached_content = await self.response_cache.get(url, max_age_seconds=self.cache_max_age_s)
                                                                        ^^^^^^^^^^^^^^^^^^^^
AttributeError: 'ProfileAwareLightweightMonitor' object has no attribute 'cache_max_age_s'
2025-06-04 00:36:12.039 | ERROR    | src.core.orchestrator          | _monitor_single_target_loop | Error monitoring Bruce Springsteen Milano 2025 (FS): 'ProfileAwareLightweightMonitor' object has no attribute 'cache_max_age_s'
Traceback (most recent call last):
  File "/Users/macbookpro_ronald/Documents/Personal/Projects/bruce_springsteen_monitor/src/core/orchestrator.py", line 516, in _monitor_single_target_loop
    opportunities = await self.monitor.check_ultra_efficient(
                    ^^^^^^^^^^^^^^^^^^^^^^^^^^^^^^^^^^^^^^^^^
        platform, url, event_name, priority
        ^^^^^^^^^^^^^^^^^^^^^^^^^^^^^^^^^^^
    )
    ^
  File "/Users/macbookpro_ronald/Documents/Personal/Projects/bruce_springsteen_monitor/src/core/components.py", line 545, in check_ultra_efficient
    cached_content = await self.response_cache.get(url, max_age_seconds=self.cache_max_age_s)
                                                                        ^^^^^^^^^^^^^^^^^^^^
AttributeError: 'ProfileAwareLightweightMonitor' object has no attribute 'cache_max_age_s'
2025-06-04 00:36:21.641 | ERROR    | src.core.orchestrator          | _monitor_single_target_loop | Error monitoring Bruce Springsteen San Siro 2025 (TM): 'ProfileAwareLightweightMonitor' object has no attribute 'cache_max_age_s'
Traceback (most recent call last):
  File "/Users/macbookpro_ronald/Documents/Personal/Projects/bruce_springsteen_monitor/src/core/orchestrator.py", line 516, in _monitor_single_target_loop
    opportunities = await self.monitor.check_ultra_efficient(
                    ^^^^^^^^^^^^^^^^^^^^^^^^^^^^^^^^^^^^^^^^^
        platform, url, event_name, priority
        ^^^^^^^^^^^^^^^^^^^^^^^^^^^^^^^^^^^
    )
    ^
  File "/Users/macbookpro_ronald/Documents/Personal/Projects/bruce_springsteen_monitor/src/core/components.py", line 545, in check_ultra_efficient
    cached_content = await self.response_cache.get(url, max_age_seconds=self.cache_max_age_s)
                                                                        ^^^^^^^^^^^^^^^^^^^^
AttributeError: 'ProfileAwareLightweightMonitor' object has no attribute 'cache_max_age_s'
2025-06-04 00:41:36.338 | ERROR    | src.core.managers              | get_client           | Error creating httpx client for profile fansale_62ba7da7: Using http2=True, but the 'h2' package is not installed. Make sure to install httpx using `pip install httpx[http2]`.
Traceback (most recent call last):
  File "/Users/macbookpro_ronald/Documents/Personal/Projects/bruce_springsteen_monitor/src/core/managers.py", line 85, in get_client
    self.pools[client_key] = httpx.AsyncClient(
                             ~~~~~~~~~~~~~~~~~^
        limits=limits,
        ^^^^^^^^^^^^^^
    ...<5 lines>...
        http2=True,
        ^^^^^^^^^^^
    )
    ^
  File "/Users/macbookpro_ronald/Documents/Personal/Projects/bruce_springsteen_monitor/venv/lib/python3.13/site-packages/httpx/_client.py", line 1394, in __init__
    raise ImportError(
    ...<2 lines>...
    ) from None
ImportError: Using http2=True, but the 'h2' package is not installed. Make sure to install httpx using `pip install httpx[http2]`.
2025-06-04 00:41:36.340 | ERROR    | src.core.components            | check_ultra_efficient | Unexpected error for Bruce Springsteen Milano 2025 (FS): Using http2=True, but the 'h2' package is not installed. Make sure to install httpx using `pip install httpx[http2]`.
Traceback (most recent call last):
  File "/Users/macbookpro_ronald/Documents/Personal/Projects/bruce_springsteen_monitor/src/core/components.py", line 567, in check_ultra_efficient
    http_client = await self.connection_pool.get_client(profile, use_tls_fingerprint=True)
                  ^^^^^^^^^^^^^^^^^^^^^^^^^^^^^^^^^^^^^^^^^^^^^^^^^^^^^^^^^^^^^^^^^^^^^^^^
  File "/Users/macbookpro_ronald/Documents/Personal/Projects/bruce_springsteen_monitor/src/core/managers.py", line 85, in get_client
    self.pools[client_key] = httpx.AsyncClient(
                             ~~~~~~~~~~~~~~~~~^
        limits=limits,
        ^^^^^^^^^^^^^^
    ...<5 lines>...
        http2=True,
        ^^^^^^^^^^^
    )
    ^
  File "/Users/macbookpro_ronald/Documents/Personal/Projects/bruce_springsteen_monitor/venv/lib/python3.13/site-packages/httpx/_client.py", line 1394, in __init__
    raise ImportError(
    ...<2 lines>...
    ) from None
ImportError: Using http2=True, but the 'h2' package is not installed. Make sure to install httpx using `pip install httpx[http2]`.
2025-06-04 00:41:36.353 | ERROR    | src.core.managers              | get_client           | Error creating httpx client for profile ticketmaster_2708f713: Using http2=True, but the 'h2' package is not installed. Make sure to install httpx using `pip install httpx[http2]`.
Traceback (most recent call last):
  File "/Users/macbookpro_ronald/Documents/Personal/Projects/bruce_springsteen_monitor/src/core/managers.py", line 85, in get_client
    self.pools[client_key] = httpx.AsyncClient(
                             ~~~~~~~~~~~~~~~~~^
        limits=limits,
        ^^^^^^^^^^^^^^
    ...<5 lines>...
        http2=True,
        ^^^^^^^^^^^
    )
    ^
  File "/Users/macbookpro_ronald/Documents/Personal/Projects/bruce_springsteen_monitor/venv/lib/python3.13/site-packages/httpx/_client.py", line 1394, in __init__
    raise ImportError(
    ...<2 lines>...
    ) from None
ImportError: Using http2=True, but the 'h2' package is not installed. Make sure to install httpx using `pip install httpx[http2]`.
2025-06-04 00:41:36.354 | ERROR    | src.core.components            | check_ultra_efficient | Unexpected error for Bruce Springsteen San Siro 2025 (TM): Using http2=True, but the 'h2' package is not installed. Make sure to install httpx using `pip install httpx[http2]`.
Traceback (most recent call last):
  File "/Users/macbookpro_ronald/Documents/Personal/Projects/bruce_springsteen_monitor/src/core/components.py", line 567, in check_ultra_efficient
    http_client = await self.connection_pool.get_client(profile, use_tls_fingerprint=True)
                  ^^^^^^^^^^^^^^^^^^^^^^^^^^^^^^^^^^^^^^^^^^^^^^^^^^^^^^^^^^^^^^^^^^^^^^^^
  File "/Users/macbookpro_ronald/Documents/Personal/Projects/bruce_springsteen_monitor/src/core/managers.py", line 85, in get_client
    self.pools[client_key] = httpx.AsyncClient(
                             ~~~~~~~~~~~~~~~~~^
        limits=limits,
        ^^^^^^^^^^^^^^
    ...<5 lines>...
        http2=True,
        ^^^^^^^^^^^
    )
    ^
  File "/Users/macbookpro_ronald/Documents/Personal/Projects/bruce_springsteen_monitor/venv/lib/python3.13/site-packages/httpx/_client.py", line 1394, in __init__
    raise ImportError(
    ...<2 lines>...
    ) from None
ImportError: Using http2=True, but the 'h2' package is not installed. Make sure to install httpx using `pip install httpx[http2]`.
2025-06-04 00:41:36.367 | ERROR    | src.core.managers              | get_client           | Error creating httpx client for profile vivaticket_869307af: Using http2=True, but the 'h2' package is not installed. Make sure to install httpx using `pip install httpx[http2]`.
Traceback (most recent call last):
  File "/Users/macbookpro_ronald/Documents/Personal/Projects/bruce_springsteen_monitor/src/core/managers.py", line 85, in get_client
    self.pools[client_key] = httpx.AsyncClient(
                             ~~~~~~~~~~~~~~~~~^
        limits=limits,
        ^^^^^^^^^^^^^^
    ...<5 lines>...
        http2=True,
        ^^^^^^^^^^^
    )
    ^
  File "/Users/macbookpro_ronald/Documents/Personal/Projects/bruce_springsteen_monitor/venv/lib/python3.13/site-packages/httpx/_client.py", line 1394, in __init__
    raise ImportError(
    ...<2 lines>...
    ) from None
ImportError: Using http2=True, but the 'h2' package is not installed. Make sure to install httpx using `pip install httpx[http2]`.
2025-06-04 00:41:36.367 | ERROR    | src.core.components            | check_ultra_efficient | Unexpected error for Bruce Springsteen Resale (VT): Using http2=True, but the 'h2' package is not installed. Make sure to install httpx using `pip install httpx[http2]`.
Traceback (most recent call last):
  File "/Users/macbookpro_ronald/Documents/Personal/Projects/bruce_springsteen_monitor/src/core/components.py", line 567, in check_ultra_efficient
    http_client = await self.connection_pool.get_client(profile, use_tls_fingerprint=True)
                  ^^^^^^^^^^^^^^^^^^^^^^^^^^^^^^^^^^^^^^^^^^^^^^^^^^^^^^^^^^^^^^^^^^^^^^^^
  File "/Users/macbookpro_ronald/Documents/Personal/Projects/bruce_springsteen_monitor/src/core/managers.py", line 85, in get_client
    self.pools[client_key] = httpx.AsyncClient(
                             ~~~~~~~~~~~~~~~~~^
        limits=limits,
        ^^^^^^^^^^^^^^
    ...<5 lines>...
        http2=True,
        ^^^^^^^^^^^
    )
    ^
  File "/Users/macbookpro_ronald/Documents/Personal/Projects/bruce_springsteen_monitor/venv/lib/python3.13/site-packages/httpx/_client.py", line 1394, in __init__
    raise ImportError(
    ...<2 lines>...
    ) from None
ImportError: Using http2=True, but the 'h2' package is not installed. Make sure to install httpx using `pip install httpx[http2]`.
