{"timestamp": "2025-06-10T17:46:01.450991", "level": "INFO", "logger": "root", "message": "Logging initialized - Level: INFO, Directory: logs", "module": "logging", "function": "setup_logging", "line": 231, "taskName": null}
{"timestamp": "2025-06-10T17:46:01.452439", "level": "INFO", "logger": "profiles.manager", "message": "Loaded 0 profiles", "module": "manager", "function": "load_all_profiles", "line": 520, "taskName": "Task-1"}
{"timestamp": "2025-06-10T18:02:30.388344", "level": "INFO", "logger": "root", "message": "Logging initialized - Level: INFO, Directory: logs", "module": "logging", "function": "setup_logging", "line": 231, "taskName": null}
{"timestamp": "2025-06-10T18:02:30.390656", "level": "INFO", "logger": "profiles.manager", "message": "Loaded 0 profiles", "module": "manager", "function": "load_all_profiles", "line": 520, "taskName": "Task-1"}
{"timestamp": "2025-06-10T18:06:12.679640", "level": "INFO", "logger": "root", "message": "Logging initialized - Level: INFO, Directory: logs", "module": "logging", "function": "setup_logging", "line": 231, "taskName": null}
{"timestamp": "2025-06-10T18:06:12.681618", "level": "INFO", "logger": "profiles.manager", "message": "Loaded 0 profiles", "module": "manager", "function": "load_all_profiles", "line": 520, "taskName": "Task-1"}
{"timestamp": "2025-06-10T18:13:21.284704", "level": "INFO", "logger": "root", "message": "Logging initialized - Level: INFO, Directory: logs", "module": "logging", "function": "setup_logging", "line": 231, "taskName": null}
{"timestamp": "2025-06-10T18:13:21.286850", "level": "INFO", "logger": "profiles.manager", "message": "Loaded 0 profiles", "module": "manager", "function": "load_all_profiles", "line": 520, "taskName": "Task-1"}
{"timestamp": "2025-06-10T18:37:05.970406", "level": "INFO", "logger": "root", "message": "Logging initialized - Level: INFO, Directory: logs", "module": "logging", "function": "setup_logging", "line": 231, "taskName": "Task-1"}
{"timestamp": "2025-06-10T18:37:05.971868", "level": "INFO", "logger": "profiles.manager", "message": "Loaded 0 profiles", "module": "manager", "function": "load_all_profiles", "line": 520, "taskName": "Task-1"}
{"timestamp": "2025-06-10T18:38:20.106384", "level": "INFO", "logger": "root", "message": "Logging initialized - Level: INFO, Directory: logs", "module": "logging", "function": "setup_logging", "line": 231, "taskName": "Task-1"}
{"timestamp": "2025-06-10T18:38:20.110509", "level": "INFO", "logger": "profiles.manager", "message": "Loaded 0 profiles", "module": "manager", "function": "load_all_profiles", "line": 520, "taskName": "Task-1"}
{"timestamp": "2025-06-10T18:39:22.266357", "level": "INFO", "logger": "root", "message": "Logging initialized - Level: INFO, Directory: logs", "module": "logging", "function": "setup_logging", "line": 231, "taskName": "Task-1"}
{"timestamp": "2025-06-10T18:39:22.479738", "level": "INFO", "logger": "stealth.cdp_bypass_engine", "message": "CDP Stealth  initialized with 2025 evasion capabilities", "module": "cdp_bypass_engine", "function": "__init__", "line": 36, "taskName": "Task-1"}
{"timestamp": "2025-06-10T18:39:22.480080", "level": "INFO", "logger": "network.tls_fingerprint", "message": "TLS Fingerprint Rotator initialized with 8 profiles", "module": "tls_fingerprint", "function": "__init__", "line": 83, "taskName": "Task-1"}
{"timestamp": "2025-06-10T18:39:22.480326", "level": "INFO", "logger": "stealth.core", "message": "StealthCore initialized with maximum evasion capabilities", "module": "core", "function": "__init__", "line": 49, "taskName": "Task-1"}
{"timestamp": "2025-06-10T18:39:22.480660", "level": "INFO", "logger": "stealth.cdp_bypass_engine", "message": "CDP Stealth  initialized with 2025 evasion capabilities", "module": "cdp_bypass_engine", "function": "__init__", "line": 36, "taskName": "Task-1"}
{"timestamp": "2025-06-10T18:39:22.480921", "level": "INFO", "logger": "network.tls_fingerprint", "message": "TLS Fingerprint Rotator initialized with 8 profiles", "module": "tls_fingerprint", "function": "__init__", "line": 83, "taskName": "Task-1"}
{"timestamp": "2025-06-10T18:39:22.481125", "level": "INFO", "logger": "stealth.core", "message": "StealthCore initialized with maximum evasion capabilities", "module": "core", "function": "__init__", "line": 49, "taskName": "Task-1"}
{"timestamp": "2025-06-10T18:39:50.241655", "level": "INFO", "logger": "root", "message": "Logging initialized - Level: INFO, Directory: logs", "module": "logging", "function": "setup_logging", "line": 231, "taskName": "Task-1"}
{"timestamp": "2025-06-10T18:39:50.451353", "level": "INFO", "logger": "stealth.cdp_bypass_engine", "message": "CDP Stealth  initialized with 2025 evasion capabilities", "module": "cdp_bypass_engine", "function": "__init__", "line": 36, "taskName": "Task-1"}
{"timestamp": "2025-06-10T18:39:50.451702", "level": "INFO", "logger": "network.tls_fingerprint", "message": "TLS Fingerprint Rotator initialized with 8 profiles", "module": "tls_fingerprint", "function": "__init__", "line": 83, "taskName": "Task-1"}
{"timestamp": "2025-06-10T18:39:50.451946", "level": "INFO", "logger": "stealth.core", "message": "StealthCore initialized with maximum evasion capabilities", "module": "core", "function": "__init__", "line": 49, "taskName": "Task-1"}
{"timestamp": "2025-06-10T18:39:50.452185", "level": "INFO", "logger": "stealth.cdp_bypass_engine", "message": "CDP Stealth  initialized with 2025 evasion capabilities", "module": "cdp_bypass_engine", "function": "__init__", "line": 36, "taskName": "Task-1"}
{"timestamp": "2025-06-10T18:39:50.452420", "level": "INFO", "logger": "network.tls_fingerprint", "message": "TLS Fingerprint Rotator initialized with 8 profiles", "module": "tls_fingerprint", "function": "__init__", "line": 83, "taskName": "Task-1"}
{"timestamp": "2025-06-10T18:39:50.452610", "level": "INFO", "logger": "stealth.core", "message": "StealthCore initialized with maximum evasion capabilities", "module": "core", "function": "__init__", "line": 49, "taskName": "Task-1"}
{"timestamp": "2025-06-10T18:39:51.068903", "level": "INFO", "logger": "browser.launcher", "message": "Launched headed browser without proxy", "module": "launcher", "function": "launch", "line": 73, "taskName": "Task-1"}
{"timestamp": "2025-06-10T18:40:30.656824", "level": "INFO", "logger": "root", "message": "Logging initialized - Level: INFO, Directory: logs", "module": "logging", "function": "setup_logging", "line": 231, "taskName": "Task-1"}
{"timestamp": "2025-06-10T18:40:30.865525", "level": "INFO", "logger": "stealth.cdp_bypass_engine", "message": "CDP Stealth  initialized with 2025 evasion capabilities", "module": "cdp_bypass_engine", "function": "__init__", "line": 36, "taskName": "Task-1"}
{"timestamp": "2025-06-10T18:40:30.865872", "level": "INFO", "logger": "network.tls_fingerprint", "message": "TLS Fingerprint Rotator initialized with 8 profiles", "module": "tls_fingerprint", "function": "__init__", "line": 83, "taskName": "Task-1"}
{"timestamp": "2025-06-10T18:40:30.866112", "level": "INFO", "logger": "stealth.core", "message": "StealthCore initialized with maximum evasion capabilities", "module": "core", "function": "__init__", "line": 49, "taskName": "Task-1"}
{"timestamp": "2025-06-10T18:40:30.866348", "level": "INFO", "logger": "stealth.cdp_bypass_engine", "message": "CDP Stealth  initialized with 2025 evasion capabilities", "module": "cdp_bypass_engine", "function": "__init__", "line": 36, "taskName": "Task-1"}
{"timestamp": "2025-06-10T18:40:30.866583", "level": "INFO", "logger": "network.tls_fingerprint", "message": "TLS Fingerprint Rotator initialized with 8 profiles", "module": "tls_fingerprint", "function": "__init__", "line": 83, "taskName": "Task-1"}
{"timestamp": "2025-06-10T18:40:30.866789", "level": "INFO", "logger": "stealth.core", "message": "StealthCore initialized with maximum evasion capabilities", "module": "core", "function": "__init__", "line": 49, "taskName": "Task-1"}
{"timestamp": "2025-06-10T18:40:31.437776", "level": "INFO", "logger": "browser.launcher", "message": "Launched headed browser without proxy", "module": "launcher", "function": "launch", "line": 73, "taskName": "Task-1"}
{"timestamp": "2025-06-10T18:40:55.723111", "level": "INFO", "logger": "root", "message": "Logging initialized - Level: INFO, Directory: logs", "module": "logging", "function": "setup_logging", "line": 231, "taskName": "Task-1"}
{"timestamp": "2025-06-10T18:40:55.934681", "level": "INFO", "logger": "stealth.cdp_bypass_engine", "message": "CDP Stealth  initialized with 2025 evasion capabilities", "module": "cdp_bypass_engine", "function": "__init__", "line": 36, "taskName": "Task-1"}
{"timestamp": "2025-06-10T18:40:55.935020", "level": "INFO", "logger": "network.tls_fingerprint", "message": "TLS Fingerprint Rotator initialized with 8 profiles", "module": "tls_fingerprint", "function": "__init__", "line": 83, "taskName": "Task-1"}
{"timestamp": "2025-06-10T18:40:55.935273", "level": "INFO", "logger": "stealth.core", "message": "StealthCore initialized with maximum evasion capabilities", "module": "core", "function": "__init__", "line": 49, "taskName": "Task-1"}
{"timestamp": "2025-06-10T18:40:55.935552", "level": "INFO", "logger": "stealth.cdp_bypass_engine", "message": "CDP Stealth  initialized with 2025 evasion capabilities", "module": "cdp_bypass_engine", "function": "__init__", "line": 36, "taskName": "Task-1"}
{"timestamp": "2025-06-10T18:40:55.935888", "level": "INFO", "logger": "network.tls_fingerprint", "message": "TLS Fingerprint Rotator initialized with 8 profiles", "module": "tls_fingerprint", "function": "__init__", "line": 83, "taskName": "Task-1"}
{"timestamp": "2025-06-10T18:40:55.936135", "level": "INFO", "logger": "stealth.core", "message": "StealthCore initialized with maximum evasion capabilities", "module": "core", "function": "__init__", "line": 49, "taskName": "Task-1"}
{"timestamp": "2025-06-10T18:40:56.497339", "level": "INFO", "logger": "browser.launcher", "message": "Launched headed browser without proxy", "module": "launcher", "function": "launch", "line": 73, "taskName": "Task-1"}
{"timestamp": "2025-06-10T18:41:32.707500", "level": "INFO", "logger": "root", "message": "Logging initialized - Level: INFO, Directory: logs", "module": "logging", "function": "setup_logging", "line": 231, "taskName": "Task-1"}
{"timestamp": "2025-06-10T18:41:32.951225", "level": "INFO", "logger": "stealth.cdp_bypass_engine", "message": "CDP Stealth  initialized with 2025 evasion capabilities", "module": "cdp_bypass_engine", "function": "__init__", "line": 36, "taskName": "Task-1"}
{"timestamp": "2025-06-10T18:41:32.951587", "level": "INFO", "logger": "network.tls_fingerprint", "message": "TLS Fingerprint Rotator initialized with 8 profiles", "module": "tls_fingerprint", "function": "__init__", "line": 83, "taskName": "Task-1"}
{"timestamp": "2025-06-10T18:41:32.951840", "level": "INFO", "logger": "stealth.core", "message": "StealthCore initialized with maximum evasion capabilities", "module": "core", "function": "__init__", "line": 49, "taskName": "Task-1"}
{"timestamp": "2025-06-10T18:41:32.952079", "level": "INFO", "logger": "stealth.cdp_bypass_engine", "message": "CDP Stealth  initialized with 2025 evasion capabilities", "module": "cdp_bypass_engine", "function": "__init__", "line": 36, "taskName": "Task-1"}
{"timestamp": "2025-06-10T18:41:32.952316", "level": "INFO", "logger": "network.tls_fingerprint", "message": "TLS Fingerprint Rotator initialized with 8 profiles", "module": "tls_fingerprint", "function": "__init__", "line": 83, "taskName": "Task-1"}
{"timestamp": "2025-06-10T18:41:32.952524", "level": "INFO", "logger": "stealth.core", "message": "StealthCore initialized with maximum evasion capabilities", "module": "core", "function": "__init__", "line": 49, "taskName": "Task-1"}
{"timestamp": "2025-06-10T18:41:33.595100", "level": "INFO", "logger": "browser.launcher", "message": "Launched headed browser without proxy", "module": "launcher", "function": "launch", "line": 73, "taskName": "Task-1"}
{"timestamp": "2025-06-10T18:41:55.681582", "level": "INFO", "logger": "root", "message": "Logging initialized - Level: INFO, Directory: logs", "module": "logging", "function": "setup_logging", "line": 231, "taskName": "Task-1"}
{"timestamp": "2025-06-10T18:41:55.796541", "level": "INFO", "logger": "stealth.cdp_bypass_engine", "message": "CDP Stealth  initialized with 2025 evasion capabilities", "module": "cdp_bypass_engine", "function": "__init__", "line": 36, "taskName": "Task-1"}
{"timestamp": "2025-06-10T18:41:55.797021", "level": "INFO", "logger": "network.tls_fingerprint", "message": "TLS Fingerprint Rotator initialized with 8 profiles", "module": "tls_fingerprint", "function": "__init__", "line": 83, "taskName": "Task-1"}
{"timestamp": "2025-06-10T18:41:55.797283", "level": "INFO", "logger": "stealth.core", "message": "StealthCore initialized with maximum evasion capabilities", "module": "core", "function": "__init__", "line": 49, "taskName": "Task-1"}
{"timestamp": "2025-06-10T18:41:55.797525", "level": "INFO", "logger": "stealth.cdp_bypass_engine", "message": "CDP Stealth  initialized with 2025 evasion capabilities", "module": "cdp_bypass_engine", "function": "__init__", "line": 36, "taskName": "Task-1"}
{"timestamp": "2025-06-10T18:41:55.797739", "level": "INFO", "logger": "network.tls_fingerprint", "message": "TLS Fingerprint Rotator initialized with 8 profiles", "module": "tls_fingerprint", "function": "__init__", "line": 83, "taskName": "Task-1"}
{"timestamp": "2025-06-10T18:41:55.797944", "level": "INFO", "logger": "stealth.core", "message": "StealthCore initialized with maximum evasion capabilities", "module": "core", "function": "__init__", "line": 49, "taskName": "Task-1"}
{"timestamp": "2025-06-10T18:41:56.117923", "level": "INFO", "logger": "browser.launcher", "message": "Launched headed browser without proxy", "module": "launcher", "function": "launch", "line": 73, "taskName": "Task-1"}
{"timestamp": "2025-06-10T18:41:56.132749", "level": "INFO", "logger": "stealth.core", "message": "Created stealth context with fingerprint c1b3c4dd-b6d7-409a-a8d3-bae16ea41b6d", "module": "core", "function": "create_stealth_context", "line": 114, "taskName": "Task-1"}
{"timestamp": "2025-06-10T18:41:57.214367", "level": "ERROR", "logger": "stealth.core", "message": "Error protecting new page: 'Page' object has no attribute 'evaluate_on_new_document'", "module": "core", "function": "_on_page_created", "line": 218, "taskName": "Task-6"}
{"timestamp": "2025-06-10T19:04:00.981759", "level": "INFO", "logger": "root", "message": "Logging initialized - Level: INFO, Directory: logs", "module": "logging", "function": "setup_logging", "line": 231, "taskName": null}
{"timestamp": "2025-06-10T19:04:00.983564", "level": "INFO", "logger": "profiles.manager", "message": "Loaded 0 profiles", "module": "manager", "function": "load_all_profiles", "line": 520, "taskName": "Task-1"}
{"timestamp": "2025-06-10T19:04:01.188739", "level": "INFO", "logger": "stealth.cdp_bypass_engine", "message": "CDP Stealth  initialized with 2025 evasion capabilities", "module": "cdp_bypass_engine", "function": "__init__", "line": 36, "taskName": "Task-1"}
{"timestamp": "2025-06-10T19:04:01.189101", "level": "INFO", "logger": "network.tls_fingerprint", "message": "TLS Fingerprint Rotator initialized with 8 profiles", "module": "tls_fingerprint", "function": "__init__", "line": 83, "taskName": "Task-1"}
{"timestamp": "2025-06-10T19:04:01.189352", "level": "INFO", "logger": "stealth.core", "message": "StealthCore initialized with maximum evasion capabilities", "module": "core", "function": "__init__", "line": 49, "taskName": "Task-1"}
{"timestamp": "2025-06-10T19:04:01.189590", "level": "INFO", "logger": "stealth.cdp_bypass_engine", "message": "CDP Stealth  initialized with 2025 evasion capabilities", "module": "cdp_bypass_engine", "function": "__init__", "line": 36, "taskName": "Task-1"}
{"timestamp": "2025-06-10T19:04:01.189823", "level": "INFO", "logger": "network.tls_fingerprint", "message": "TLS Fingerprint Rotator initialized with 8 profiles", "module": "tls_fingerprint", "function": "__init__", "line": 83, "taskName": "Task-1"}
{"timestamp": "2025-06-10T19:04:01.190140", "level": "INFO", "logger": "stealth.core", "message": "StealthCore initialized with maximum evasion capabilities", "module": "core", "function": "__init__", "line": 49, "taskName": "Task-1"}
{"timestamp": "2025-06-10T19:04:01.190611", "level": "INFO", "logger": "network.tls_fingerprint", "message": "TLS Fingerprint Rotator initialized with 8 profiles", "module": "tls_fingerprint", "function": "__init__", "line": 83, "taskName": "Task-1"}
{"timestamp": "2025-06-10T19:04:01.190945", "level": "INFO", "logger": "browser.pool", "message": "Initializing browser pool (max: 5, data limit: 2000MB)", "module": "pool", "function": "initialize", "line": 573, "taskName": "Task-1"}
{"timestamp": "2025-06-10T19:04:01.750270", "level": "INFO", "logger": "browser.launcher", "message": "Launched headed browser with proxy", "module": "launcher", "function": "launch", "line": 73, "taskName": "Task-1"}
{"timestamp": "2025-06-10T19:04:01.958838", "level": "ERROR", "logger": "__main__", "message": "Fatal error in main", "module": "main", "function": "main", "line": 413, "exception": "Traceback (most recent call last):\n  File \"/Users/macbookpro_ronald/Documents/Personal/Projects/stealthmaster/main.py\", line 408, in main\n    asyncio.run(run_app(app))\n    ~~~~~~~~~~~^^^^^^^^^^^^^^\n  File \"/Library/Frameworks/Python.framework/Versions/3.13/lib/python3.13/asyncio/runners.py\", line 195, in run\n    return runner.run(main)\n           ~~~~~~~~~~^^^^^^\n  File \"/Library/Frameworks/Python.framework/Versions/3.13/lib/python3.13/asyncio/runners.py\", line 118, in run\n    return self._loop.run_until_complete(task)\n           ~~~~~~~~~~~~~~~~~~~~~~~~~~~~~^^^^^^\n  File \"/Library/Frameworks/Python.framework/Versions/3.13/lib/python3.13/asyncio/base_events.py\", line 725, in run_until_complete\n    return future.result()\n           ~~~~~~~~~~~~~^^\n  File \"/Users/macbookpro_ronald/Documents/Personal/Projects/stealthmaster/main.py\", line 419, in run_app\n    await app.initialize()\n  File \"/Users/macbookpro_ronald/Documents/Personal/Projects/stealthmaster/main.py\", line 91, in initialize\n    await self.browser_pool.initialize()\n  File \"/Users/macbookpro_ronald/Documents/Personal/Projects/stealthmaster/browser/pool.py\", line 576, in initialize\n    await self._ensure_minimum_browsers()\n  File \"/Users/macbookpro_ronald/Documents/Personal/Projects/stealthmaster/browser/pool.py\", line 1040, in _ensure_minimum_browsers\n    await self._create_browser()\n  File \"/Users/macbookpro_ronald/Documents/Personal/Projects/stealthmaster/browser/pool.py\", line 822, in _create_browser\n    await self.stealth_core.create_stealth_browser(browser)\n  File \"/Users/macbookpro_ronald/Documents/Personal/Projects/stealthmaster/stealth/core.py\", line 71, in create_stealth_browser\n    await self._apply_tls_fingerprint(browser, tls_profile)\n  File \"/Users/macbookpro_ronald/Documents/Personal/Projects/stealthmaster/stealth/core.py\", line 341, in _apply_tls_fingerprint\n    logger.debug(f\"Applied TLS profile: {tls_profile.get('name', 'default')}\")\n                                         ^^^^^^^^^^^^^^^\nAttributeError: 'TLSProfile' object has no attribute 'get'", "taskName": null}
{"timestamp": "2025-06-10T19:09:01.406900", "level": "INFO", "logger": "root", "message": "Logging initialized - Level: INFO, Directory: logs", "module": "logging", "function": "setup_logging", "line": 231, "taskName": null}
{"timestamp": "2025-06-10T19:09:01.408519", "level": "INFO", "logger": "profiles.manager", "message": "Loaded 0 profiles", "module": "manager", "function": "load_all_profiles", "line": 520, "taskName": "Task-1"}
{"timestamp": "2025-06-10T19:09:01.632393", "level": "INFO", "logger": "stealth.cdp_bypass_engine", "message": "CDP Stealth  initialized with 2025 evasion capabilities", "module": "cdp_bypass_engine", "function": "__init__", "line": 36, "taskName": "Task-1"}
{"timestamp": "2025-06-10T19:09:01.632753", "level": "INFO", "logger": "network.tls_fingerprint", "message": "TLS Fingerprint Rotator initialized with 8 profiles", "module": "tls_fingerprint", "function": "__init__", "line": 83, "taskName": "Task-1"}
{"timestamp": "2025-06-10T19:09:01.633005", "level": "INFO", "logger": "stealth.core", "message": "StealthCore initialized with maximum evasion capabilities", "module": "core", "function": "__init__", "line": 49, "taskName": "Task-1"}
{"timestamp": "2025-06-10T19:09:01.633339", "level": "INFO", "logger": "stealth.cdp_bypass_engine", "message": "CDP Stealth  initialized with 2025 evasion capabilities", "module": "cdp_bypass_engine", "function": "__init__", "line": 36, "taskName": "Task-1"}
{"timestamp": "2025-06-10T19:09:01.633609", "level": "INFO", "logger": "network.tls_fingerprint", "message": "TLS Fingerprint Rotator initialized with 8 profiles", "module": "tls_fingerprint", "function": "__init__", "line": 83, "taskName": "Task-1"}
{"timestamp": "2025-06-10T19:09:01.633803", "level": "INFO", "logger": "stealth.core", "message": "StealthCore initialized with maximum evasion capabilities", "module": "core", "function": "__init__", "line": 49, "taskName": "Task-1"}
{"timestamp": "2025-06-10T19:09:01.634009", "level": "INFO", "logger": "network.tls_fingerprint", "message": "TLS Fingerprint Rotator initialized with 8 profiles", "module": "tls_fingerprint", "function": "__init__", "line": 83, "taskName": "Task-1"}
{"timestamp": "2025-06-10T19:09:01.634353", "level": "INFO", "logger": "browser.pool", "message": "Initializing browser pool (max: 5, data limit: 2000MB)", "module": "pool", "function": "initialize", "line": 573, "taskName": "Task-1"}
{"timestamp": "2025-06-10T19:09:02.217556", "level": "INFO", "logger": "browser.launcher", "message": "Launched headed browser with proxy", "module": "launcher", "function": "launch", "line": 73, "taskName": "Task-1"}
{"timestamp": "2025-06-10T19:09:02.223803", "level": "INFO", "logger": "stealth.core", "message": "Applied stealth to browser with fingerprint f3cdbff6-7a1e-42d2-91b4-25467e10627e", "module": "core", "function": "create_stealth_browser", "line": 77, "taskName": "Task-1"}
{"timestamp": "2025-06-10T19:09:02.228901", "level": "INFO", "logger": "browser.pool", "message": "Created browser d1419f20 with proxy geo.iproyal.com", "module": "pool", "function": "_create_browser", "line": 834, "taskName": "Task-1"}
{"timestamp": "2025-06-10T19:09:02.470516", "level": "INFO", "logger": "browser.launcher", "message": "Launched headed browser with proxy", "module": "launcher", "function": "launch", "line": 73, "taskName": "Task-1"}
{"timestamp": "2025-06-10T19:09:02.474760", "level": "INFO", "logger": "stealth.core", "message": "Applied stealth to browser with fingerprint aa2f6fa3-983d-46ed-86ae-e3923a31e393", "module": "core", "function": "create_stealth_browser", "line": 77, "taskName": "Task-1"}
{"timestamp": "2025-06-10T19:09:02.480778", "level": "INFO", "logger": "browser.pool", "message": "Created browser e8a2a6e5 with proxy geo.iproyal.com", "module": "pool", "function": "_create_browser", "line": 834, "taskName": "Task-1"}
{"timestamp": "2025-06-10T19:09:02.499657", "level": "ERROR", "logger": "__main__", "message": "Monitor loop error: Browser.new_context: proxy.server: expected string, got undefined", "module": "main", "function": "_monitor_loop", "line": 161, "taskName": "Task-7"}
{"timestamp": "2025-06-10T19:09:12.521824", "level": "ERROR", "logger": "__main__", "message": "Monitor loop error: Browser.new_context: proxy.server: expected string, got undefined", "module": "main", "function": "_monitor_loop", "line": 161, "taskName": "Task-7"}
