2025-06-08 19:27:41,300 | INFO | root | 🛡️ StealthMaster AI v3.0 logging initialized
2025-06-08 19:27:41,300 | INFO | root | ✅ Configuration validated: 2 active targets
2025-06-08 19:27:41,300 | INFO | root | 🚀 Starting StealthMaster AI v3.0
2025-06-08 19:27:41,300 | INFO | root | 📅 Date: 2025-06-08 19:27:41
2025-06-08 19:27:41,300 | INFO | root | 🔧 Mode: adaptive
2025-06-08 19:27:41,300 | INFO | root | 🌐 Proxy: Enabled
2025-06-08 19:27:41,300 | INFO | root | 
📍 ACTIVE TARGETS:
2025-06-08 19:27:41,300 | INFO | root |    ✅ Bruce Springsteen Milano 2025 - FANSALE
2025-06-08 19:27:41,300 | INFO | root |    ✅ Bruce Springsteen San Siro 2025 - TICKETMASTER
2025-06-08 19:27:41,300 | INFO | src.core.adaptive_scheduler | Adaptive scheduler initialized
2025-06-08 19:27:41,300 | INFO | src.core.orchestrator_v3 | 🚀 StealthMaster AI v3.0 Orchestrator initialized
2025-06-08 19:27:41,300 | INFO | src.core.orchestrator_v3 | Initializing StealthMaster AI v3.0 subsystems...
2025-06-08 19:27:41,470 | INFO | src.core.stealth_browser_launcher | Patching Playwright to disable CDP auto-commands
2025-06-08 19:27:41,470 | INFO | src.core.orchestrator_v3 | ✅ Stealth browser launcher ready
2025-06-08 19:27:41,471 | INFO | src.profiles.manager | Loaded 15 existing profiles
2025-06-08 19:27:41,471 | INFO | src.profiles.manager | ProfileManager initialized with 15 profiles
2025-06-08 19:27:41,471 | INFO | src.profiles.manager | ProfileManager initialized
2025-06-08 19:27:41,471 | INFO | src.core.orchestrator_v3 | ✅ Profile manager initialized
2025-06-08 19:27:41,722 | INFO | src.core.orchestrator_v3 | ✅ Detection monitor active
2025-06-08 19:27:41,722 | INFO | src.core.human_behavior_engine | Initialized human behavior engine with eager personality
2025-06-08 19:27:41,722 | ERROR | root | ❌ Fatal error: 'ProfileManager' object has no attribute 'get_healthy_profile'
Traceback (most recent call last):
  File "/Users/macbookpro_ronald/Documents/Personal/Projects/bruce_springsteen_monitor/src/main_v3.py", line 224, in main
    await orchestrator.initialize()
  File "/Users/macbookpro_ronald/Documents/Personal/Projects/bruce_springsteen_monitor/src/core/orchestrator_v3.py", line 114, in initialize
    await self._initialize_monitors()
  File "/Users/macbookpro_ronald/Documents/Personal/Projects/bruce_springsteen_monitor/src/core/orchestrator_v3.py", line 144, in _initialize_monitors
    profile = await self.profile_manager.get_healthy_profile(
                    ^^^^^^^^^^^^^^^^^^^^^^^^^^^^^^^^^^^^^^^^
AttributeError: 'ProfileManager' object has no attribute 'get_healthy_profile'. Did you mean: 'get_healthy_profiles'?
2025-06-08 19:27:41,723 | INFO | src.core.orchestrator_v3 | Shutting down StealthMaster AI v3.0...
2025-06-08 19:27:41,728 | INFO | src.core.stealth_browser_launcher | Stealth browser launcher cleaned up
2025-06-08 19:27:41,728 | INFO | src.core.adaptive_scheduler | Exported patterns to learned_patterns.json
2025-06-08 19:27:41,728 | INFO | src.core.orchestrator_v3 | ✅ Shutdown complete
2025-06-08 19:27:41,728 | INFO | root | 🏁 StealthMaster AI v3.0 stopped
2025-06-08 19:29:01,349 | INFO | root | 🛡️ StealthMaster AI v3.0 logging initialized
2025-06-08 19:29:01,349 | INFO | root | ✅ Configuration validated: 2 active targets
2025-06-08 19:29:01,349 | INFO | root | 🚀 Starting StealthMaster AI v3.0
2025-06-08 19:29:01,349 | INFO | root | 📅 Date: 2025-06-08 19:29:01
2025-06-08 19:29:01,349 | INFO | root | 🔧 Mode: adaptive
2025-06-08 19:29:01,349 | INFO | root | 🌐 Proxy: Enabled
2025-06-08 19:29:01,349 | INFO | root | 
📍 ACTIVE TARGETS:
2025-06-08 19:29:01,349 | INFO | root |    ✅ Bruce Springsteen Milano 2025 - FANSALE
2025-06-08 19:29:01,349 | INFO | root |    ✅ Bruce Springsteen San Siro 2025 - TICKETMASTER
2025-06-08 19:29:01,349 | INFO | src.core.adaptive_scheduler | Adaptive scheduler initialized
2025-06-08 19:29:01,349 | INFO | src.core.orchestrator_v3 | 🚀 StealthMaster AI v3.0 Orchestrator initialized
2025-06-08 19:29:01,349 | INFO | src.core.orchestrator_v3 | Initializing StealthMaster AI v3.0 subsystems...
2025-06-08 19:29:01,506 | INFO | src.core.stealth_browser_launcher | Patching Playwright to disable CDP auto-commands
2025-06-08 19:29:01,506 | INFO | src.core.orchestrator_v3 | ✅ Stealth browser launcher ready
2025-06-08 19:29:01,507 | INFO | src.profiles.manager | Loaded 15 existing profiles
2025-06-08 19:29:01,507 | INFO | src.profiles.manager | ProfileManager initialized with 15 profiles
2025-06-08 19:29:01,507 | INFO | src.profiles.manager | ProfileManager initialized
2025-06-08 19:29:01,507 | INFO | src.core.orchestrator_v3 | ✅ Profile manager initialized
2025-06-08 19:29:01,750 | INFO | src.core.orchestrator_v3 | ✅ Detection monitor active
2025-06-08 19:29:01,750 | INFO | src.core.human_behavior_engine | Initialized human behavior engine with eager personality
2025-06-08 19:29:01,754 | ERROR | root | ❌ Fatal error: BrowserType.launch: Pass user_data_dir parameter to 'browser_type.launch_persistent_context(user_data_dir, **kwargs)' instead of specifying '--user-data-dir' argument
Traceback (most recent call last):
  File "/Users/macbookpro_ronald/Documents/Personal/Projects/bruce_springsteen_monitor/src/main_v3.py", line 224, in main
    await orchestrator.initialize()
  File "/Users/macbookpro_ronald/Documents/Personal/Projects/bruce_springsteen_monitor/src/core/orchestrator_v3.py", line 114, in initialize
    await self._initialize_monitors()
  File "/Users/macbookpro_ronald/Documents/Personal/Projects/bruce_springsteen_monitor/src/core/orchestrator_v3.py", line 157, in _initialize_monitors
    browser = await self.browser_launcher.launch_stealth_browser(
              ^^^^^^^^^^^^^^^^^^^^^^^^^^^^^^^^^^^^^^^^^^^^^^^^^^^
    ...<2 lines>...
    )
    ^
  File "/Users/macbookpro_ronald/Documents/Personal/Projects/bruce_springsteen_monitor/src/core/stealth_browser_launcher.py", line 115, in launch_stealth_browser
    browser = await self.playwright.chromium.launch(**browser_options)
              ^^^^^^^^^^^^^^^^^^^^^^^^^^^^^^^^^^^^^^^^^^^^^^^^^^^^^^^^
  File "/Users/macbookpro_ronald/Documents/Personal/Projects/bruce_springsteen_monitor/venv/lib/python3.13/site-packages/playwright/async_api/_generated.py", line 14451, in launch
    await self._impl_obj.launch(
    ...<17 lines>...
    )
  File "/Users/macbookpro_ronald/Documents/Personal/Projects/bruce_springsteen_monitor/venv/lib/python3.13/site-packages/playwright/_impl/_browser_type.py", line 97, in launch
    Browser, from_channel(await self._channel.send("launch", params))
                          ^^^^^^^^^^^^^^^^^^^^^^^^^^^^^^^^^^^^^^^^^^
  File "/Users/macbookpro_ronald/Documents/Personal/Projects/bruce_springsteen_monitor/venv/lib/python3.13/site-packages/playwright/_impl/_connection.py", line 61, in send
    return await self._connection.wrap_api_call(
           ^^^^^^^^^^^^^^^^^^^^^^^^^^^^^^^^^^^^^
    ...<2 lines>...
    )
    ^
  File "/Users/macbookpro_ronald/Documents/Personal/Projects/bruce_springsteen_monitor/venv/lib/python3.13/site-packages/playwright/_impl/_connection.py", line 528, in wrap_api_call
    raise rewrite_error(error, f"{parsed_st['apiName']}: {error}") from None
playwright._impl._errors.Error: BrowserType.launch: Pass user_data_dir parameter to 'browser_type.launch_persistent_context(user_data_dir, **kwargs)' instead of specifying '--user-data-dir' argument
2025-06-08 19:29:01,755 | INFO | src.core.orchestrator_v3 | Shutting down StealthMaster AI v3.0...
2025-06-08 19:29:01,760 | INFO | src.core.stealth_browser_launcher | Stealth browser launcher cleaned up
2025-06-08 19:29:01,760 | INFO | src.core.adaptive_scheduler | Exported patterns to learned_patterns.json
2025-06-08 19:29:01,760 | INFO | src.core.orchestrator_v3 | ✅ Shutdown complete
2025-06-08 19:29:01,761 | INFO | root | 🏁 StealthMaster AI v3.0 stopped
2025-06-08 19:33:39,627 | INFO | root | 🛡️ StealthMaster AI v3.0 logging initialized
2025-06-08 19:33:39,627 | INFO | root | ✅ Configuration validated: 2 active targets
2025-06-08 19:33:39,627 | INFO | root | 🚀 Starting StealthMaster AI v3.0
2025-06-08 19:33:39,627 | INFO | root | 📅 Date: 2025-06-08 19:33:39
2025-06-08 19:33:39,627 | INFO | root | 🔧 Mode: adaptive
2025-06-08 19:33:39,627 | INFO | root | 🌐 Proxy: Enabled
2025-06-08 19:33:39,627 | INFO | root | 
📍 ACTIVE TARGETS:
2025-06-08 19:33:39,627 | INFO | root |    ✅ Bruce Springsteen Milano 2025 - FANSALE
2025-06-08 19:33:39,627 | INFO | root |    ✅ Bruce Springsteen San Siro 2025 - TICKETMASTER
2025-06-08 19:33:39,627 | INFO | src.core.adaptive_scheduler | Adaptive scheduler initialized
2025-06-08 19:33:39,627 | INFO | src.core.orchestrator_v3 | 🚀 StealthMaster AI v3.0 Orchestrator initialized
2025-06-08 19:33:39,627 | INFO | src.core.orchestrator_v3 | Initializing StealthMaster AI v3.0 subsystems...
2025-06-08 19:33:39,795 | INFO | src.core.stealth_browser_launcher | Patching Playwright to disable CDP auto-commands
2025-06-08 19:33:39,795 | INFO | src.core.orchestrator_v3 | ✅ Stealth browser launcher ready
2025-06-08 19:33:39,795 | INFO | src.profiles.manager | Loaded 15 existing profiles
2025-06-08 19:33:39,795 | INFO | src.profiles.manager | ProfileManager initialized with 15 profiles
2025-06-08 19:33:39,795 | INFO | src.profiles.manager | ProfileManager initialized
2025-06-08 19:33:39,795 | INFO | src.core.orchestrator_v3 | ✅ Profile manager initialized
2025-06-08 19:33:40,040 | INFO | src.core.orchestrator_v3 | ✅ Detection monitor active
2025-06-08 19:33:40,040 | INFO | src.core.human_behavior_engine | Initialized human behavior engine with eager personality
2025-06-08 19:33:40,641 | INFO | src.core.stealth_browser_launcher | Launched stealth browser successfully
2025-06-08 19:33:40,653 | INFO | src.platforms.unified_handler_v3 | UnifiedHandlerV3 initialized for fansale
2025-06-08 19:33:41,456 | INFO | src.platforms.unified_handler_v3 | ✅ Handler initialized for fansale
2025-06-08 19:33:41,456 | INFO | src.core.orchestrator_v3 | ✅ Monitor initialized: Bruce Springsteen Milano 2025 (eager personality)
2025-06-08 19:33:41,456 | INFO | src.core.human_behavior_engine | Initialized human behavior engine with methodical personality
2025-06-08 19:33:41,691 | INFO | src.core.stealth_browser_launcher | Launched stealth browser successfully
2025-06-08 19:33:41,691 | INFO | src.platforms.unified_handler_v3 | UnifiedHandlerV3 initialized for ticketmaster
2025-06-08 19:33:42,408 | INFO | src.platforms.unified_handler_v3 | ✅ Handler initialized for ticketmaster
2025-06-08 19:33:42,408 | INFO | src.core.orchestrator_v3 | ✅ Monitor initialized: Bruce Springsteen San Siro 2025 (methodical personality)
2025-06-08 19:33:42,408 | INFO | src.core.adaptive_scheduler | Imported patterns from learned_patterns.json
2025-06-08 19:33:42,408 | INFO | src.core.orchestrator_v3 | ✅ Imported learned scheduling patterns
2025-06-08 19:33:42,408 | INFO | src.core.orchestrator_v3 | ✅ All v3 subsystems initialized successfully
2025-06-08 19:33:42,408 | CRITICAL | src.core.orchestrator_v3 | ================================================================================
2025-06-08 19:33:42,408 | CRITICAL | src.core.orchestrator_v3 | 🚀 STEALTHMASTER AI V3.0 STARTING
2025-06-08 19:33:42,408 | CRITICAL | src.core.orchestrator_v3 | 🎯 Target: Bruce Springsteen Tickets
2025-06-08 19:33:42,408 | CRITICAL | src.core.orchestrator_v3 | 🛡️ Mode: Maximum Stealth
2025-06-08 19:33:42,408 | CRITICAL | src.core.orchestrator_v3 | ================================================================================
2025-06-08 19:33:42,409 | INFO | src.core.rate_limiter | Adding occasional long pause for fansale
2025-06-08 19:33:42,409 | INFO | src.core.rate_limiter | Rate limiting fansale: waiting 248.4s
2025-06-08 19:33:42,409 | INFO | src.core.rate_limiter | Rate limiting ticketmaster: waiting 85.4s
2025-06-08 19:35:07,825 | INFO | src.core.orchestrator_v3 | 🔍 Checking ticketmaster (methodical personality)
2025-06-08 19:35:07,826 | INFO | src.platforms.unified_handler_v3 | Navigating to https://shop.ticketmaster.it/biglietti/bruce-springsteen-2025-milano
2025-06-08 19:35:10,415 | WARNING | src.platforms.unified_handler_v3 | Detection event: Access denied (403)
2025-06-08 19:35:42,443 | INFO | src.core.rate_limiter | Rate limiting ticketmaster: waiting 81.9s
2025-06-08 19:37:04,388 | INFO | src.core.orchestrator_v3 | 🔍 Checking ticketmaster (methodical personality)
2025-06-08 19:37:04,389 | INFO | src.platforms.unified_handler_v3 | Navigating to https://shop.ticketmaster.it/biglietti/bruce-springsteen-2025-milano
2025-06-08 19:37:05,271 | WARNING | src.platforms.unified_handler_v3 | Detection event: Access denied (403)
2025-06-08 19:37:05,271 | WARNING | src.platforms.unified_handler_v3 | Detection event: Access denied (403)
2025-06-08 19:37:14,469 | WARNING | src.platforms.unified_handler_v3 | Detection event: Service unavailable
2025-06-08 19:37:27,203 | WARNING | src.platforms.unified_handler_v3 | Detection event: Service unavailable
2025-06-08 19:37:37,443 | INFO | src.core.rate_limiter | Rate limiting ticketmaster: waiting 55.5s
2025-06-08 19:37:51,429 | INFO | src.core.orchestrator_v3 | 🔍 Checking fansale (eager personality)
2025-06-08 19:37:51,430 | INFO | src.platforms.unified_handler_v3 | Navigating to https://www.fansale.it/fansale/tickets/all/bruce-springsteen/458554/17844388
2025-06-08 19:37:53,378 | WARNING | src.platforms.unified_handler_v3 | Detection event: Access denied (403)
2025-06-08 19:37:53,379 | WARNING | src.platforms.unified_handler_v3 | Detection event: Access denied (403)
2025-06-08 19:38:25,436 | INFO | src.core.rate_limiter | Rate limiting fansale: waiting 58.2s
2025-06-08 19:38:32,994 | INFO | src.core.orchestrator_v3 | 🔍 Checking ticketmaster (methodical personality)
2025-06-08 19:38:32,995 | INFO | src.platforms.unified_handler_v3 | Navigating to https://shop.ticketmaster.it/biglietti/bruce-springsteen-2025-milano
2025-06-08 19:38:34,326 | WARNING | src.platforms.unified_handler_v3 | Detection event: Access denied (403)
2025-06-08 19:38:34,326 | WARNING | src.platforms.unified_handler_v3 | Detection event: Access denied (403)
2025-06-08 19:39:07,452 | INFO | src.core.rate_limiter | Rate limiting ticketmaster: waiting 64.3s
2025-06-08 19:39:24,436 | INFO | src.core.orchestrator_v3 | 🔍 Checking fansale (eager personality)
2025-06-08 19:40:56,832 | INFO | root | 🛡️ StealthMaster AI v3.0 logging initialized
2025-06-08 19:40:56,832 | INFO | root | ✅ Configuration validated: 2 active targets
2025-06-08 19:40:56,832 | INFO | root | 🚀 Starting StealthMaster AI v3.0
2025-06-08 19:40:56,832 | INFO | root | 📅 Date: 2025-06-08 19:40:56
2025-06-08 19:40:56,832 | INFO | root | 🔧 Mode: adaptive
2025-06-08 19:40:56,832 | INFO | root | 🌐 Proxy: Enabled
2025-06-08 19:40:56,832 | INFO | root | 
📍 ACTIVE TARGETS:
2025-06-08 19:40:56,832 | INFO | root |    ✅ Bruce Springsteen Milano 2025 - FANSALE
2025-06-08 19:40:56,832 | INFO | root |    ✅ Bruce Springsteen San Siro 2025 - TICKETMASTER
2025-06-08 19:40:56,832 | INFO | src.core.adaptive_scheduler | Adaptive scheduler initialized
2025-06-08 19:40:56,832 | INFO | src.core.orchestrator_v3 | 🚀 StealthMaster AI v3.0 Orchestrator initialized
2025-06-08 19:40:56,832 | INFO | src.core.orchestrator_v3 | Initializing StealthMaster AI v3.0 subsystems...
2025-06-08 19:40:56,996 | INFO | src.core.stealth_browser_launcher | Patching Playwright to disable CDP auto-commands
2025-06-08 19:40:56,997 | INFO | src.core.orchestrator_v3 | ✅ Stealth browser launcher ready
2025-06-08 19:40:56,997 | INFO | src.profiles.manager | Loaded 15 existing profiles
2025-06-08 19:40:56,997 | INFO | src.profiles.manager | ProfileManager initialized with 15 profiles
2025-06-08 19:40:56,997 | INFO | src.profiles.manager | ProfileManager initialized
2025-06-08 19:40:56,997 | INFO | src.core.orchestrator_v3 | ✅ Profile manager initialized
2025-06-08 19:40:57,209 | INFO | src.core.orchestrator_v3 | ✅ Detection monitor active
2025-06-08 19:40:57,210 | INFO | src.core.human_behavior_engine | Initialized human behavior engine with eager personality
2025-06-08 19:40:57,510 | INFO | src.core.stealth_browser_launcher | Launched stealth browser successfully
2025-06-08 19:40:57,510 | INFO | src.platforms.unified_handler_v3 | UnifiedHandlerV3 initialized for fansale
2025-06-08 19:40:58,211 | INFO | src.platforms.unified_handler_v3 | ✅ Handler initialized for fansale
2025-06-08 19:40:58,211 | INFO | src.core.orchestrator_v3 | ✅ Monitor initialized: Bruce Springsteen Milano 2025 (eager personality)
2025-06-08 19:40:58,211 | INFO | src.core.human_behavior_engine | Initialized human behavior engine with methodical personality
2025-06-08 19:40:58,468 | INFO | src.core.stealth_browser_launcher | Launched stealth browser successfully
2025-06-08 19:40:58,468 | INFO | src.platforms.unified_handler_v3 | UnifiedHandlerV3 initialized for ticketmaster
2025-06-08 19:40:59,096 | INFO | src.platforms.unified_handler_v3 | ✅ Handler initialized for ticketmaster
2025-06-08 19:40:59,096 | INFO | src.core.orchestrator_v3 | ✅ Monitor initialized: Bruce Springsteen San Siro 2025 (methodical personality)
2025-06-08 19:40:59,097 | INFO | src.core.adaptive_scheduler | Imported patterns from learned_patterns.json
2025-06-08 19:40:59,097 | INFO | src.core.orchestrator_v3 | ✅ Imported learned scheduling patterns
2025-06-08 19:40:59,097 | INFO | src.core.orchestrator_v3 | ✅ All v3 subsystems initialized successfully
2025-06-08 19:40:59,097 | CRITICAL | src.core.orchestrator_v3 | ================================================================================
2025-06-08 19:40:59,097 | CRITICAL | src.core.orchestrator_v3 | 🚀 STEALTHMASTER AI V3.0 STARTING
2025-06-08 19:40:59,097 | CRITICAL | src.core.orchestrator_v3 | 🎯 Target: Bruce Springsteen Tickets
2025-06-08 19:40:59,097 | CRITICAL | src.core.orchestrator_v3 | 🛡️ Mode: Maximum Stealth
2025-06-08 19:40:59,097 | CRITICAL | src.core.orchestrator_v3 | ================================================================================
2025-06-08 19:40:59,097 | INFO | src.core.rate_limiter | Rate limiting fansale: waiting 42.3s
2025-06-08 19:40:59,097 | INFO | src.core.rate_limiter | Rate limiting ticketmaster: waiting 49.7s
2025-06-08 19:41:41,393 | INFO | src.core.orchestrator_v3 | 🔍 Checking fansale (eager personality)
2025-06-08 19:41:41,393 | INFO | src.platforms.unified_handler_v3 | Navigating to https://www.fansale.it/fansale/tickets/all/bruce-springsteen/458554/17844388
2025-06-08 19:41:42,841 | WARNING | src.platforms.unified_handler_v3 | Detection event: Access denied (403)
2025-06-08 19:41:42,841 | WARNING | src.platforms.unified_handler_v3 | Detection event: Access denied (403)
2025-06-08 19:41:48,776 | INFO | src.core.orchestrator_v3 | 🔍 Checking ticketmaster (methodical personality)
2025-06-08 19:41:48,776 | INFO | src.platforms.unified_handler_v3 | Navigating to https://shop.ticketmaster.it/biglietti/bruce-springsteen-2025-milano
2025-06-08 19:41:50,283 | WARNING | src.platforms.unified_handler_v3 | Detection event: Access denied (403)
