2025-06-22 19:59:17 | DEBUG    | StealthMaster | Loading configuration from config.yaml
2025-06-22 19:59:17 | INFO     | StealthMaster | Configuration loaded successfully
2025-06-22 19:59:17 | WARNING  | StealthMaster.Notifications | No notification channels configured
2025-06-22 19:59:17 | INFO     | StealthMaster | StealthMaster initialized for ronaldhoogenberg@hotmail.com
2025-06-22 19:59:17 | DEBUG    | StealthMaster | Target URL: https://www.fansale.it/fansale/tickets/all/bruce-springsteen/458554/17844388
2025-06-22 19:59:17 | DEBUG    | StealthMaster | Max tickets: 4
2025-06-22 19:59:17 | INFO     | StealthMaster | 🚀 StealthMaster starting...
2025-06-22 19:59:17 | INFO     | StealthMaster | Creating stealth Chrome driver...
2025-06-22 19:59:17 | DEBUG    | StealthMaster | Creating proxy authentication extension...
2025-06-22 19:59:17 | DEBUG    | StealthMaster | Proxy extension created at: /var/folders/_z/1s23zc196pv7w_gjjrnbmms40000gn/T/proxy_auth_67068.zip
2025-06-22 19:59:17 | INFO     | StealthMaster | Proxy authentication extension loaded
2025-06-22 19:59:20 | INFO     | StealthMaster | ✅ Stealth Chrome driver created successfully
2025-06-22 19:59:20 | DEBUG    | StealthMaster | Current state: initializing
2025-06-22 19:59:20 | DEBUG    | StealthMaster | Initializing bot...
2025-06-22 19:59:25 | INFO     | StealthMaster | Session restored successfully
2025-06-22 19:59:25 | INFO     | StealthMaster | Already logged in
2025-06-22 19:59:25 | DEBUG    | StealthMaster | Current state: monitoring
2025-06-22 19:59:25 | INFO     | StealthMaster | 🔍 Check #1 | Reserved: 0/4 | Delay: 5s
2025-06-22 19:59:25 | WARNING  | StealthMaster | Block indicator found: access denied
2025-06-22 19:59:25 | WARNING  | StealthMaster | Detected blocking, entering blocked state
2025-06-22 19:59:26 | DEBUG    | StealthMaster | Current state: blocked
2025-06-22 19:59:26 | WARNING  | StealthMaster | Bot is blocked, checking for CAPTCHA...
2025-06-22 19:59:26 | WARNING  | StealthMaster | Waiting 30s before retry...
2025-06-22 19:59:56 | DEBUG    | StealthMaster | Current state: initializing
2025-06-22 19:59:56 | DEBUG    | StealthMaster | Initializing bot...
2025-06-22 20:00:00 | INFO     | StealthMaster | Session restored successfully
2025-06-22 20:00:00 | INFO     | StealthMaster | Already logged in
2025-06-22 20:00:00 | DEBUG    | StealthMaster | Current state: monitoring
2025-06-22 20:00:00 | INFO     | StealthMaster | 🔍 Check #2 | Reserved: 0/4 | Delay: 5s
2025-06-22 20:00:00 | WARNING  | StealthMaster | Block indicator found: access denied
2025-06-22 20:00:00 | WARNING  | StealthMaster | Detected blocking, entering blocked state
2025-06-22 20:00:00 | DEBUG    | StealthMaster | Current state: blocked
2025-06-22 20:00:00 | WARNING  | StealthMaster | Bot is blocked, checking for CAPTCHA...
2025-06-22 20:00:00 | WARNING  | StealthMaster | Waiting 60s before retry...
