2025-06-03 22:25:35.081 | INFO     | __main__                       | setup_logging        | Stealth logging initialized. Level: INFO
2025-06-03 22:25:35.081 | INFO     | __main__                       | main_cli             | ============================================================
2025-06-03 22:25:35.081 | INFO     | __main__                       | main_cli             | 🥷 Ultra-Stealth Ticket System v4.0 Starting
2025-06-03 22:25:35.081 | INFO     | __main__                       | main_cli             | Mode: ADAPTIVE
2025-06-03 22:25:35.081 | INFO     | __main__                       | main_cli             | Config: /Users/macbookpro_ronald/Documents/Personal/Projects/bruce_springsteen_monitor/config/config.yaml
2025-06-03 22:25:35.082 | INFO     | __main__                       | main_cli             | Profiles: auto
2025-06-03 22:25:35.082 | INFO     | __main__                       | main_cli             | Python: 3.13.2
2025-06-03 22:25:35.082 | INFO     | __main__                       | main_cli             | ============================================================
2025-06-03 22:25:35.082 | INFO     | __main__                       | main_cli             | Active targets: 3
2025-06-03 22:25:35.082 | INFO     | __main__                       | main_cli             | Running pre-flight stealth checks...
2025-06-03 22:25:35.344 | INFO     | src.core.orchestrator          | __init__             | 🚀 UnifiedOrchestrator v4.0 initialized - Mode: adaptive
2025-06-03 22:25:35.344 | INFO     | src.core.orchestrator          | initialize_subsystems | 🔧 Initializing orchestrator subsystems...
2025-06-03 22:25:35.349 | INFO     | src.profiles.manager           | __init__             | ProfileManager initialized. Target: 20 profiles, 5 per platform
2025-06-03 22:25:35.355 | INFO     | src.profiles.persistence       | load_profiles        | Loading profiles from 2025-06-03T16:12:23.401583
2025-06-03 22:25:35.358 | INFO     | src.profiles.manager           | _initialize_profile_pool | Loaded 20 profiles from disk
2025-06-03 22:25:35.358 | INFO     | src.profiles.manager           | _initialize_profile_pool | Profile pool initialized. Distribution: {}
2025-06-03 22:25:35.358 | INFO     | src.profiles.manager           | start_background_tasks | Background tasks started
2025-06-03 22:25:35.358 | INFO     | src.profiles.manager           | initialize           | ProfileManager fully initialized
2025-06-03 22:25:35.358 | INFO     | src.core.orchestrator          | initialize_subsystems | ✅ ProfileManager: 20 profiles loaded
2025-06-03 22:25:35.358 | INFO     | src.core.managers              | __init__             | ConnectionPoolManager initialized with max_connections=10, max_keepalive=5
2025-06-03 22:25:35.358 | CRITICAL | src.core.orchestrator          | initialize_subsystems | Subsystem initialization failed: 'ConnectionPoolManager' object has no attribute 'pre_warm'
Traceback (most recent call last):
  File "/Users/macbookpro_ronald/Documents/Personal/Projects/bruce_springsteen_monitor/src/core/orchestrator.py", line 249, in initialize_subsystems
    await self.connection_pool.pre_warm(count=min(5, profile_count))
          ^^^^^^^^^^^^^^^^^^^^^^^^^^^^^
AttributeError: 'ConnectionPoolManager' object has no attribute 'pre_warm'
2025-06-03 22:25:35.359 | CRITICAL | src.core.orchestrator          | run                  | Cannot run - initialization failed
2025-06-03 22:25:35.417 | INFO     | __main__                       | async_main_logic     | Bot session duration: 0.34 seconds
2025-06-03 22:25:35.417 | INFO     | __main__                       | async_main_logic     | Initiating secure shutdown sequence...
2025-06-03 22:25:35.418 | CRITICAL | __main__                       | main_cli             | Fatal error: 'UnifiedOrchestrator' object has no attribute 'graceful_shutdown'
Traceback (most recent call last):
  File "/Users/macbookpro_ronald/Documents/Personal/Projects/bruce_springsteen_monitor/src/main.py", line 522, in main_cli
    asyncio.run(async_main_logic(config, _stop_event_asyncio))
    ~~~~~~~~~~~^^^^^^^^^^^^^^^^^^^^^^^^^^^^^^^^^^^^^^^^^^^^^^^
  File "/Library/Frameworks/Python.framework/Versions/3.13/lib/python3.13/asyncio/runners.py", line 195, in run
    return runner.run(main)
           ~~~~~~~~~~^^^^^^
  File "/Library/Frameworks/Python.framework/Versions/3.13/lib/python3.13/asyncio/runners.py", line 118, in run
    return self._loop.run_until_complete(task)
           ~~~~~~~~~~~~~~~~~~~~~~~~~~~~~^^^^^^
  File "/Library/Frameworks/Python.framework/Versions/3.13/lib/python3.13/asyncio/base_events.py", line 725, in run_until_complete
    return future.result()
           ~~~~~~~~~~~~~^^
  File "/Users/macbookpro_ronald/Documents/Personal/Projects/bruce_springsteen_monitor/src/main.py", line 269, in async_main_logic
    await _orchestrator_instance.graceful_shutdown()
          ^^^^^^^^^^^^^^^^^^^^^^^^^^^^^^^^^^^^^^^^
AttributeError: 'UnifiedOrchestrator' object has no attribute 'graceful_shutdown'
2025-06-03 22:25:35.418 | INFO     | __main__                       | main_cli             | 🏁 Stealth system shutdown complete
2025-06-03 22:25:40.285 | INFO     | __main__                       | setup_logging        | Stealth logging initialized. Level: INFO
2025-06-03 22:25:40.287 | INFO     | __main__                       | main_cli             | ============================================================
2025-06-03 22:25:40.287 | INFO     | __main__                       | main_cli             | 🥷 Ultra-Stealth Ticket System v4.0 Starting
2025-06-03 22:25:40.287 | INFO     | __main__                       | main_cli             | Mode: ADAPTIVE
2025-06-03 22:25:40.287 | INFO     | __main__                       | main_cli             | Config: /Users/macbookpro_ronald/Documents/Personal/Projects/bruce_springsteen_monitor/config/config.yaml
2025-06-03 22:25:40.287 | INFO     | __main__                       | main_cli             | Profiles: auto
2025-06-03 22:25:40.287 | INFO     | __main__                       | main_cli             | Python: 3.13.2
2025-06-03 22:25:40.287 | INFO     | __main__                       | main_cli             | ============================================================
2025-06-03 22:25:40.287 | INFO     | __main__                       | main_cli             | Active targets: 3
2025-06-03 22:25:40.287 | INFO     | __main__                       | main_cli             | Running pre-flight stealth checks...
2025-06-03 22:25:40.415 | INFO     | src.core.orchestrator          | __init__             | 🚀 UnifiedOrchestrator v4.0 initialized - Mode: adaptive
2025-06-03 22:25:40.415 | INFO     | src.core.orchestrator          | initialize_subsystems | 🔧 Initializing orchestrator subsystems...
2025-06-03 22:25:40.426 | INFO     | src.profiles.manager           | __init__             | ProfileManager initialized. Target: 20 profiles, 5 per platform
2025-06-03 22:25:40.430 | INFO     | src.profiles.persistence       | load_profiles        | Loading profiles from 2025-06-03T16:12:23.401583
2025-06-03 22:25:40.435 | INFO     | src.profiles.manager           | _initialize_profile_pool | Loaded 20 profiles from disk
2025-06-03 22:25:40.435 | INFO     | src.profiles.manager           | _initialize_profile_pool | Profile pool initialized. Distribution: {}
2025-06-03 22:25:40.436 | INFO     | src.profiles.manager           | start_background_tasks | Background tasks started
2025-06-03 22:25:40.436 | INFO     | src.profiles.manager           | initialize           | ProfileManager fully initialized
2025-06-03 22:25:40.436 | INFO     | src.core.orchestrator          | initialize_subsystems | ✅ ProfileManager: 20 profiles loaded
2025-06-03 22:25:40.436 | INFO     | src.core.managers              | __init__             | ConnectionPoolManager initialized with max_connections=10, max_keepalive=5
2025-06-03 22:25:40.436 | CRITICAL | src.core.orchestrator          | initialize_subsystems | Subsystem initialization failed: 'ConnectionPoolManager' object has no attribute 'pre_warm'
Traceback (most recent call last):
  File "/Users/macbookpro_ronald/Documents/Personal/Projects/bruce_springsteen_monitor/src/core/orchestrator.py", line 249, in initialize_subsystems
    await self.connection_pool.pre_warm(count=min(5, profile_count))
          ^^^^^^^^^^^^^^^^^^^^^^^^^^^^^
AttributeError: 'ConnectionPoolManager' object has no attribute 'pre_warm'
2025-06-03 22:25:40.437 | CRITICAL | src.core.orchestrator          | run                  | Cannot run - initialization failed
2025-06-03 22:25:40.452 | INFO     | __main__                       | async_main_logic     | Bot session duration: 0.16 seconds
2025-06-03 22:25:40.452 | INFO     | __main__                       | async_main_logic     | Initiating secure shutdown sequence...
2025-06-03 22:25:40.453 | CRITICAL | __main__                       | main_cli             | Fatal error: 'UnifiedOrchestrator' object has no attribute 'graceful_shutdown'
Traceback (most recent call last):
  File "/Users/macbookpro_ronald/Documents/Personal/Projects/bruce_springsteen_monitor/src/main.py", line 522, in main_cli
    asyncio.run(async_main_logic(config, _stop_event_asyncio))
    ~~~~~~~~~~~^^^^^^^^^^^^^^^^^^^^^^^^^^^^^^^^^^^^^^^^^^^^^^^
  File "/Library/Frameworks/Python.framework/Versions/3.13/lib/python3.13/asyncio/runners.py", line 195, in run
    return runner.run(main)
           ~~~~~~~~~~^^^^^^
  File "/Library/Frameworks/Python.framework/Versions/3.13/lib/python3.13/asyncio/runners.py", line 118, in run
    return self._loop.run_until_complete(task)
           ~~~~~~~~~~~~~~~~~~~~~~~~~~~~~^^^^^^
  File "/Library/Frameworks/Python.framework/Versions/3.13/lib/python3.13/asyncio/base_events.py", line 725, in run_until_complete
    return future.result()
           ~~~~~~~~~~~~~^^
  File "/Users/macbookpro_ronald/Documents/Personal/Projects/bruce_springsteen_monitor/src/main.py", line 269, in async_main_logic
    await _orchestrator_instance.graceful_shutdown()
          ^^^^^^^^^^^^^^^^^^^^^^^^^^^^^^^^^^^^^^^^
AttributeError: 'UnifiedOrchestrator' object has no attribute 'graceful_shutdown'
2025-06-03 22:25:40.453 | INFO     | __main__                       | main_cli             | 🏁 Stealth system shutdown complete
2025-06-03 22:30:30.400 | INFO     | __main__                       | setup_logging        | Stealth logging initialized. Level: INFO
2025-06-03 22:30:30.400 | INFO     | __main__                       | main_cli             | ============================================================
2025-06-03 22:30:30.400 | INFO     | __main__                       | main_cli             | 🥷 Ultra-Stealth Ticket System v4.0 Starting
2025-06-03 22:30:30.400 | INFO     | __main__                       | main_cli             | Mode: ADAPTIVE
2025-06-03 22:30:30.400 | INFO     | __main__                       | main_cli             | Config: /Users/macbookpro_ronald/Documents/Personal/Projects/bruce_springsteen_monitor/config/config.yaml
2025-06-03 22:30:30.400 | INFO     | __main__                       | main_cli             | Profiles: auto
2025-06-03 22:30:30.400 | INFO     | __main__                       | main_cli             | Python: 3.13.2
2025-06-03 22:30:30.400 | INFO     | __main__                       | main_cli             | ============================================================
2025-06-03 22:30:30.400 | INFO     | __main__                       | main_cli             | Active targets: 3
2025-06-03 22:30:30.400 | INFO     | __main__                       | main_cli             | Running pre-flight stealth checks...
2025-06-03 22:30:30.519 | INFO     | src.core.orchestrator          | __init__             | 🚀 UnifiedOrchestrator v4.0 initialized - Mode: adaptive
2025-06-03 22:30:30.519 | INFO     | src.core.orchestrator          | initialize_subsystems | 🔧 Initializing orchestrator subsystems...
2025-06-03 22:30:30.524 | INFO     | src.profiles.manager           | __init__             | ProfileManager initialized. Target: 20 profiles, 5 per platform
2025-06-03 22:30:30.527 | INFO     | src.profiles.persistence       | load_profiles        | Loading profiles from 2025-06-03T16:12:23.401583
2025-06-03 22:30:30.529 | INFO     | src.profiles.manager           | _initialize_profile_pool | Loaded 20 profiles from disk
2025-06-03 22:30:30.529 | INFO     | src.profiles.manager           | _initialize_profile_pool | Profile pool initialized. Distribution: {}
2025-06-03 22:30:30.529 | INFO     | src.profiles.manager           | start_background_tasks | Background tasks started
2025-06-03 22:30:30.529 | INFO     | src.profiles.manager           | initialize           | ProfileManager fully initialized
2025-06-03 22:30:30.529 | INFO     | src.core.orchestrator          | initialize_subsystems | ✅ ProfileManager: 20 profiles loaded
2025-06-03 22:30:30.530 | INFO     | src.core.managers              | __init__             | ConnectionPoolManager initialized with max_connections=10, max_keepalive=5
2025-06-03 22:30:30.530 | INFO     | src.core.orchestrator          | initialize_subsystems | ✅ ConnectionPoolManager: Pre-warmed connections
2025-06-03 22:30:30.530 | INFO     | src.core.managers              | __init__             | ResponseCache initialized with max_size: 100 MB
2025-06-03 22:30:30.530 | INFO     | src.core.orchestrator          | initialize_subsystems | ✅ ResponseCache: 100MB capacity
2025-06-03 22:30:30.530 | INFO     | src.core.managers              | __init__             | SmartBrowserContextManager initialized. Stealth script: src/core/stealth_init.js
2025-06-03 22:30:30.530 | INFO     | src.core.orchestrator          | initialize_subsystems | ✅ SmartBrowserContextManager: Ready
2025-06-03 22:30:30.530 | CRITICAL | src.core.orchestrator          | initialize_subsystems | Subsystem initialization failed: 'ProfileAwareLightweightMonitor' object has no attribute 'monitor_config'
Traceback (most recent call last):
  File "/Users/macbookpro_ronald/Documents/Personal/Projects/bruce_springsteen_monitor/src/core/orchestrator.py", line 264, in initialize_subsystems
    self.monitor = ProfileAwareLightweightMonitor(
                   ~~~~~~~~~~~~~~~~~~~~~~~~~~~~~~^
        self.config, self.profile_manager, self.connection_pool,
        ^^^^^^^^^^^^^^^^^^^^^^^^^^^^^^^^^^^^^^^^^^^^^^^^^^^^^^^^
        self.response_cache, self.data_tracker
        ^^^^^^^^^^^^^^^^^^^^^^^^^^^^^^^^^^^^^^
    )
    ^
  File "/Users/macbookpro_ronald/Documents/Personal/Projects/bruce_springsteen_monitor/src/core/components.py", line 174, in __init__
    self.detection_patterns = self._compile_detection_patterns()
                              ~~~~~~~~~~~~~~~~~~~~~~~~~~~~~~~~^^
  File "/Users/macbookpro_ronald/Documents/Personal/Projects/bruce_springsteen_monitor/src/core/components.py", line 223, in _compile_detection_patterns
    patterns_from_config = self.monitor_config.get('detection_patterns', {})
                           ^^^^^^^^^^^^^^^^^^^
AttributeError: 'ProfileAwareLightweightMonitor' object has no attribute 'monitor_config'
2025-06-03 22:30:30.531 | CRITICAL | src.core.orchestrator          | run                  | Cannot run - initialization failed
2025-06-03 22:30:30.543 | INFO     | __main__                       | async_main_logic     | Bot session duration: 0.14 seconds
2025-06-03 22:30:30.543 | INFO     | __main__                       | async_main_logic     | Initiating secure shutdown sequence...
2025-06-03 22:30:30.543 | INFO     | src.core.orchestrator          | graceful_shutdown    | UnifiedOrchestrator graceful_shutdown called.
2025-06-03 22:30:30.543 | INFO     | src.core.orchestrator          | shutdown_tasks       | Shutting down background tasks...
2025-06-03 22:30:30.543 | INFO     | src.core.orchestrator          | shutdown_tasks       | Background tasks shutdown complete.
2025-06-03 22:30:43.614 | INFO     | __main__                       | setup_logging        | Stealth logging initialized. Level: INFO
2025-06-03 22:30:43.614 | INFO     | __main__                       | main_cli             | ============================================================
2025-06-03 22:30:43.614 | INFO     | __main__                       | main_cli             | 🥷 Ultra-Stealth Ticket System v4.0 Starting
2025-06-03 22:30:43.615 | INFO     | __main__                       | main_cli             | Mode: ADAPTIVE
2025-06-03 22:30:43.615 | INFO     | __main__                       | main_cli             | Config: /Users/macbookpro_ronald/Documents/Personal/Projects/bruce_springsteen_monitor/config/config.yaml
2025-06-03 22:30:43.615 | INFO     | __main__                       | main_cli             | Profiles: auto
2025-06-03 22:30:43.615 | INFO     | __main__                       | main_cli             | Python: 3.13.2
2025-06-03 22:30:43.615 | INFO     | __main__                       | main_cli             | ============================================================
2025-06-03 22:30:43.615 | INFO     | __main__                       | main_cli             | Active targets: 3
2025-06-03 22:30:43.615 | INFO     | __main__                       | main_cli             | Running pre-flight stealth checks...
2025-06-03 22:30:43.730 | INFO     | src.core.orchestrator          | __init__             | 🚀 UnifiedOrchestrator v4.0 initialized - Mode: adaptive
2025-06-03 22:30:43.730 | INFO     | src.core.orchestrator          | initialize_subsystems | 🔧 Initializing orchestrator subsystems...
2025-06-03 22:30:43.734 | INFO     | src.profiles.manager           | __init__             | ProfileManager initialized. Target: 20 profiles, 5 per platform
2025-06-03 22:30:43.737 | INFO     | src.profiles.persistence       | load_profiles        | Loading profiles from 2025-06-03T16:12:23.401583
2025-06-03 22:30:43.739 | INFO     | src.profiles.manager           | _initialize_profile_pool | Loaded 20 profiles from disk
2025-06-03 22:30:43.739 | INFO     | src.profiles.manager           | _initialize_profile_pool | Profile pool initialized. Distribution: {}
2025-06-03 22:30:43.739 | INFO     | src.profiles.manager           | start_background_tasks | Background tasks started
2025-06-03 22:30:43.740 | INFO     | src.profiles.manager           | initialize           | ProfileManager fully initialized
2025-06-03 22:30:43.740 | INFO     | src.core.orchestrator          | initialize_subsystems | ✅ ProfileManager: 20 profiles loaded
2025-06-03 22:30:43.740 | INFO     | src.core.managers              | __init__             | ConnectionPoolManager initialized with max_connections=10, max_keepalive=5
2025-06-03 22:30:43.740 | INFO     | src.core.orchestrator          | initialize_subsystems | ✅ ConnectionPoolManager: Pre-warmed connections
2025-06-03 22:30:43.740 | INFO     | src.core.managers              | __init__             | ResponseCache initialized with max_size: 100 MB
2025-06-03 22:30:43.740 | INFO     | src.core.orchestrator          | initialize_subsystems | ✅ ResponseCache: 100MB capacity
2025-06-03 22:30:43.740 | INFO     | src.core.managers              | __init__             | SmartBrowserContextManager initialized. Stealth script: src/core/stealth_init.js
2025-06-03 22:30:43.740 | INFO     | src.core.orchestrator          | initialize_subsystems | ✅ SmartBrowserContextManager: Ready
2025-06-03 22:30:43.740 | CRITICAL | src.core.orchestrator          | initialize_subsystems | Subsystem initialization failed: 'ProfileAwareLightweightMonitor' object has no attribute 'monitor_config'
Traceback (most recent call last):
  File "/Users/macbookpro_ronald/Documents/Personal/Projects/bruce_springsteen_monitor/src/core/orchestrator.py", line 264, in initialize_subsystems
    self.monitor = ProfileAwareLightweightMonitor(
                   ~~~~~~~~~~~~~~~~~~~~~~~~~~~~~~^
        self.config, self.profile_manager, self.connection_pool,
        ^^^^^^^^^^^^^^^^^^^^^^^^^^^^^^^^^^^^^^^^^^^^^^^^^^^^^^^^
        self.response_cache, self.data_tracker
        ^^^^^^^^^^^^^^^^^^^^^^^^^^^^^^^^^^^^^^
    )
    ^
  File "/Users/macbookpro_ronald/Documents/Personal/Projects/bruce_springsteen_monitor/src/core/components.py", line 174, in __init__
    self.detection_patterns = self._compile_detection_patterns()
                              ~~~~~~~~~~~~~~~~~~~~~~~~~~~~~~~~^^
  File "/Users/macbookpro_ronald/Documents/Personal/Projects/bruce_springsteen_monitor/src/core/components.py", line 223, in _compile_detection_patterns
    patterns_from_config = self.monitor_config.get('detection_patterns', {})
                           ^^^^^^^^^^^^^^^^^^^
AttributeError: 'ProfileAwareLightweightMonitor' object has no attribute 'monitor_config'
2025-06-03 22:30:43.741 | CRITICAL | src.core.orchestrator          | run                  | Cannot run - initialization failed
2025-06-03 22:30:43.753 | INFO     | __main__                       | async_main_logic     | Bot session duration: 0.14 seconds
2025-06-03 22:30:43.753 | INFO     | __main__                       | async_main_logic     | Initiating secure shutdown sequence...
2025-06-03 22:30:43.753 | INFO     | src.core.orchestrator          | graceful_shutdown    | UnifiedOrchestrator graceful_shutdown called.
2025-06-03 22:30:43.753 | INFO     | src.core.orchestrator          | shutdown_tasks       | Shutting down background tasks...
2025-06-03 22:30:43.753 | INFO     | src.core.orchestrator          | shutdown_tasks       | Background tasks shutdown complete.
2025-06-03 22:33:54.432 | INFO     | __main__                       | setup_logging        | Stealth logging initialized. Level: INFO
2025-06-03 22:33:54.432 | INFO     | __main__                       | main_cli             | ============================================================
2025-06-03 22:33:54.432 | INFO     | __main__                       | main_cli             | 🥷 Ultra-Stealth Ticket System v4.0 Starting
2025-06-03 22:33:54.432 | INFO     | __main__                       | main_cli             | Mode: ADAPTIVE
2025-06-03 22:33:54.432 | INFO     | __main__                       | main_cli             | Config: /Users/macbookpro_ronald/Documents/Personal/Projects/bruce_springsteen_monitor/config/config.yaml
2025-06-03 22:33:54.432 | INFO     | __main__                       | main_cli             | Profiles: auto
2025-06-03 22:33:54.432 | INFO     | __main__                       | main_cli             | Python: 3.13.2
2025-06-03 22:33:54.432 | INFO     | __main__                       | main_cli             | ============================================================
2025-06-03 22:33:54.432 | INFO     | __main__                       | main_cli             | Active targets: 3
2025-06-03 22:33:54.433 | INFO     | __main__                       | main_cli             | Running pre-flight stealth checks...
2025-06-03 22:33:54.556 | INFO     | src.core.orchestrator          | __init__             | 🚀 UnifiedOrchestrator v4.0 initialized - Mode: adaptive
2025-06-03 22:33:54.556 | INFO     | src.core.orchestrator          | initialize_subsystems | 🔧 Initializing orchestrator subsystems...
2025-06-03 22:33:54.561 | INFO     | src.profiles.manager           | __init__             | ProfileManager initialized. Target: 20 profiles, 5 per platform
2025-06-03 22:33:54.564 | INFO     | src.profiles.persistence       | load_profiles        | Loading profiles from 2025-06-03T16:12:23.401583
2025-06-03 22:33:54.566 | INFO     | src.profiles.manager           | _initialize_profile_pool | Loaded 20 profiles from disk
2025-06-03 22:33:54.566 | INFO     | src.profiles.manager           | _initialize_profile_pool | Profile pool initialized. Distribution: {}
2025-06-03 22:33:54.566 | INFO     | src.profiles.manager           | start_background_tasks | Background tasks started
2025-06-03 22:33:54.566 | INFO     | src.profiles.manager           | initialize           | ProfileManager fully initialized
2025-06-03 22:33:54.566 | INFO     | src.core.orchestrator          | initialize_subsystems | ✅ ProfileManager: 20 profiles loaded
2025-06-03 22:33:54.566 | INFO     | src.core.managers              | __init__             | ConnectionPoolManager initialized with max_connections=10, max_keepalive=5
2025-06-03 22:33:54.566 | INFO     | src.core.orchestrator          | initialize_subsystems | ✅ ConnectionPoolManager: Pre-warmed connections
2025-06-03 22:33:54.567 | INFO     | src.core.managers              | __init__             | ResponseCache initialized with max_size: 100 MB
2025-06-03 22:33:54.567 | INFO     | src.core.orchestrator          | initialize_subsystems | ✅ ResponseCache: 100MB capacity
2025-06-03 22:33:54.567 | INFO     | src.core.managers              | __init__             | SmartBrowserContextManager initialized. Stealth script: src/core/stealth_init.js
2025-06-03 22:33:54.567 | INFO     | src.core.orchestrator          | initialize_subsystems | ✅ SmartBrowserContextManager: Ready
2025-06-03 22:33:54.568 | INFO     | src.core.components            | __init__             | ProfileAwareLightweightMonitor initialized with 3 platform patterns
2025-06-03 22:33:54.568 | INFO     | src.core.orchestrator          | initialize_subsystems | ✅ ProfileAwareLightweightMonitor: Configured
2025-06-03 22:33:54.568 | INFO     | src.core.orchestrator          | initialize_subsystems | ✅ ProfileIntegratedStrikeForce: Armed
2025-06-03 22:33:54.568 | INFO     | src.core.orchestrator          | initialize_subsystems | ✨ All subsystems initialized successfully
2025-06-03 22:33:54.568 | CRITICAL | src.core.orchestrator          | initialize_subsystems | Subsystem initialization failed: 'UnifiedOrchestrator' object has no attribute '_log_system_state'
Traceback (most recent call last):
  File "/Users/macbookpro_ronald/Documents/Personal/Projects/bruce_springsteen_monitor/src/core/orchestrator.py", line 280, in initialize_subsystems
    await self._log_system_state()
          ^^^^^^^^^^^^^^^^^^^^^^
AttributeError: 'UnifiedOrchestrator' object has no attribute '_log_system_state'
2025-06-03 22:33:54.569 | CRITICAL | src.core.orchestrator          | run                  | Cannot run - initialization failed
2025-06-03 22:33:54.582 | INFO     | __main__                       | async_main_logic     | Bot session duration: 0.15 seconds
2025-06-03 22:33:54.582 | INFO     | __main__                       | async_main_logic     | Initiating secure shutdown sequence...
2025-06-03 22:33:54.582 | INFO     | src.core.orchestrator          | graceful_shutdown    | UnifiedOrchestrator graceful_shutdown called.
2025-06-03 22:33:54.582 | INFO     | src.core.orchestrator          | shutdown_tasks       | Shutting down background tasks...
2025-06-03 22:33:54.582 | INFO     | src.core.orchestrator          | shutdown_tasks       | Background tasks shutdown complete.
2025-06-03 22:36:01.542 | INFO     | __main__                       | setup_logging        | Stealth logging initialized. Level: INFO
2025-06-03 22:36:01.542 | INFO     | __main__                       | main_cli             | ============================================================
2025-06-03 22:36:01.542 | INFO     | __main__                       | main_cli             | 🥷 Ultra-Stealth Ticket System v4.0 Starting
2025-06-03 22:36:01.542 | INFO     | __main__                       | main_cli             | Mode: ADAPTIVE
2025-06-03 22:36:01.542 | INFO     | __main__                       | main_cli             | Config: /Users/macbookpro_ronald/Documents/Personal/Projects/bruce_springsteen_monitor/config/config.yaml
2025-06-03 22:36:01.542 | INFO     | __main__                       | main_cli             | Profiles: auto
2025-06-03 22:36:01.542 | INFO     | __main__                       | main_cli             | Python: 3.13.2
2025-06-03 22:36:01.542 | INFO     | __main__                       | main_cli             | ============================================================
2025-06-03 22:36:01.542 | INFO     | __main__                       | main_cli             | Active targets: 3
2025-06-03 22:36:01.543 | INFO     | __main__                       | main_cli             | Running pre-flight stealth checks...
2025-06-03 22:36:01.792 | INFO     | src.core.orchestrator          | __init__             | 🚀 UnifiedOrchestrator v4.0 initialized - Mode: adaptive
2025-06-03 22:36:01.792 | INFO     | src.core.orchestrator          | initialize_subsystems | 🔧 Initializing orchestrator subsystems...
2025-06-03 22:36:01.798 | INFO     | src.profiles.manager           | __init__             | ProfileManager initialized. Target: 20 profiles, 5 per platform
2025-06-03 22:36:01.801 | INFO     | src.profiles.persistence       | load_profiles        | Loading profiles from 2025-06-03T16:12:23.401583
2025-06-03 22:36:01.804 | INFO     | src.profiles.manager           | _initialize_profile_pool | Loaded 20 profiles from disk
2025-06-03 22:36:01.804 | INFO     | src.profiles.manager           | _initialize_profile_pool | Profile pool initialized. Distribution: {}
2025-06-03 22:36:01.804 | INFO     | src.profiles.manager           | start_background_tasks | Background tasks started
2025-06-03 22:36:01.804 | INFO     | src.profiles.manager           | initialize           | ProfileManager fully initialized
2025-06-03 22:36:01.804 | INFO     | src.core.orchestrator          | initialize_subsystems | ✅ ProfileManager: 20 profiles loaded
2025-06-03 22:36:01.804 | INFO     | src.core.managers              | __init__             | ConnectionPoolManager initialized with max_connections=10, max_keepalive=5
2025-06-03 22:36:01.804 | INFO     | src.core.orchestrator          | initialize_subsystems | ✅ ConnectionPoolManager: Pre-warmed connections
2025-06-03 22:36:01.804 | INFO     | src.core.managers              | __init__             | ResponseCache initialized with max_size: 100 MB
2025-06-03 22:36:01.804 | INFO     | src.core.orchestrator          | initialize_subsystems | ✅ ResponseCache: 100MB capacity
2025-06-03 22:36:01.804 | INFO     | src.core.managers              | __init__             | SmartBrowserContextManager initialized. Stealth script: src/core/stealth_init.js
2025-06-03 22:36:01.804 | INFO     | src.core.orchestrator          | initialize_subsystems | ✅ SmartBrowserContextManager: Ready
2025-06-03 22:36:01.805 | INFO     | src.core.components            | __init__             | ProfileAwareLightweightMonitor initialized with 3 platform patterns
2025-06-03 22:36:01.805 | INFO     | src.core.orchestrator          | initialize_subsystems | ✅ ProfileAwareLightweightMonitor: Configured
2025-06-03 22:36:01.805 | INFO     | src.core.orchestrator          | initialize_subsystems | ✅ ProfileIntegratedStrikeForce: Armed
2025-06-03 22:36:01.805 | INFO     | src.core.orchestrator          | initialize_subsystems | ✨ All subsystems initialized successfully
2025-06-03 22:36:01.805 | INFO     | src.core.orchestrator          | run                  | 🏃 Starting main execution loop - Mode: ADAPTIVE
2025-06-03 22:36:01.805 | INFO     | src.core.orchestrator          | _apply_mode_specific_settings | Applied adaptive mode settings: Strikes=3, Monitors=10
2025-06-03 22:36:01.818 | INFO     | src.core.orchestrator          | _monitoring_loop     | Monitoring loop started
2025-06-03 22:36:01.818 | INFO     | src.core.orchestrator          | _strike_processor_loop | Strike processor started
2025-06-03 22:36:01.818 | INFO     | src.core.orchestrator          | _metrics_reporter_loop | Metrics reporter started (interval: 60s)
2025-06-03 22:36:01.818 | INFO     | src.core.orchestrator          | _adaptive_optimizer_loop | Adaptive optimizer started (interval: 300s)
2025-06-03 22:36:01.818 | INFO     | src.core.orchestrator          | _health_monitor_loop | Health monitor started
2025-06-03 22:36:01.922 | INFO     | src.core.orchestrator          | _cache_maintenance_loop | Cache maintenance started
2025-06-03 22:36:01.922 | ERROR    | src.core.orchestrator          | _cache_maintenance_loop | Cache maintenance error: 'ResponseCache' object has no attribute 'clear_old_entries'
Traceback (most recent call last):
  File "/Users/macbookpro_ronald/Documents/Personal/Projects/bruce_springsteen_monitor/src/core/orchestrator.py", line 850, in _cache_maintenance_loop
    cleared = await self.response_cache.clear_old_entries(max_age_seconds=300)
                    ^^^^^^^^^^^^^^^^^^^^^^^^^^^^^^^^^^^^^
AttributeError: 'ResponseCache' object has no attribute 'clear_old_entries'
2025-06-03 22:36:01.924 | INFO     | src.core.orchestrator          | _monitor_single_target_loop | Monitoring: Bruce Springsteen Milano 2025 (FS) on fansale (Priority: CRITICAL)
2025-06-03 22:36:01.924 | ERROR    | src.core.orchestrator          | _monitor_single_target_loop | Error monitoring Bruce Springsteen Milano 2025 (FS): 'ProfileAwareLightweightMonitor' object has no attribute 'request_timestamps'
Traceback (most recent call last):
  File "/Users/macbookpro_ronald/Documents/Personal/Projects/bruce_springsteen_monitor/src/core/orchestrator.py", line 516, in _monitor_single_target_loop
    opportunities = await self.monitor.check_ultra_efficient(
                    ^^^^^^^^^^^^^^^^^^^^^^^^^^^^^^^^^^^^^^^^^
        platform, url, event_name, priority
        ^^^^^^^^^^^^^^^^^^^^^^^^^^^^^^^^^^^
    )
    ^
  File "/Users/macbookpro_ronald/Documents/Personal/Projects/bruce_springsteen_monitor/src/core/components.py", line 533, in check_ultra_efficient
    await self._enforce_rate_limiting()
  File "/Users/macbookpro_ronald/Documents/Personal/Projects/bruce_springsteen_monitor/src/core/components.py", line 653, in _enforce_rate_limiting
    self.request_timestamps.append(now)
    ^^^^^^^^^^^^^^^^^^^^^^^
AttributeError: 'ProfileAwareLightweightMonitor' object has no attribute 'request_timestamps'
2025-06-03 22:36:01.924 | INFO     | src.core.orchestrator          | _monitor_single_target_loop | Monitoring: Bruce Springsteen San Siro 2025 (TM) on ticketmaster (Priority: HIGH)
2025-06-03 22:36:01.924 | ERROR    | src.core.orchestrator          | _monitor_single_target_loop | Error monitoring Bruce Springsteen San Siro 2025 (TM): 'ProfileAwareLightweightMonitor' object has no attribute 'request_timestamps'
Traceback (most recent call last):
  File "/Users/macbookpro_ronald/Documents/Personal/Projects/bruce_springsteen_monitor/src/core/orchestrator.py", line 516, in _monitor_single_target_loop
    opportunities = await self.monitor.check_ultra_efficient(
                    ^^^^^^^^^^^^^^^^^^^^^^^^^^^^^^^^^^^^^^^^^
        platform, url, event_name, priority
        ^^^^^^^^^^^^^^^^^^^^^^^^^^^^^^^^^^^
    )
    ^
  File "/Users/macbookpro_ronald/Documents/Personal/Projects/bruce_springsteen_monitor/src/core/components.py", line 533, in check_ultra_efficient
    await self._enforce_rate_limiting()
  File "/Users/macbookpro_ronald/Documents/Personal/Projects/bruce_springsteen_monitor/src/core/components.py", line 653, in _enforce_rate_limiting
    self.request_timestamps.append(now)
    ^^^^^^^^^^^^^^^^^^^^^^^
AttributeError: 'ProfileAwareLightweightMonitor' object has no attribute 'request_timestamps'
2025-06-03 22:36:01.925 | INFO     | src.core.orchestrator          | _monitor_single_target_loop | Monitoring: Bruce Springsteen Resale (VT) on vivaticket (Priority: NORMAL)
2025-06-03 22:36:01.925 | ERROR    | src.core.orchestrator          | _monitor_single_target_loop | Error monitoring Bruce Springsteen Resale (VT): 'ProfileAwareLightweightMonitor' object has no attribute 'request_timestamps'
Traceback (most recent call last):
  File "/Users/macbookpro_ronald/Documents/Personal/Projects/bruce_springsteen_monitor/src/core/orchestrator.py", line 516, in _monitor_single_target_loop
    opportunities = await self.monitor.check_ultra_efficient(
                    ^^^^^^^^^^^^^^^^^^^^^^^^^^^^^^^^^^^^^^^^^
        platform, url, event_name, priority
        ^^^^^^^^^^^^^^^^^^^^^^^^^^^^^^^^^^^
    )
    ^
  File "/Users/macbookpro_ronald/Documents/Personal/Projects/bruce_springsteen_monitor/src/core/components.py", line 533, in check_ultra_efficient
    await self._enforce_rate_limiting()
  File "/Users/macbookpro_ronald/Documents/Personal/Projects/bruce_springsteen_monitor/src/core/components.py", line 653, in _enforce_rate_limiting
    self.request_timestamps.append(now)
    ^^^^^^^^^^^^^^^^^^^^^^^
AttributeError: 'ProfileAwareLightweightMonitor' object has no attribute 'request_timestamps'
2025-06-03 22:37:01.820 | ERROR    | src.core.orchestrator          | _metrics_reporter_loop | Metrics reporter error: 'ResponseCache' object has no attribute 'current_size_mb'
Traceback (most recent call last):
  File "/Users/macbookpro_ronald/Documents/Personal/Projects/bruce_springsteen_monitor/src/core/orchestrator.py", line 898, in _metrics_reporter_loop
    report = self._generate_metrics_report()
  File "/Users/macbookpro_ronald/Documents/Personal/Projects/bruce_springsteen_monitor/src/core/orchestrator.py", line 958, in _generate_metrics_report
    f"Size={self.response_cache.current_size_mb if self.response_cache else 0:.1f}MB",
            ^^^^^^^^^^^^^^^^^^^^^^^^^^^^^^^^^^^
AttributeError: 'ResponseCache' object has no attribute 'current_size_mb'. Did you mean: 'current_size_bytes'?
2025-06-03 22:37:10.655 | ERROR    | src.core.orchestrator          | _monitor_single_target_loop | Error monitoring Bruce Springsteen Milano 2025 (FS): 'ProfileAwareLightweightMonitor' object has no attribute 'request_timestamps'
Traceback (most recent call last):
  File "/Users/macbookpro_ronald/Documents/Personal/Projects/bruce_springsteen_monitor/src/core/orchestrator.py", line 516, in _monitor_single_target_loop
    opportunities = await self.monitor.check_ultra_efficient(
                    ^^^^^^^^^^^^^^^^^^^^^^^^^^^^^^^^^^^^^^^^^
        platform, url, event_name, priority
        ^^^^^^^^^^^^^^^^^^^^^^^^^^^^^^^^^^^
    )
    ^
  File "/Users/macbookpro_ronald/Documents/Personal/Projects/bruce_springsteen_monitor/src/core/components.py", line 533, in check_ultra_efficient
    await self._enforce_rate_limiting()
  File "/Users/macbookpro_ronald/Documents/Personal/Projects/bruce_springsteen_monitor/src/core/components.py", line 653, in _enforce_rate_limiting
    self.request_timestamps.append(now)
    ^^^^^^^^^^^^^^^^^^^^^^^
AttributeError: 'ProfileAwareLightweightMonitor' object has no attribute 'request_timestamps'
2025-06-03 22:37:44.173 | ERROR    | src.core.orchestrator          | _monitor_single_target_loop | Error monitoring Bruce Springsteen San Siro 2025 (TM): 'ProfileAwareLightweightMonitor' object has no attribute 'request_timestamps'
Traceback (most recent call last):
  File "/Users/macbookpro_ronald/Documents/Personal/Projects/bruce_springsteen_monitor/src/core/orchestrator.py", line 516, in _monitor_single_target_loop
    opportunities = await self.monitor.check_ultra_efficient(
                    ^^^^^^^^^^^^^^^^^^^^^^^^^^^^^^^^^^^^^^^^^
        platform, url, event_name, priority
        ^^^^^^^^^^^^^^^^^^^^^^^^^^^^^^^^^^^
    )
    ^
  File "/Users/macbookpro_ronald/Documents/Personal/Projects/bruce_springsteen_monitor/src/core/components.py", line 533, in check_ultra_efficient
    await self._enforce_rate_limiting()
  File "/Users/macbookpro_ronald/Documents/Personal/Projects/bruce_springsteen_monitor/src/core/components.py", line 653, in _enforce_rate_limiting
    self.request_timestamps.append(now)
    ^^^^^^^^^^^^^^^^^^^^^^^
AttributeError: 'ProfileAwareLightweightMonitor' object has no attribute 'request_timestamps'
2025-06-03 22:38:01.825 | ERROR    | src.core.orchestrator          | _metrics_reporter_loop | Metrics reporter error: 'ResponseCache' object has no attribute 'current_size_mb'
Traceback (most recent call last):
  File "/Users/macbookpro_ronald/Documents/Personal/Projects/bruce_springsteen_monitor/src/core/orchestrator.py", line 898, in _metrics_reporter_loop
    report = self._generate_metrics_report()
  File "/Users/macbookpro_ronald/Documents/Personal/Projects/bruce_springsteen_monitor/src/core/orchestrator.py", line 958, in _generate_metrics_report
    f"Size={self.response_cache.current_size_mb if self.response_cache else 0:.1f}MB",
            ^^^^^^^^^^^^^^^^^^^^^^^^^^^^^^^^^^^
AttributeError: 'ResponseCache' object has no attribute 'current_size_mb'. Did you mean: 'current_size_bytes'?
2025-06-03 22:38:01.926 | ERROR    | src.core.orchestrator          | _cache_maintenance_loop | Cache maintenance error: 'ResponseCache' object has no attribute 'clear_old_entries'
Traceback (most recent call last):
  File "/Users/macbookpro_ronald/Documents/Personal/Projects/bruce_springsteen_monitor/src/core/orchestrator.py", line 850, in _cache_maintenance_loop
    cleared = await self.response_cache.clear_old_entries(max_age_seconds=300)
                    ^^^^^^^^^^^^^^^^^^^^^^^^^^^^^^^^^^^^^
AttributeError: 'ResponseCache' object has no attribute 'clear_old_entries'
2025-06-03 22:38:17.797 | ERROR    | src.core.orchestrator          | _monitor_single_target_loop | Error monitoring Bruce Springsteen Milano 2025 (FS): 'ProfileAwareLightweightMonitor' object has no attribute 'request_timestamps'
Traceback (most recent call last):
  File "/Users/macbookpro_ronald/Documents/Personal/Projects/bruce_springsteen_monitor/src/core/orchestrator.py", line 516, in _monitor_single_target_loop
    opportunities = await self.monitor.check_ultra_efficient(
                    ^^^^^^^^^^^^^^^^^^^^^^^^^^^^^^^^^^^^^^^^^
        platform, url, event_name, priority
        ^^^^^^^^^^^^^^^^^^^^^^^^^^^^^^^^^^^
    )
    ^
  File "/Users/macbookpro_ronald/Documents/Personal/Projects/bruce_springsteen_monitor/src/core/components.py", line 533, in check_ultra_efficient
    await self._enforce_rate_limiting()
  File "/Users/macbookpro_ronald/Documents/Personal/Projects/bruce_springsteen_monitor/src/core/components.py", line 653, in _enforce_rate_limiting
    self.request_timestamps.append(now)
    ^^^^^^^^^^^^^^^^^^^^^^^
AttributeError: 'ProfileAwareLightweightMonitor' object has no attribute 'request_timestamps'
2025-06-03 22:38:59.691 | ERROR    | src.core.orchestrator          | _monitor_single_target_loop | Error monitoring Bruce Springsteen Resale (VT): 'ProfileAwareLightweightMonitor' object has no attribute 'request_timestamps'
Traceback (most recent call last):
  File "/Users/macbookpro_ronald/Documents/Personal/Projects/bruce_springsteen_monitor/src/core/orchestrator.py", line 516, in _monitor_single_target_loop
    opportunities = await self.monitor.check_ultra_efficient(
                    ^^^^^^^^^^^^^^^^^^^^^^^^^^^^^^^^^^^^^^^^^
        platform, url, event_name, priority
        ^^^^^^^^^^^^^^^^^^^^^^^^^^^^^^^^^^^
    )
    ^
  File "/Users/macbookpro_ronald/Documents/Personal/Projects/bruce_springsteen_monitor/src/core/components.py", line 533, in check_ultra_efficient
    await self._enforce_rate_limiting()
  File "/Users/macbookpro_ronald/Documents/Personal/Projects/bruce_springsteen_monitor/src/core/components.py", line 653, in _enforce_rate_limiting
    self.request_timestamps.append(now)
    ^^^^^^^^^^^^^^^^^^^^^^^
AttributeError: 'ProfileAwareLightweightMonitor' object has no attribute 'request_timestamps'
2025-06-03 22:39:01.828 | ERROR    | src.core.orchestrator          | _metrics_reporter_loop | Metrics reporter error: 'ResponseCache' object has no attribute 'current_size_mb'
Traceback (most recent call last):
  File "/Users/macbookpro_ronald/Documents/Personal/Projects/bruce_springsteen_monitor/src/core/orchestrator.py", line 898, in _metrics_reporter_loop
    report = self._generate_metrics_report()
  File "/Users/macbookpro_ronald/Documents/Personal/Projects/bruce_springsteen_monitor/src/core/orchestrator.py", line 958, in _generate_metrics_report
    f"Size={self.response_cache.current_size_mb if self.response_cache else 0:.1f}MB",
            ^^^^^^^^^^^^^^^^^^^^^^^^^^^^^^^^^^^
AttributeError: 'ResponseCache' object has no attribute 'current_size_mb'. Did you mean: 'current_size_bytes'?
2025-06-03 22:39:12.130 | ERROR    | src.core.orchestrator          | _monitor_single_target_loop | Error monitoring Bruce Springsteen San Siro 2025 (TM): 'ProfileAwareLightweightMonitor' object has no attribute 'request_timestamps'
Traceback (most recent call last):
  File "/Users/macbookpro_ronald/Documents/Personal/Projects/bruce_springsteen_monitor/src/core/orchestrator.py", line 516, in _monitor_single_target_loop
    opportunities = await self.monitor.check_ultra_efficient(
                    ^^^^^^^^^^^^^^^^^^^^^^^^^^^^^^^^^^^^^^^^^
        platform, url, event_name, priority
        ^^^^^^^^^^^^^^^^^^^^^^^^^^^^^^^^^^^
    )
    ^
  File "/Users/macbookpro_ronald/Documents/Personal/Projects/bruce_springsteen_monitor/src/core/components.py", line 533, in check_ultra_efficient
    await self._enforce_rate_limiting()
  File "/Users/macbookpro_ronald/Documents/Personal/Projects/bruce_springsteen_monitor/src/core/components.py", line 653, in _enforce_rate_limiting
    self.request_timestamps.append(now)
    ^^^^^^^^^^^^^^^^^^^^^^^
AttributeError: 'ProfileAwareLightweightMonitor' object has no attribute 'request_timestamps'
2025-06-03 22:39:20.867 | ERROR    | src.core.orchestrator          | _monitor_single_target_loop | Error monitoring Bruce Springsteen Milano 2025 (FS): 'ProfileAwareLightweightMonitor' object has no attribute 'request_timestamps'
Traceback (most recent call last):
  File "/Users/macbookpro_ronald/Documents/Personal/Projects/bruce_springsteen_monitor/src/core/orchestrator.py", line 516, in _monitor_single_target_loop
    opportunities = await self.monitor.check_ultra_efficient(
                    ^^^^^^^^^^^^^^^^^^^^^^^^^^^^^^^^^^^^^^^^^
        platform, url, event_name, priority
        ^^^^^^^^^^^^^^^^^^^^^^^^^^^^^^^^^^^
    )
    ^
  File "/Users/macbookpro_ronald/Documents/Personal/Projects/bruce_springsteen_monitor/src/core/components.py", line 533, in check_ultra_efficient
    await self._enforce_rate_limiting()
  File "/Users/macbookpro_ronald/Documents/Personal/Projects/bruce_springsteen_monitor/src/core/components.py", line 653, in _enforce_rate_limiting
    self.request_timestamps.append(now)
    ^^^^^^^^^^^^^^^^^^^^^^^
AttributeError: 'ProfileAwareLightweightMonitor' object has no attribute 'request_timestamps'
2025-06-03 22:40:01.831 | ERROR    | src.core.orchestrator          | _metrics_reporter_loop | Metrics reporter error: 'ResponseCache' object has no attribute 'current_size_mb'
Traceback (most recent call last):
  File "/Users/macbookpro_ronald/Documents/Personal/Projects/bruce_springsteen_monitor/src/core/orchestrator.py", line 898, in _metrics_reporter_loop
    report = self._generate_metrics_report()
  File "/Users/macbookpro_ronald/Documents/Personal/Projects/bruce_springsteen_monitor/src/core/orchestrator.py", line 958, in _generate_metrics_report
    f"Size={self.response_cache.current_size_mb if self.response_cache else 0:.1f}MB",
            ^^^^^^^^^^^^^^^^^^^^^^^^^^^^^^^^^^^
AttributeError: 'ResponseCache' object has no attribute 'current_size_mb'. Did you mean: 'current_size_bytes'?
2025-06-03 22:40:01.930 | ERROR    | src.core.orchestrator          | _cache_maintenance_loop | Cache maintenance error: 'ResponseCache' object has no attribute 'clear_old_entries'
Traceback (most recent call last):
  File "/Users/macbookpro_ronald/Documents/Personal/Projects/bruce_springsteen_monitor/src/core/orchestrator.py", line 850, in _cache_maintenance_loop
    cleared = await self.response_cache.clear_old_entries(max_age_seconds=300)
                    ^^^^^^^^^^^^^^^^^^^^^^^^^^^^^^^^^^^^^
AttributeError: 'ResponseCache' object has no attribute 'clear_old_entries'
2025-06-03 22:40:29.373 | ERROR    | src.core.orchestrator          | _monitor_single_target_loop | Error monitoring Bruce Springsteen Milano 2025 (FS): 'ProfileAwareLightweightMonitor' object has no attribute 'request_timestamps'
Traceback (most recent call last):
  File "/Users/macbookpro_ronald/Documents/Personal/Projects/bruce_springsteen_monitor/src/core/orchestrator.py", line 516, in _monitor_single_target_loop
    opportunities = await self.monitor.check_ultra_efficient(
                    ^^^^^^^^^^^^^^^^^^^^^^^^^^^^^^^^^^^^^^^^^
        platform, url, event_name, priority
        ^^^^^^^^^^^^^^^^^^^^^^^^^^^^^^^^^^^
    )
    ^
  File "/Users/macbookpro_ronald/Documents/Personal/Projects/bruce_springsteen_monitor/src/core/components.py", line 533, in check_ultra_efficient
    await self._enforce_rate_limiting()
  File "/Users/macbookpro_ronald/Documents/Personal/Projects/bruce_springsteen_monitor/src/core/components.py", line 653, in _enforce_rate_limiting
    self.request_timestamps.append(now)
    ^^^^^^^^^^^^^^^^^^^^^^^
AttributeError: 'ProfileAwareLightweightMonitor' object has no attribute 'request_timestamps'
2025-06-03 22:40:53.329 | ERROR    | src.core.orchestrator          | _monitor_single_target_loop | Error monitoring Bruce Springsteen San Siro 2025 (TM): 'ProfileAwareLightweightMonitor' object has no attribute 'request_timestamps'
Traceback (most recent call last):
  File "/Users/macbookpro_ronald/Documents/Personal/Projects/bruce_springsteen_monitor/src/core/orchestrator.py", line 516, in _monitor_single_target_loop
    opportunities = await self.monitor.check_ultra_efficient(
                    ^^^^^^^^^^^^^^^^^^^^^^^^^^^^^^^^^^^^^^^^^
        platform, url, event_name, priority
        ^^^^^^^^^^^^^^^^^^^^^^^^^^^^^^^^^^^
    )
    ^
  File "/Users/macbookpro_ronald/Documents/Personal/Projects/bruce_springsteen_monitor/src/core/components.py", line 533, in check_ultra_efficient
    await self._enforce_rate_limiting()
  File "/Users/macbookpro_ronald/Documents/Personal/Projects/bruce_springsteen_monitor/src/core/components.py", line 653, in _enforce_rate_limiting
    self.request_timestamps.append(now)
    ^^^^^^^^^^^^^^^^^^^^^^^
AttributeError: 'ProfileAwareLightweightMonitor' object has no attribute 'request_timestamps'
2025-06-03 22:41:01.835 | ERROR    | src.core.orchestrator          | _metrics_reporter_loop | Metrics reporter error: 'ResponseCache' object has no attribute 'current_size_mb'
Traceback (most recent call last):
  File "/Users/macbookpro_ronald/Documents/Personal/Projects/bruce_springsteen_monitor/src/core/orchestrator.py", line 898, in _metrics_reporter_loop
    report = self._generate_metrics_report()
  File "/Users/macbookpro_ronald/Documents/Personal/Projects/bruce_springsteen_monitor/src/core/orchestrator.py", line 958, in _generate_metrics_report
    f"Size={self.response_cache.current_size_mb if self.response_cache else 0:.1f}MB",
            ^^^^^^^^^^^^^^^^^^^^^^^^^^^^^^^^^^^
AttributeError: 'ResponseCache' object has no attribute 'current_size_mb'. Did you mean: 'current_size_bytes'?
2025-06-03 22:41:35.512 | ERROR    | src.core.orchestrator          | _monitor_single_target_loop | Error monitoring Bruce Springsteen Milano 2025 (FS): 'ProfileAwareLightweightMonitor' object has no attribute 'request_timestamps'
Traceback (most recent call last):
  File "/Users/macbookpro_ronald/Documents/Personal/Projects/bruce_springsteen_monitor/src/core/orchestrator.py", line 516, in _monitor_single_target_loop
    opportunities = await self.monitor.check_ultra_efficient(
                    ^^^^^^^^^^^^^^^^^^^^^^^^^^^^^^^^^^^^^^^^^
        platform, url, event_name, priority
        ^^^^^^^^^^^^^^^^^^^^^^^^^^^^^^^^^^^
    )
    ^
  File "/Users/macbookpro_ronald/Documents/Personal/Projects/bruce_springsteen_monitor/src/core/components.py", line 533, in check_ultra_efficient
    await self._enforce_rate_limiting()
  File "/Users/macbookpro_ronald/Documents/Personal/Projects/bruce_springsteen_monitor/src/core/components.py", line 653, in _enforce_rate_limiting
    self.request_timestamps.append(now)
    ^^^^^^^^^^^^^^^^^^^^^^^
AttributeError: 'ProfileAwareLightweightMonitor' object has no attribute 'request_timestamps'
