2025-06-01 19:02:44 | INFO     | __main__                       | main                 | ============================================================
2025-06-01 19:02:44 | INFO     | __main__                       | main                 | ULTRA NEXT-GEN UNIFIED TICKET SYSTEM v2.0
2025-06-01 19:02:44 | INFO     | __main__                       | main                 | Mode: ADAPTIVE
2025-06-01 19:02:44 | INFO     | __main__                       | main                 | Python: 3.13.2
2025-06-01 19:02:44 | INFO     | __main__                       | main                 | Config: config/config.yaml
2025-06-01 19:02:44 | INFO     | __main__                       | main                 | Data Limits: {'global_limit_mb': 5000, 'session_limit_mb': 1000, 'optimization_thresholds': {'aggressive_trigger_percent': 80, 'emergency_trigger_percent': 95}}
2025-06-01 19:02:44 | INFO     | __main__                       | main                 | ============================================================
2025-06-01 19:02:44 | INFO     | __main__                       | main                 | Monitoring 2 targets
2025-06-01 19:02:45 | INFO     | __main__                       | initialize           | 🚀 Initializing Unified Orchestrator 2.0 in adaptive mode
2025-06-01 19:02:45 | CRITICAL | __main__                       | initialize           | Failed to initialize: ProfileManagerConfig() takes no arguments
Traceback (most recent call last):
  File "/Users/macbookpro_ronald/Documents/Personal/Projects/bruce_springsteen_monitor/src/main.py", line 1493, in initialize
    self.profile_manager = create_profile_manager_from_config(str(CONFIG_FILE))
                           ~~~~~~~~~~~~~~~~~~~~~~~~~~~~~~~~~~^^^^^^^^^^^^^^^^^^
  File "/Users/macbookpro_ronald/Documents/Personal/Projects/bruce_springsteen_monitor/src/core/browser_profiles.py", line 206, in create_profile_manager_from_config
    pm_config = ProfileManagerConfig(
        num_target_profiles=pm_settings.get('num_profiles', 10),
    ...<4 lines>...
        max_pool_size_multiplier=pm_settings.get('max_pool_multiplier', 1.5)
    )
TypeError: ProfileManagerConfig() takes no arguments
2025-06-01 19:02:45 | CRITICAL | __main__                       | run                  | Initialization failed, cannot proceed
2025-06-01 19:02:45 | INFO     | __main__                       | shutdown             | Shutting down Unified Orchestrator...
2025-06-01 19:02:45 | INFO     | __main__                       | shutdown             | Total runtime: 0.0 minutes
2025-06-01 19:02:45 | INFO     | __main__                       | shutdown             | Total data used: 0.0 MB
2025-06-01 19:02:45 | INFO     | __main__                       | shutdown             | Data saved by optimization: 0.0 MB
2025-06-01 19:02:45 | INFO     | __main__                       | shutdown             | Shutdown complete
2025-06-01 19:02:45 | INFO     | __main__                       | main                 | System shutdown complete
2025-06-01 19:02:57 | INFO     | __main__                       | main                 | ============================================================
2025-06-01 19:02:57 | INFO     | __main__                       | main                 | ULTRA NEXT-GEN UNIFIED TICKET SYSTEM v2.0
2025-06-01 19:02:57 | INFO     | __main__                       | main                 | Mode: ADAPTIVE
2025-06-01 19:02:57 | INFO     | __main__                       | main                 | Python: 3.13.2
2025-06-01 19:02:57 | INFO     | __main__                       | main                 | Config: config/config.yaml
2025-06-01 19:02:57 | INFO     | __main__                       | main                 | Data Limits: {'global_limit_mb': 5000, 'session_limit_mb': 1000, 'optimization_thresholds': {'aggressive_trigger_percent': 80, 'emergency_trigger_percent': 95}}
2025-06-01 19:02:57 | INFO     | __main__                       | main                 | ============================================================
2025-06-01 19:02:57 | INFO     | __main__                       | main                 | Monitoring 2 targets
2025-06-01 19:02:57 | INFO     | __main__                       | initialize           | 🚀 Initializing Unified Orchestrator 2.0 in adaptive mode
2025-06-01 19:02:57 | CRITICAL | __main__                       | initialize           | Failed to initialize: ProfileManagerConfig() takes no arguments
Traceback (most recent call last):
  File "/Users/macbookpro_ronald/Documents/Personal/Projects/bruce_springsteen_monitor/src/main.py", line 1493, in initialize
    self.profile_manager = create_profile_manager_from_config(str(CONFIG_FILE))
                           ~~~~~~~~~~~~~~~~~~~~~~~~~~~~~~~~~~^^^^^^^^^^^^^^^^^^
  File "/Users/macbookpro_ronald/Documents/Personal/Projects/bruce_springsteen_monitor/src/core/browser_profiles.py", line 206, in create_profile_manager_from_config
    pm_config = ProfileManagerConfig(
        num_target_profiles=pm_settings.get('num_profiles', 10),
    ...<4 lines>...
        max_pool_size_multiplier=pm_settings.get('max_pool_multiplier', 1.5)
    )
TypeError: ProfileManagerConfig() takes no arguments
2025-06-01 19:02:57 | CRITICAL | __main__                       | run                  | Initialization failed, cannot proceed
2025-06-01 19:02:57 | INFO     | __main__                       | shutdown             | Shutting down Unified Orchestrator...
2025-06-01 19:02:57 | INFO     | __main__                       | shutdown             | Total runtime: 0.0 minutes
2025-06-01 19:02:57 | INFO     | __main__                       | shutdown             | Total data used: 0.0 MB
2025-06-01 19:02:57 | INFO     | __main__                       | shutdown             | Data saved by optimization: 0.0 MB
2025-06-01 19:02:57 | INFO     | __main__                       | shutdown             | Shutdown complete
2025-06-01 19:02:57 | INFO     | __main__                       | main                 | System shutdown complete
2025-06-01 20:16:12 | INFO     | __main__                       | main                 | ============================================================
2025-06-01 20:16:12 | INFO     | __main__                       | main                 | ULTRA NEXT-GEN UNIFIED TICKET SYSTEM v2.0
2025-06-01 20:16:12 | INFO     | __main__                       | main                 | Mode: ADAPTIVE
2025-06-01 20:16:12 | INFO     | __main__                       | main                 | Python: 3.13.2
2025-06-01 20:16:12 | INFO     | __main__                       | main                 | Config: config/config.yaml
2025-06-01 20:16:12 | INFO     | __main__                       | main                 | Data Limits: {'global_limit_mb': 5000, 'session_limit_mb': 1000, 'optimization_thresholds': {'aggressive_trigger_percent': 80, 'emergency_trigger_percent': 95}}
2025-06-01 20:16:12 | INFO     | __main__                       | main                 | ============================================================
2025-06-01 20:16:12 | INFO     | __main__                       | main                 | Monitoring 2 targets
2025-06-01 20:16:12 | INFO     | __main__                       | initialize           | 🚀 Initializing Unified Orchestrator 2.0 in adaptive mode
2025-06-01 20:16:12 | INFO     | core.browser_profiles          | __init__             | ProfileManager V2 initialized. Target: 20 profiles, 5 per platform
2025-06-01 20:16:12 | CRITICAL | __main__                       | initialize           | Failed to initialize: 'ProfileManager' object has no attribute 'initialize'
Traceback (most recent call last):
  File "/Users/macbookpro_ronald/Documents/Personal/Projects/bruce_springsteen_monitor/src/main.py", line 1494, in initialize
    await self.profile_manager.initialize()
          ^^^^^^^^^^^^^^^^^^^^^^^^^^^^^^^
AttributeError: 'ProfileManager' object has no attribute 'initialize'
2025-06-01 20:16:12 | CRITICAL | __main__                       | run                  | Initialization failed, cannot proceed
2025-06-01 20:16:12 | INFO     | core.browser_profiles          | _initialize_profile_pool | Creating 20 new profiles
2025-06-01 20:16:12 | INFO     | core.browser_profiles          | _initialize_profile_pool | Profile pool initialized. Distribution: {'fansale': ['fansale_2fd6a354', 'fansale_4424313a', 'fansale_eb8877ae', 'fansale_8926ccbf', 'fansale_78ddc532', 'fansale_1b1a2531', 'fansale_f69d8372'], 'ticketmaster': ['ticketmaster_916fdb8b', 'ticketmaster_da45f8c6', 'ticketmaster_e07bc7aa', 'ticketmaster_6b0b9f95', 'ticketmaster_feeeade0', 'ticketmaster_c7701a2f', 'ticketmaster_af5fa130'], 'vivaticket': ['vivaticket_89fd1a5d', 'vivaticket_1e159166', 'vivaticket_6058c309', 'vivaticket_4cd596ac', 'vivaticket_82742ac5', 'vivaticket_08656a9c']}
2025-06-01 20:16:12 | INFO     | __main__                       | shutdown             | Shutting down Unified Orchestrator...
2025-06-01 20:16:12 | CRITICAL | __main__                       | main                 | Unhandled exception: 'ProfileManager' object has no attribute 'shutdown'
Traceback (most recent call last):
  File "/Users/macbookpro_ronald/Documents/Personal/Projects/bruce_springsteen_monitor/src/main.py", line 2106, in main
    asyncio.run(async_main(config, _stop_event))
    ~~~~~~~~~~~^^^^^^^^^^^^^^^^^^^^^^^^^^^^^^^^^
  File "/Library/Frameworks/Python.framework/Versions/3.13/lib/python3.13/asyncio/runners.py", line 195, in run
    return runner.run(main)
           ~~~~~~~~~~^^^^^^
  File "/Library/Frameworks/Python.framework/Versions/3.13/lib/python3.13/asyncio/runners.py", line 118, in run
    return self._loop.run_until_complete(task)
           ~~~~~~~~~~~~~~~~~~~~~~~~~~~~~^^^^^^
  File "/Library/Frameworks/Python.framework/Versions/3.13/lib/python3.13/asyncio/base_events.py", line 725, in run_until_complete
    return future.result()
           ~~~~~~~~~~~~~^^
  File "/Users/macbookpro_ronald/Documents/Personal/Projects/bruce_springsteen_monitor/src/main.py", line 1888, in async_main
    await _orchestrator_instance.shutdown()
  File "/Users/macbookpro_ronald/Documents/Personal/Projects/bruce_springsteen_monitor/src/main.py", line 1822, in shutdown
    await self.profile_manager.shutdown()
          ^^^^^^^^^^^^^^^^^^^^^^^^^^^^^
AttributeError: 'ProfileManager' object has no attribute 'shutdown'
2025-06-01 20:16:12 | INFO     | __main__                       | main                 | System shutdown complete
2025-06-02 19:28:12 | INFO     | __main__                       | main                 | ============================================================
2025-06-02 19:28:12 | INFO     | __main__                       | main                 | ULTRA NEXT-GEN UNIFIED TICKET SYSTEM v3.0
2025-06-02 19:28:12 | INFO     | __main__                       | main                 | Mode: ADAPTIVE
2025-06-02 19:28:12 | INFO     | __main__                       | main                 | Python: 3.13.2
2025-06-02 19:28:12 | INFO     | __main__                       | main                 | Config: config/config.yaml
2025-06-02 19:28:12 | INFO     | __main__                       | main                 | Data Limits: {'global_limit_mb': 5000, 'session_limit_mb': 1000, 'optimization_thresholds': {'aggressive_trigger_percent': 80, 'emergency_trigger_percent': 95}}
2025-06-02 19:28:12 | INFO     | __main__                       | main                 | ============================================================
2025-06-02 19:28:12 | INFO     | __main__                       | main                 | Monitoring 2 targets
2025-06-02 19:28:12 | INFO     | __main__                       | initialize           | 🚀 Initializing Unified Orchestrator 3.0 in adaptive mode
2025-06-02 19:28:12 | CRITICAL | __main__                       | initialize           | Failed to initialize: create_profile_manager_from_config() got an unexpected keyword argument 'config_overrides'
Traceback (most recent call last):
  File "/Users/macbookpro_ronald/Documents/Personal/Projects/bruce_springsteen_monitor/src/main.py", line 1202, in initialize
    self.profile_manager = create_profile_manager_from_config(
                           ~~~~~~~~~~~~~~~~~~~~~~~~~~~~~~~~~~^
        str(CONFIG_FILE),
        ^^^^^^^^^^^^^^^^^
        config_overrides=self.config.get('profile_manager', {})
        ^^^^^^^^^^^^^^^^^^^^^^^^^^^^^^^^^^^^^^^^^^^^^^^^^^^^^^^
    )
    ^
TypeError: create_profile_manager_from_config() got an unexpected keyword argument 'config_overrides'
2025-06-02 19:28:12 | CRITICAL | __main__                       | run                  | Initialization failed, cannot proceed
2025-06-02 19:28:12 | INFO     | __main__                       | shutdown             | Shutting down Unified Orchestrator...
2025-06-02 19:28:12 | INFO     | __main__                       | shutdown             | Total runtime: 0.0 minutes
2025-06-02 19:28:12 | INFO     | __main__                       | shutdown             | Total data used: 0.0 MB
2025-06-02 19:28:12 | INFO     | __main__                       | shutdown             | Data saved: 0.0 MB
2025-06-02 19:28:12 | INFO     | __main__                       | shutdown             | Shutdown complete
2025-06-02 19:28:12 | INFO     | __main__                       | main                 | System shutdown complete
2025-06-02 19:28:25 | INFO     | __main__                       | main                 | ============================================================
2025-06-02 19:28:25 | INFO     | __main__                       | main                 | ULTRA NEXT-GEN UNIFIED TICKET SYSTEM v3.0
2025-06-02 19:28:25 | INFO     | __main__                       | main                 | Mode: ADAPTIVE
2025-06-02 19:28:25 | INFO     | __main__                       | main                 | Python: 3.13.2
2025-06-02 19:28:25 | INFO     | __main__                       | main                 | Config: config/config.yaml
2025-06-02 19:28:25 | INFO     | __main__                       | main                 | Data Limits: {'global_limit_mb': 5000, 'session_limit_mb': 1000, 'optimization_thresholds': {'aggressive_trigger_percent': 80, 'emergency_trigger_percent': 95}}
2025-06-02 19:28:25 | INFO     | __main__                       | main                 | ============================================================
2025-06-02 19:28:25 | INFO     | __main__                       | main                 | Monitoring 2 targets
2025-06-02 19:28:25 | INFO     | __main__                       | initialize           | 🚀 Initializing Unified Orchestrator 3.0 in adaptive mode
2025-06-02 19:28:25 | CRITICAL | __main__                       | initialize           | Failed to initialize: create_profile_manager_from_config() got an unexpected keyword argument 'config_overrides'
Traceback (most recent call last):
  File "/Users/macbookpro_ronald/Documents/Personal/Projects/bruce_springsteen_monitor/src/main.py", line 1202, in initialize
    self.profile_manager = create_profile_manager_from_config(
                           ~~~~~~~~~~~~~~~~~~~~~~~~~~~~~~~~~~^
        str(CONFIG_FILE),
        ^^^^^^^^^^^^^^^^^
        config_overrides=self.config.get('profile_manager', {})
        ^^^^^^^^^^^^^^^^^^^^^^^^^^^^^^^^^^^^^^^^^^^^^^^^^^^^^^^
    )
    ^
TypeError: create_profile_manager_from_config() got an unexpected keyword argument 'config_overrides'
2025-06-02 19:28:25 | CRITICAL | __main__                       | run                  | Initialization failed, cannot proceed
2025-06-02 19:28:25 | INFO     | __main__                       | shutdown             | Shutting down Unified Orchestrator...
2025-06-02 19:28:25 | INFO     | __main__                       | shutdown             | Total runtime: 0.0 minutes
2025-06-02 19:28:25 | INFO     | __main__                       | shutdown             | Total data used: 0.0 MB
2025-06-02 19:28:25 | INFO     | __main__                       | shutdown             | Data saved: 0.0 MB
2025-06-02 19:28:25 | INFO     | __main__                       | shutdown             | Shutdown complete
2025-06-02 19:28:25 | INFO     | __main__                       | main                 | System shutdown complete
2025-06-02 20:01:20 | INFO     | __main__                       | main                 | ============================================================
2025-06-02 20:01:20 | INFO     | __main__                       | main                 | ULTRA NEXT-GEN UNIFIED TICKET SYSTEM v3.0
2025-06-02 20:01:20 | INFO     | __main__                       | main                 | Mode: ADAPTIVE
2025-06-02 20:01:20 | INFO     | __main__                       | main                 | Python: 3.13.2
2025-06-02 20:01:20 | INFO     | __main__                       | main                 | Config: config/config.yaml
2025-06-02 20:01:20 | INFO     | __main__                       | main                 | Data Limits: {'global_limit_mb': 5000, 'session_limit_mb': 1000, 'optimization_thresholds': {'aggressive_trigger_percent': 80, 'emergency_trigger_percent': 95}}
2025-06-02 20:01:20 | INFO     | __main__                       | main                 | ============================================================
2025-06-02 20:01:20 | INFO     | __main__                       | main                 | Monitoring 2 targets
2025-06-02 20:01:20 | INFO     | __main__                       | initialize           | 🚀 Initializing Unified Orchestrator 3.0 in adaptive mode
2025-06-02 20:01:20 | CRITICAL | __main__                       | initialize           | Failed to initialize: ProfileManagerConfig.__init__() got an unexpected keyword argument 'encryption_key_file'
Traceback (most recent call last):
  File "/Users/macbookpro_ronald/Documents/Personal/Projects/bruce_springsteen_monitor/src/main.py", line 1202, in initialize
    self.profile_manager = create_profile_manager_from_config(
                           ~~~~~~~~~~~~~~~~~~~~~~~~~~~~~~~~~~^
        str(CONFIG_FILE),
        ^^^^^^^^^^^^^^^^^
        config_overrides=self.config.get('profile_manager', {})
        ^^^^^^^^^^^^^^^^^^^^^^^^^^^^^^^^^^^^^^^^^^^^^^^^^^^^^^^
    )
    ^
  File "/Users/macbookpro_ronald/Documents/Personal/Projects/bruce_springsteen_monitor/src/profiles/utils.py", line 497, in create_profile_manager_from_config
    pm_config_obj = parse_profile_manager_config(final_config_for_parsing)
  File "/Users/macbookpro_ronald/Documents/Personal/Projects/bruce_springsteen_monitor/src/profiles/utils.py", line 50, in parse_profile_manager_config
    config = ProfileManagerConfig(
        # Pool settings
    ...<63 lines>...
        cooldowns_seconds=parse_cooldowns(pm_settings.get('cooldowns', {}))
    )
TypeError: ProfileManagerConfig.__init__() got an unexpected keyword argument 'encryption_key_file'
2025-06-02 20:01:20 | CRITICAL | __main__                       | run                  | Initialization failed, cannot proceed
2025-06-02 20:01:20 | INFO     | __main__                       | shutdown             | Shutting down Unified Orchestrator...
2025-06-02 20:01:20 | INFO     | __main__                       | shutdown             | Total runtime: 0.0 minutes
2025-06-02 20:01:20 | INFO     | __main__                       | shutdown             | Total data used: 0.0 MB
2025-06-02 20:01:20 | INFO     | __main__                       | shutdown             | Data saved: 0.0 MB
2025-06-02 20:01:20 | INFO     | __main__                       | shutdown             | Shutdown complete
2025-06-02 20:01:20 | INFO     | __main__                       | main                 | System shutdown complete
2025-06-02 20:01:40 | INFO     | __main__                       | main                 | ============================================================
2025-06-02 20:01:40 | INFO     | __main__                       | main                 | ULTRA NEXT-GEN UNIFIED TICKET SYSTEM v3.0
2025-06-02 20:01:40 | INFO     | __main__                       | main                 | Mode: ADAPTIVE
2025-06-02 20:01:40 | INFO     | __main__                       | main                 | Python: 3.13.2
2025-06-02 20:01:40 | INFO     | __main__                       | main                 | Config: config/config.yaml
2025-06-02 20:01:40 | INFO     | __main__                       | main                 | Data Limits: {'global_limit_mb': 5000, 'session_limit_mb': 1000, 'optimization_thresholds': {'aggressive_trigger_percent': 80, 'emergency_trigger_percent': 95}}
2025-06-02 20:01:40 | INFO     | __main__                       | main                 | ============================================================
2025-06-02 20:01:40 | INFO     | __main__                       | main                 | Monitoring 2 targets
2025-06-02 20:01:40 | INFO     | __main__                       | initialize           | 🚀 Initializing Unified Orchestrator 3.0 in adaptive mode
2025-06-02 20:01:40 | CRITICAL | __main__                       | initialize           | Failed to initialize: ProfileManagerConfig.__init__() got an unexpected keyword argument 'encryption_key_file'
Traceback (most recent call last):
  File "/Users/macbookpro_ronald/Documents/Personal/Projects/bruce_springsteen_monitor/src/main.py", line 1202, in initialize
    self.profile_manager = create_profile_manager_from_config(
                           ~~~~~~~~~~~~~~~~~~~~~~~~~~~~~~~~~~^
        str(CONFIG_FILE),
        ^^^^^^^^^^^^^^^^^
        config_overrides=self.config.get('profile_manager', {})
        ^^^^^^^^^^^^^^^^^^^^^^^^^^^^^^^^^^^^^^^^^^^^^^^^^^^^^^^
    )
    ^
  File "/Users/macbookpro_ronald/Documents/Personal/Projects/bruce_springsteen_monitor/src/profiles/utils.py", line 497, in create_profile_manager_from_config
    pm_config_obj = parse_profile_manager_config(final_config_for_parsing)
  File "/Users/macbookpro_ronald/Documents/Personal/Projects/bruce_springsteen_monitor/src/profiles/utils.py", line 50, in parse_profile_manager_config
    config = ProfileManagerConfig(
        # Pool settings
    ...<63 lines>...
        cooldowns_seconds=parse_cooldowns(pm_settings.get('cooldowns', {}))
    )
TypeError: ProfileManagerConfig.__init__() got an unexpected keyword argument 'encryption_key_file'
2025-06-02 20:01:40 | CRITICAL | __main__                       | run                  | Initialization failed, cannot proceed
2025-06-02 20:01:40 | INFO     | __main__                       | shutdown             | Shutting down Unified Orchestrator...
2025-06-02 20:01:40 | INFO     | __main__                       | shutdown             | Total runtime: 0.0 minutes
2025-06-02 20:01:40 | INFO     | __main__                       | shutdown             | Total data used: 0.0 MB
2025-06-02 20:01:40 | INFO     | __main__                       | shutdown             | Data saved: 0.0 MB
2025-06-02 20:01:40 | INFO     | __main__                       | shutdown             | Shutdown complete
2025-06-02 20:01:40 | INFO     | __main__                       | main                 | System shutdown complete
