2025-06-19 23:19:02,296 [INFO] Starting Fansale monitor for: https://www.fansale.it/fansale/tickets/all/bruce-springsteen/458554/17844388
2025-06-19 23:19:02,296 [INFO] Creating new browser instance...
2025-06-19 23:19:02,298 [INFO] Using proxy: geo.iproyal.com:12321
2025-06-19 23:19:03,522 [INFO] patching driver executable /Users/macbookpro_ronald/Library/Application Support/undetected_chromedriver/undetected_chromedriver
2025-06-19 23:19:10,686 [INFO] Loaded 8 cookies
2025-06-19 23:19:10,686 [INFO] Navigating to: https://www.fansale.it/fansale/tickets/all/bruce-springsteen/458554/17844388
2025-06-19 23:19:15,743 [WARNING] ⚠️  Blocked detected! (access denied) Count: 1
2025-06-19 23:19:15,743 [WARNING] Blocked! Waiting 120s...
2025-06-19 23:21:17,930 [INFO] Loaded 8 cookies
2025-06-19 23:21:17,931 [INFO] Navigating to: https://www.fansale.it/fansale/tickets/all/bruce-springsteen/458554/17844388
2025-06-19 23:21:21,075 [WARNING] ⚠️  Blocked detected! (access denied) Count: 2
2025-06-19 23:21:21,075 [WARNING] Blocked! Waiting 240s...
2025-06-19 23:25:23,256 [INFO] Loaded 8 cookies
2025-06-19 23:25:23,257 [INFO] Navigating to: https://www.fansale.it/fansale/tickets/all/bruce-springsteen/458554/17844388
2025-06-19 23:25:28,180 [WARNING] ⚠️  Blocked detected! (access denied) Count: 3
2025-06-19 23:25:28,180 [WARNING] Blocked! Waiting 300s...
2025-06-19 23:30:28,186 [INFO] Too many blocks, recreating browser...
2025-06-19 23:30:28,387 [INFO] Creating new browser instance...
2025-06-19 23:30:28,390 [INFO] Using proxy: geo.iproyal.com:12321
2025-06-19 23:30:28,775 [INFO] patching driver executable /Users/macbookpro_ronald/Library/Application Support/undetected_chromedriver/undetected_chromedriver
2025-06-19 23:30:35,309 [INFO] Loaded 8 cookies
2025-06-19 23:30:35,309 [INFO] Navigating to: https://www.fansale.it/fansale/tickets/all/bruce-springsteen/458554/17844388
2025-06-19 23:30:39,979 [WARNING] ⚠️  Blocked detected! (access denied) Count: 1
2025-06-19 23:30:39,980 [WARNING] Blocked! Waiting 120s...
2025-06-19 23:32:42,220 [INFO] Loaded 8 cookies
2025-06-19 23:32:42,221 [INFO] Navigating to: https://www.fansale.it/fansale/tickets/all/bruce-springsteen/458554/17844388
2025-06-19 23:32:45,980 [WARNING] ⚠️  Blocked detected! (access denied) Count: 2
2025-06-19 23:32:45,980 [WARNING] Blocked! Waiting 240s...
2025-06-19 23:36:48,151 [INFO] Loaded 8 cookies
2025-06-19 23:36:48,152 [INFO] Navigating to: https://www.fansale.it/fansale/tickets/all/bruce-springsteen/458554/17844388
2025-06-19 23:36:52,277 [WARNING] ⚠️  Blocked detected! (access denied) Count: 3
2025-06-19 23:36:52,277 [WARNING] Blocked! Waiting 300s...
